Logger task: logger
1671188124 | INFO  | tagionwave: Register: tagionwave logger
1671188124 | INFO  | heartbeat: Register: heartbeat logger
1671188124 | INFO  | heartbeat: Start the heart beat
1671188124 | INFO  | logsubscription: Register: logsubscription logger
1671188124 | INFO  | logsubscription: Start service port=10700 addresss=0.0.0.0
1671188124 | INFO  | local-tagion: Register: local-tagion logger
1671188124 | INFO  | logsubscriptionservice: Register: logsubscriptionservice logger
1671188124 | INFO  | logsubscriptionservice: Run SSLServiceAPI. Certificate=pem_files/domain.pem, ssl_options.private_key=pem_files/domain.key.pem
1671188124 | INFO  | responselogsubscriptionservice: Register: responselogsubscriptionservice logger
1671188124 | TRACE | local-tagion: owner_task_name local-tagion internal_task_name local-tagionnet
1671188124 | TRACE | local-tagion: Hashgraph pubkey=0390b82619c52f7c
1671188124 | INFO  | discovery: Register: discovery logger
1671188124 | INFO  | discovery-internal: Register: discovery-internal logger
1671188125 | TRACE | discovery-internal: AddressBook.opIndexAssign 0390b82619c52f7c:33
1671188125 | INFO  | discovery-internal: File Discovery started
1671188125 | TRACE | discovery-internal: update 1 0390b82619c52f7c
1671188126 | TRACE | discovery-internal: FILE NETWORK READY 11 < 11 (true) done = false
1671188126 | TRACE | local-tagion: Network discovered ready
1671188126 | TRACE | discovery-internal: FILE NETWORK READY 11 < 11 (true) done = false
1671188126 | TRACE | local-tagion: Start sync addressbook.numOfActiveNodes : 11
1671188126 | TRACE | local-tagion: Before sync ready addressbook.numOfActiveNodes : 11
1671188126 | INFO  | tagion.dart: Register: tagion.dart logger
1671188126 | INFO  | local-tagion: Received ctrl: LIVE
1671188126 | INFO  | dart.sync: Register: dart.sync logger
1671188126 | INFO  | dart.sync: DART file created with filename: /home/moonbase/tagion_network/data/dart-04.drt
1671188126 | INFO  | dart.sync: DART initialized with angle: (0, 0)
1671188126 | INFO  | dart.sync: DART bullseye: 
1671188126 | INFO  | local-tagion: Received ctrl: LIVE
1671188126 | TRACE | dart.sync: syncPool.start active 11 isReady true
1671188126 | ERROR | dart.sync: Connection failed with code: InternalError
1671188126 | ERROR | dart.sync: Connection failed with code: InternalError
1671188126 | ERROR | dart.sync: Connection failed with code: InternalError
1671188126 | ERROR | dart.sync: Connection failed with code: InternalError
1671188126 | ERROR | dart.sync: Connection failed with code: InternalError
1671188126 | ERROR | dart.sync: Connection failed with code: InternalError
1671188126 | ERROR | dart.sync: Connection failed with code: InternalError
1671188126 | ERROR | dart.sync: Connection failed with code: InternalError
1671188126 | ERROR | dart.sync: Connection failed with code: InternalError
1671188127 | ERROR | dart.sync: Connection failed with code: InternalError
1671188127 | ERROR | dart.sync: Connection failed with code: InternalError
1671188127 | ERROR | dart.sync: Connection failed with code: InternalError
1671188127 | ERROR | dart.sync: Connection failed with code: InternalError
1671188127 | ERROR | dart.sync: Connection failed with code: InternalError
1671188127 | ERROR | dart.sync: Connection failed with code: InternalError
1671188127 | ERROR | dart.sync: Connection failed with code: InternalError
1671188127 | ERROR | dart.sync: Connection failed with code: InternalError
1671188127 | ERROR | dart.sync: Connection failed with code: InternalError
1671188127 | ERROR | dart.sync: Connection failed with code: InternalError
1671188127 | ERROR | dart.sync: Connection failed with code: InternalError
1671188127 | INFO  | dart.sync: exit scope: call stop
1671188127 | INFO  | dart.sync: Stop dart sync pool
1671188127 | FATAL | dart.sync: From task dart.sync 'Size of rims should have a size of 1 or more'
1671188127 | FATAL | dart.sync: core.exception.AssertError@/home/asus/work/tagion_new/tagion/src/lib-dart/tagion/dart/DARTFile.d(596): Size of rims should have a size of 1 or more
----------------
??:? [0x559f59450b65]
??:? [0x559f5947a906]
??:? [0x559f5945a4df]
??:? [0x559f5944fc66]
??:? [0x559f587c3d52]
??:? [0x559f587bc7d6]
??:? [0x559f587bc64c]
??:? [0x559f587bceb4]
??:? [0x559f587bcbd1]
??:? [0x559f59451fea]
1671188127 | FATAL | dart.sync: core.exception.AssertError@/home/asus/work/tagion_new/tagion/src/lib-dart/tagion/dart/DARTFile.d(596): Size of rims should have a size of 1 or more
----------------
??:? [0x559f59450b65]
??:? [0x559f5947a906]
??:? [0x559f5945a4df]
??:? [0x559f5944fc66]
??:? [0x559f587c3d52]
??:? [0x559f587bc7d6]
??:? [0x559f587bc64c]
??:? [0x559f587bceb4]
??:? [0x559f587bcbd1]
??:? [0x559f59451fea]
1671188127 | FATAL | dart.sync: ??:? [0x559f59450b65]
??:? [0x559f5947a906]
??:? [0x559f5945a4df]
??:? [0x559f5944fc66]
??:? [0x559f587c3d52]
??:? [0x559f587bc7d6]
??:? [0x559f587bc64c]
??:? [0x559f587bceb4]
??:? [0x559f587bcbd1]
??:? [0x559f59451fea]
