Logger task: logger
1671188122 | INFO  | tagionwave: Register: tagionwave logger
1671188122 | INFO  | heartbeat: Register: heartbeat logger
1671188122 | INFO  | heartbeat: Start the heart beat
1671188122 | INFO  | logsubscription: Register: logsubscription logger
1671188122 | INFO  | logsubscription: Start service port=10700 addresss=0.0.0.0
1671188122 | INFO  | local-tagion: Register: local-tagion logger
1671188122 | INFO  | logsubscriptionservice: Register: logsubscriptionservice logger
1671188122 | INFO  | logsubscriptionservice: Run SSLServiceAPI. Certificate=pem_files/domain.pem, ssl_options.private_key=pem_files/domain.key.pem
1671188122 | INFO  | responselogsubscriptionservice: Register: responselogsubscriptionservice logger
1671188123 | TRACE | local-tagion: owner_task_name local-tagion internal_task_name local-tagionnet
1671188123 | TRACE | local-tagion: Hashgraph pubkey=02e4d7627c662cf7
1671188123 | INFO  | discovery: Register: discovery logger
1671188123 | INFO  | discovery-internal: Register: discovery-internal logger
1671188123 | TRACE | discovery-internal: AddressBook.opIndexAssign 02e4d7627c662cf7:33
1671188123 | INFO  | discovery-internal: File Discovery started
1671188123 | TRACE | discovery-internal: update 1 02e4d7627c662cf7
1671188123 | TRACE | discovery-internal: FILE NETWORK READY 11 < 11 (true) done = false
1671188123 | TRACE | local-tagion: Network discovered ready
1671188123 | TRACE | discovery-internal: FILE NETWORK READY 11 < 11 (true) done = false
1671188123 | TRACE | local-tagion: Start sync addressbook.numOfActiveNodes : 11
1671188123 | TRACE | local-tagion: Before sync ready addressbook.numOfActiveNodes : 11
1671188123 | INFO  | tagion.dart: Register: tagion.dart logger
1671188123 | INFO  | local-tagion: Received ctrl: LIVE
1671188123 | INFO  | dart.sync: Register: dart.sync logger
1671188123 | INFO  | dart.sync: DART file created with filename: /home/moonbase/tagion_network/data/dart-02.drt
1671188123 | INFO  | dart.sync: DART initialized with angle: (0, 0)
1671188123 | INFO  | dart.sync: DART bullseye: 
1671188123 | INFO  | local-tagion: Received ctrl: LIVE
1671188123 | TRACE | dart.sync: syncPool.start active 11 isReady true
1671188123 | ERROR | dart.sync: Connection failed with code: InternalError
1671188123 | ERROR | dart.sync: Connection failed with code: InternalError
1671188123 | ERROR | dart.sync: Connection failed with code: InternalError
1671188123 | ERROR | dart.sync: Connection failed with code: InternalError
1671188123 | ERROR | dart.sync: Connection failed with code: InternalError
1671188123 | ERROR | dart.sync: Connection failed with code: InternalError
1671188123 | ERROR | dart.sync: Connection failed with code: InternalError
1671188123 | ERROR | dart.sync: Connection failed with code: InternalError
1671188124 | ERROR | dart.sync: Connection failed with code: InternalError
1671188124 | ERROR | dart.sync: Connection failed with code: InternalError
1671188124 | ERROR | dart.sync: Connection failed with code: InternalError
1671188124 | ERROR | dart.sync: Connection failed with code: InternalError
1671188124 | ERROR | dart.sync: Connection failed with code: InternalError
1671188124 | INFO  | dart.sync: exit scope: call stop
1671188124 | INFO  | dart.sync: Stop dart sync pool
1671188124 | FATAL | dart.sync: From task dart.sync 'Size of rims should have a size of 1 or more'
1671188124 | FATAL | dart.sync: core.exception.AssertError@/home/asus/work/tagion_new/tagion/src/lib-dart/tagion/dart/DARTFile.d(596): Size of rims should have a size of 1 or more
----------------
??:? [0x5642e4f4ab65]
??:? [0x5642e4f74906]
??:? [0x5642e4f544df]
??:? [0x5642e4f49c66]
??:? [0x5642e42bdd52]
??:? [0x5642e42b67d6]
??:? [0x5642e42b664c]
??:? [0x5642e42b6eb4]
??:? [0x5642e42b6bd1]
??:? [0x5642e4f4bfea]
1671188124 | FATAL | dart.sync: core.exception.AssertError@/home/asus/work/tagion_new/tagion/src/lib-dart/tagion/dart/DARTFile.d(596): Size of rims should have a size of 1 or more
----------------
??:? [0x5642e4f4ab65]
??:? [0x5642e4f74906]
??:? [0x5642e4f544df]
??:? [0x5642e4f49c66]
??:? [0x5642e42bdd52]
??:? [0x5642e42b67d6]
??:? [0x5642e42b664c]
??:? [0x5642e42b6eb4]
??:? [0x5642e42b6bd1]
??:? [0x5642e4f4bfea]
1671188124 | FATAL | dart.sync: ??:? [0x5642e4f4ab65]
??:? [0x5642e4f74906]
??:? [0x5642e4f544df]
??:? [0x5642e4f49c66]
??:? [0x5642e42bdd52]
??:? [0x5642e42b67d6]
??:? [0x5642e42b664c]
??:? [0x5642e42b6eb4]
??:? [0x5642e42b6bd1]
??:? [0x5642e4f4bfea]
