Logger task: logger
1671188125 | INFO  | tagionwave: Register: tagionwave logger
1671188125 | INFO  | heartbeat: Register: heartbeat logger
1671188125 | INFO  | heartbeat: Start the heart beat
1671188125 | INFO  | logsubscription: Register: logsubscription logger
1671188125 | INFO  | logsubscription: Start service port=10700 addresss=0.0.0.0
1671188125 | INFO  | local-tagion: Register: local-tagion logger
1671188125 | INFO  | logsubscriptionservice: Register: logsubscriptionservice logger
1671188125 | INFO  | logsubscriptionservice: Run SSLServiceAPI. Certificate=pem_files/domain.pem, ssl_options.private_key=pem_files/domain.key.pem
1671188126 | INFO  | responselogsubscriptionservice: Register: responselogsubscriptionservice logger
1671188126 | TRACE | local-tagion: owner_task_name local-tagion internal_task_name local-tagionnet
1671188126 | TRACE | local-tagion: Hashgraph pubkey=031d26edffe0ef20
1671188126 | INFO  | discovery: Register: discovery logger
1671188126 | INFO  | discovery-internal: Register: discovery-internal logger
1671188126 | TRACE | discovery-internal: AddressBook.opIndexAssign 031d26edffe0ef20:33
1671188127 | INFO  | discovery-internal: File Discovery started
1671188127 | TRACE | discovery-internal: update 1 031d26edffe0ef20
1671188128 | TRACE | discovery-internal: FILE NETWORK READY 11 < 11 (true) done = false
1671188128 | TRACE | local-tagion: Network discovered ready
1671188128 | TRACE | discovery-internal: FILE NETWORK READY 11 < 11 (true) done = false
1671188128 | TRACE | local-tagion: Start sync addressbook.numOfActiveNodes : 11
1671188128 | TRACE | local-tagion: Before sync ready addressbook.numOfActiveNodes : 11
1671188128 | INFO  | tagion.dart: Register: tagion.dart logger
1671188128 | INFO  | local-tagion: Received ctrl: LIVE
1671188128 | INFO  | dart.sync: Register: dart.sync logger
1671188128 | INFO  | dart.sync: DART file created with filename: /home/moonbase/tagion_network/data/dart-05.drt
1671188128 | INFO  | dart.sync: DART initialized with angle: (0, 0)
1671188128 | INFO  | dart.sync: DART bullseye: 
1671188128 | INFO  | local-tagion: Received ctrl: LIVE
1671188128 | TRACE | dart.sync: syncPool.start active 11 isReady true
1671188128 | ERROR | dart.sync: Connection failed with code: InternalError
1671188128 | ERROR | dart.sync: Connection failed with code: InternalError
1671188128 | ERROR | dart.sync: Connection failed with code: InternalError
1671188128 | ERROR | dart.sync: Connection failed with code: InternalError
1671188128 | ERROR | dart.sync: Connection failed with code: InternalError
1671188128 | ERROR | dart.sync: Connection failed with code: InternalError
1671188128 | ERROR | dart.sync: Connection failed with code: InternalError
1671188128 | ERROR | dart.sync: Connection failed with code: InternalError
1671188128 | ERROR | dart.sync: Connection failed with code: InternalError
1671188128 | ERROR | dart.sync: Connection failed with code: InternalError
1671188129 | INFO  | dart.sync: exit scope: call stop
1671188129 | INFO  | dart.sync: Stop dart sync pool
1671188129 | FATAL | dart.sync: From task dart.sync 'Size of rims should have a size of 1 or more'
1671188129 | FATAL | dart.sync: core.exception.AssertError@/home/asus/work/tagion_new/tagion/src/lib-dart/tagion/dart/DARTFile.d(596): Size of rims should have a size of 1 or more
----------------
??:? [0x55656b28db65]
??:? [0x55656b2b7906]
??:? [0x55656b2974df]
??:? [0x55656b28cc66]
??:? [0x55656a600d52]
??:? [0x55656a5f97d6]
??:? [0x55656a5f964c]
??:? [0x55656a5f9eb4]
??:? [0x55656a5f9bd1]
??:? [0x55656b28efea]
1671188129 | FATAL | dart.sync: core.exception.AssertError@/home/asus/work/tagion_new/tagion/src/lib-dart/tagion/dart/DARTFile.d(596): Size of rims should have a size of 1 or more
----------------
??:? [0x55656b28db65]
??:? [0x55656b2b7906]
??:? [0x55656b2974df]
??:? [0x55656b28cc66]
??:? [0x55656a600d52]
??:? [0x55656a5f97d6]
??:? [0x55656a5f964c]
??:? [0x55656a5f9eb4]
??:? [0x55656a5f9bd1]
??:? [0x55656b28efea]
1671188129 | FATAL | dart.sync: ??:? [0x55656b28db65]
??:? [0x55656b2b7906]
??:? [0x55656b2974df]
??:? [0x55656b28cc66]
??:? [0x55656a600d52]
??:? [0x55656a5f97d6]
??:? [0x55656a5f964c]
??:? [0x55656a5f9eb4]
??:? [0x55656a5f9bd1]
??:? [0x55656b28efea]
