Logger task: logger
1671188122 | INFO  | tagionwave: Register: tagionwave logger
1671188122 | INFO  | heartbeat: Register: heartbeat logger
1671188122 | INFO  | heartbeat: Start the heart beat
1671188122 | INFO  | logsubscription: Register: logsubscription logger
1671188122 | INFO  | logsubscription: Start service port=10700 addresss=0.0.0.0
1671188122 | INFO  | local-tagion: Register: local-tagion logger
1671188122 | INFO  | logsubscriptionservice: Register: logsubscriptionservice logger
1671188122 | INFO  | logsubscriptionservice: Run SSLServiceAPI. Certificate=pem_files/domain.pem, ssl_options.private_key=pem_files/domain.key.pem
1671188122 | INFO  | responselogsubscriptionservice: Register: responselogsubscriptionservice logger
1671188123 | TRACE | local-tagion: owner_task_name local-tagion internal_task_name local-tagionnet
1671188123 | TRACE | local-tagion: Hashgraph pubkey=02a129493216004b
1671188123 | INFO  | discovery: Register: discovery logger
1671188123 | INFO  | discovery-internal: Register: discovery-internal logger
1671188123 | TRACE | discovery-internal: AddressBook.opIndexAssign 02a129493216004b:33
1671188123 | INFO  | discovery-internal: File Discovery started
1671188124 | TRACE | discovery-internal: update 1 02a129493216004b
1671188124 | TRACE | discovery-internal: FILE NETWORK READY 11 < 11 (true) done = false
1671188124 | TRACE | local-tagion: Network discovered ready
1671188124 | TRACE | discovery-internal: FILE NETWORK READY 11 < 11 (true) done = false
1671188124 | TRACE | local-tagion: Start sync addressbook.numOfActiveNodes : 11
1671188124 | TRACE | local-tagion: Before sync ready addressbook.numOfActiveNodes : 11
1671188124 | INFO  | dart.sync: Register: dart.sync logger
1671188124 | INFO  | tagion.dart: Register: tagion.dart logger
1671188124 | INFO  | local-tagion: Received ctrl: LIVE
1671188124 | INFO  | dart.sync: DART file created with filename: /home/moonbase/tagion_network/data/dart-03.drt
1671188124 | INFO  | dart.sync: DART initialized with angle: (0, 0)
1671188124 | INFO  | dart.sync: DART bullseye: 
1671188124 | INFO  | local-tagion: Received ctrl: LIVE
1671188124 | TRACE | dart.sync: syncPool.start active 11 isReady true
1671188124 | ERROR | dart.sync: Connection failed with code: InternalError
1671188124 | ERROR | dart.sync: Connection failed with code: InternalError
1671188124 | ERROR | dart.sync: Connection failed with code: InternalError
1671188125 | ERROR | dart.sync: Connection failed with code: InternalError
1671188125 | INFO  | dart.sync: exit scope: call stop
1671188125 | INFO  | dart.sync: Stop dart sync pool
1671188125 | FATAL | dart.sync: From task dart.sync 'Size of rims should have a size of 1 or more'
1671188125 | FATAL | dart.sync: core.exception.AssertError@/home/asus/work/tagion_new/tagion/src/lib-dart/tagion/dart/DARTFile.d(596): Size of rims should have a size of 1 or more
----------------
??:? [0x5627bfec9b65]
??:? [0x5627bfef3906]
??:? [0x5627bfed34df]
??:? [0x5627bfec8c66]
??:? [0x5627bf23cd52]
??:? [0x5627bf2357d6]
??:? [0x5627bf23564c]
??:? [0x5627bf235eb4]
??:? [0x5627bf235bd1]
??:? [0x5627bfecafea]
1671188125 | FATAL | dart.sync: core.exception.AssertError@/home/asus/work/tagion_new/tagion/src/lib-dart/tagion/dart/DARTFile.d(596): Size of rims should have a size of 1 or more
----------------
??:? [0x5627bfec9b65]
??:? [0x5627bfef3906]
??:? [0x5627bfed34df]
??:? [0x5627bfec8c66]
??:? [0x5627bf23cd52]
??:? [0x5627bf2357d6]
??:? [0x5627bf23564c]
??:? [0x5627bf235eb4]
??:? [0x5627bf235bd1]
??:? [0x5627bfecafea]
1671188125 | FATAL | dart.sync: ??:? [0x5627bfec9b65]
??:? [0x5627bfef3906]
??:? [0x5627bfed34df]
??:? [0x5627bfec8c66]
??:? [0x5627bf23cd52]
??:? [0x5627bf2357d6]
??:? [0x5627bf23564c]
??:? [0x5627bf235eb4]
??:? [0x5627bf235bd1]
??:? [0x5627bfecafea]
