Logger task: logger
1671188127 | INFO  | tagionwave: Register: tagionwave logger
1671188127 | INFO  | heartbeat: Register: heartbeat logger
1671188127 | INFO  | heartbeat: Start the heart beat
1671188127 | INFO  | logsubscription: Register: logsubscription logger
1671188127 | INFO  | logsubscription: Start service port=10700 addresss=0.0.0.0
1671188127 | INFO  | local-tagion: Register: local-tagion logger
1671188127 | INFO  | logsubscriptionservice: Register: logsubscriptionservice logger
1671188127 | INFO  | logsubscriptionservice: Run SSLServiceAPI. Certificate=pem_files/domain.pem, ssl_options.private_key=pem_files/domain.key.pem
1671188127 | INFO  | responselogsubscriptionservice: Register: responselogsubscriptionservice logger
1671188127 | TRACE | local-tagion: owner_task_name local-tagion internal_task_name local-tagionnet
1671188127 | TRACE | local-tagion: Hashgraph pubkey=03153effb3abc9a3
1671188127 | INFO  | discovery: Register: discovery logger
1671188127 | INFO  | discovery-internal: Register: discovery-internal logger
1671188127 | TRACE | discovery-internal: AddressBook.opIndexAssign 03153effb3abc9a3:33
1671188128 | INFO  | discovery-internal: File Discovery started
1671188128 | TRACE | discovery-internal: update 1 03153effb3abc9a3
1671188132 | TRACE | discovery-internal: FILE NETWORK READY 11 < 11 (true) done = false
1671188132 | TRACE | local-tagion: Network discovered ready
1671188132 | TRACE | discovery-internal: FILE NETWORK READY 11 < 11 (true) done = false
1671188132 | TRACE | local-tagion: Start sync addressbook.numOfActiveNodes : 11
1671188132 | TRACE | local-tagion: Before sync ready addressbook.numOfActiveNodes : 11
1671188132 | INFO  | tagion.dart: Register: tagion.dart logger
1671188132 | INFO  | local-tagion: Received ctrl: LIVE
1671188132 | INFO  | dart.sync: Register: dart.sync logger
1671188132 | INFO  | dart.sync: DART file created with filename: /home/moonbase/tagion_network/data/dart-06.drt
1671188132 | INFO  | dart.sync: DART initialized with angle: (0, 0)
1671188132 | INFO  | dart.sync: DART bullseye: 
1671188132 | INFO  | local-tagion: Received ctrl: LIVE
1671188132 | TRACE | dart.sync: syncPool.start active 11 isReady true
1671188132 | ERROR | dart.sync: Connection failed with code: InternalError
1671188132 | ERROR | dart.sync: Connection failed with code: InternalError
1671188132 | ERROR | dart.sync: Connection failed with code: InternalError
1671188132 | ERROR | dart.sync: Connection failed with code: InternalError
1671188132 | ERROR | dart.sync: Connection failed with code: InternalError
1671188132 | ERROR | dart.sync: Connection failed with code: InternalError
1671188132 | ERROR | dart.sync: Connection failed with code: InternalError
1671188132 | ERROR | dart.sync: Connection failed with code: InternalError
1671188132 | ERROR | dart.sync: Connection failed with code: InternalError
1671188132 | ERROR | dart.sync: Connection failed with code: InternalError
1671188132 | ERROR | dart.sync: Connection failed with code: InternalError
1671188132 | ERROR | dart.sync: Connection failed with code: InternalError
1671188133 | ERROR | dart.sync: Connection failed with code: InternalError
1671188133 | INFO  | dart.sync: exit scope: call stop
1671188133 | INFO  | dart.sync: Stop dart sync pool
1671188133 | FATAL | dart.sync: From task dart.sync 'Size of rims should have a size of 1 or more'
1671188133 | FATAL | dart.sync: core.exception.AssertError@/home/asus/work/tagion_new/tagion/src/lib-dart/tagion/dart/DARTFile.d(596): Size of rims should have a size of 1 or more
----------------
??:? [0x556e09211b65]
??:? [0x556e0923b906]
??:? [0x556e0921b4df]
??:? [0x556e09210c66]
??:? [0x556e08584d52]
??:? [0x556e0857d7d6]
??:? [0x556e0857d64c]
??:? [0x556e0857deb4]
??:? [0x556e0857dbd1]
??:? [0x556e09212fea]
1671188133 | FATAL | dart.sync: core.exception.AssertError@/home/asus/work/tagion_new/tagion/src/lib-dart/tagion/dart/DARTFile.d(596): Size of rims should have a size of 1 or more
----------------
??:? [0x556e09211b65]
??:? [0x556e0923b906]
??:? [0x556e0921b4df]
??:? [0x556e09210c66]
??:? [0x556e08584d52]
??:? [0x556e0857d7d6]
??:? [0x556e0857d64c]
??:? [0x556e0857deb4]
??:? [0x556e0857dbd1]
??:? [0x556e09212fea]
1671188133 | FATAL | dart.sync: ??:? [0x556e09211b65]
??:? [0x556e0923b906]
??:? [0x556e0921b4df]
??:? [0x556e09210c66]
??:? [0x556e08584d52]
??:? [0x556e0857d7d6]
??:? [0x556e0857d64c]
??:? [0x556e0857deb4]
??:? [0x556e0857dbd1]
??:? [0x556e09212fea]
