Waiting for logger
Logger started
Register: tagionwave logger

Register: heartbeat logger

Register: local-tagion logger

Register: discovery logger

Register: discovery-internal logger

Register: tagion.dart logger

Register: dart.sync logger

1671715306 | ERROR | dart.sync: Connection failed with code: InternalError
1671715306 | ERROR | dart.sync: Connection failed with code: InternalError
1671715306 | ERROR | dart.sync: Connection failed with code: InternalError
1671715307 | ERROR | dart.sync: Connection failed with code: InternalError
1671715307 | ERROR | dart.sync: Connection failed with code: InternalError
1671715307 | ERROR | dart.sync: Connection failed with code: InternalError
1671715307 | ERROR | dart.sync: Connection failed with code: InternalError
1671715307 | ERROR | dart.sync: Connection failed with code: InternalError
1671715307 | ERROR | dart.sync: Connection failed with code: InternalError
1671715307 | ERROR | dart.sync: Connection failed with code: InternalError
1671715307 | ERROR | dart.sync: Connection failed with code: InternalError
1671715307 | ERROR | dart.sync: Connection failed with code: InternalError
1671715307 | ERROR | dart.sync: Connection failed with code: InternalError
1671715307 | ERROR | dart.sync: Connection failed with code: InternalError
1671715307 | ERROR | dart.sync: Connection failed with code: InternalError
1671715307 | ERROR | dart.sync: Connection failed with code: InternalError
1671715307 | ERROR | dart.sync: Connection failed with code: InternalError
1671715307 | ERROR | dart.sync: Connection failed with code: InternalError
1671715307 | ERROR | dart.sync: Connection failed with code: InternalError
1671715307 | ERROR | dart.sync: Connection failed with code: InternalError
1671715307 | ERROR | dart.sync: Connection failed with code: InternalError
1671715307 | ERROR | dart.sync: Connection failed with code: InternalError
1671715307 | ERROR | dart.sync: Connection failed with code: InternalError
1671715307 | ERROR | dart.sync: Connection failed with code: InternalError
1671715308 | ERROR | dart.sync: Connection failed with code: InternalError
1671715308 | ERROR | dart.sync: Connection failed with code: InternalError
1671715308 | ERROR | dart.sync: Connection failed with code: InternalError
1671715308 | ERROR | dart.sync: Connection failed with code: InternalError
1671715308 | ERROR | dart.sync: Connection failed with code: InternalError
1671715308 | ERROR | dart.sync: Connection failed with code: InternalError
1671715308 | ERROR | dart.sync: Connection failed with code: InternalError
1671715308 | ERROR | dart.sync: Connection failed with code: InternalError
1671715308 | ERROR | dart.sync: Connection failed with code: InternalError
1671715308 | ERROR | dart.sync: Connection failed with code: InternalError
1671715308 | ERROR | dart.sync: Connection failed with code: InternalError
1671715308 | ERROR | dart.sync: Connection failed with code: InternalError
1671715308 | ERROR | dart.sync: Connection failed with code: InternalError
1671715308 | ERROR | dart.sync: Connection failed with code: InternalError
1671715308 | ERROR | dart.sync: Connection failed with code: InternalError
1671715308 | ERROR | dart.sync: Connection failed with code: InternalError
1671715308 | ERROR | dart.sync: Connection failed with code: InternalError
1671715308 | ERROR | dart.sync: Connection failed with code: InternalError
1671715308 | ERROR | dart.sync: Connection failed with code: InternalError
1671715308 | ERROR | dart.sync: Connection failed with code: InternalError
1671715308 | ERROR | dart.sync: Connection failed with code: InternalError
1671715308 | ERROR | dart.sync: Connection failed with code: InternalError
1671715308 | ERROR | dart.sync: Connection failed with code: InternalError
1671715308 | ERROR | dart.sync: Connection failed with code: InternalError
1671715308 | ERROR | dart.sync: Connection failed with code: InternalError
1671715308 | ERROR | dart.sync: Connection failed with code: InternalError
1671715308 | ERROR | dart.sync: Connection failed with code: InternalError
1671715308 | ERROR | dart.sync: Connection failed with code: InternalError
1671715308 | ERROR | dart.sync: Connection failed with code: InternalError
1671715308 | ERROR | dart.sync: Connection failed with code: InternalError
1671715308 | ERROR | dart.sync: Connection failed with code: InternalError
1671715308 | ERROR | dart.sync: Connection failed with code: InternalError
1671715308 | ERROR | dart.sync: Connection failed with code: InternalError
1671715308 | ERROR | dart.sync: Connection failed with code: InternalError
1671715308 | ERROR | dart.sync: Connection failed with code: InternalError
1671715308 | ERROR | dart.sync: Connection failed with code: InternalError
1671715308 | ERROR | dart.sync: Connection failed with code: InternalError
1671715308 | ERROR | dart.sync: Connection failed with code: InternalError
1671715309 | ERROR | dart.sync: Connection failed with code: InternalError
1671715309 | ERROR | dart.sync: Connection failed with code: InternalError
1671715309 | ERROR | dart.sync: Connection failed with code: InternalError
1671715309 | ERROR | dart.sync: Connection failed with code: InternalError
1671715309 | ERROR | dart.sync: Connection failed with code: InternalError
1671715309 | ERROR | dart.sync: Connection failed with code: InternalError
1671715309 | ERROR | dart.sync: Connection failed with code: InternalError
1671715309 | ERROR | dart.sync: Connection failed with code: InternalError
1671715309 | ERROR | dart.sync: Connection failed with code: InternalError
1671715309 | ERROR | dart.sync: Connection failed with code: InternalError
1671715309 | ERROR | dart.sync: Connection failed with code: InternalError
1671715309 | ERROR | dart.sync: Connection failed with code: InternalError
1671715309 | ERROR | dart.sync: Connection failed with code: InternalError
1671715309 | ERROR | dart.sync: Connection failed with code: InternalError
1671715309 | ERROR | dart.sync: Connection failed with code: InternalError
1671715309 | ERROR | dart.sync: Connection failed with code: InternalError
1671715309 | ERROR | dart.sync: Connection failed with code: InternalError
1671715309 | ERROR | dart.sync: Connection failed with code: InternalError
1671715309 | ERROR | dart.sync: Connection failed with code: InternalError
1671715309 | ERROR | dart.sync: Connection failed with code: InternalError
1671715309 | ERROR | dart.sync: Connection failed with code: InternalError
1671715309 | ERROR | dart.sync: Connection failed with code: InternalError
1671715309 | ERROR | dart.sync: Connection failed with code: InternalError
1671715309 | ERROR | dart.sync: Connection failed with code: InternalError
1671715309 | ERROR | dart.sync: Connection failed with code: InternalError
1671715309 | ERROR | dart.sync: Connection failed with code: InternalError
1671715309 | ERROR | dart.sync: Connection failed with code: InternalError
1671715309 | ERROR | dart.sync: Connection failed with code: InternalError
1671715309 | ERROR | dart.sync: Connection failed with code: InternalError
1671715309 | ERROR | dart.sync: Connection failed with code: InternalError
1671715309 | ERROR | dart.sync: Connection failed with code: InternalError
1671715309 | ERROR | dart.sync: Connection failed with code: InternalError
1671715309 | ERROR | dart.sync: Connection failed with code: InternalError
1671715309 | ERROR | dart.sync: Connection failed with code: InternalError
1671715309 | ERROR | dart.sync: Connection failed with code: InternalError
1671715309 | ERROR | dart.sync: Connection failed with code: InternalError
1671715309 | ERROR | dart.sync: Connection failed with code: InternalError
1671715309 | ERROR | dart.sync: Connection failed with code: InternalError
1671715309 | ERROR | dart.sync: Connection failed with code: InternalError
1671715309 | ERROR | dart.sync: Connection failed with code: InternalError
1671715309 | ERROR | dart.sync: Connection failed with code: InternalError
1671715309 | ERROR | dart.sync: Connection failed with code: InternalError
1671715309 | ERROR | dart.sync: Connection failed with code: InternalError
1671715309 | ERROR | dart.sync: Connection failed with code: InternalError
1671715309 | ERROR | dart.sync: Connection failed with code: InternalError
1671715309 | ERROR | dart.sync: Connection failed with code: InternalError
1671715309 | ERROR | dart.sync: Connection failed with code: InternalError
1671715309 | ERROR | dart.sync: Connection failed with code: InternalError
1671715309 | ERROR | dart.sync: Connection failed with code: InternalError
1671715309 | ERROR | dart.sync: Connection failed with code: InternalError
1671715309 | ERROR | dart.sync: Connection failed with code: InternalError
1671715309 | ERROR | dart.sync: Connection failed with code: InternalError
1671715309 | ERROR | dart.sync: Connection failed with code: InternalError
1671715309 | ERROR | dart.sync: Connection failed with code: InternalError
1671715309 | ERROR | dart.sync: Connection failed with code: InternalError
1671715309 | ERROR | dart.sync: Connection failed with code: InternalError
1671715309 | ERROR | dart.sync: Connection failed with code: InternalError
1671715309 | ERROR | dart.sync: Connection failed with code: InternalError
1671715309 | ERROR | dart.sync: Connection failed with code: InternalError
1671715309 | ERROR | dart.sync: Connection failed with code: InternalError
1671715309 | ERROR | dart.sync: Connection failed with code: InternalError
1671715309 | ERROR | dart.sync: Connection failed with code: InternalError
1671715309 | ERROR | dart.sync: Connection failed with code: InternalError
1671715309 | ERROR | dart.sync: Connection failed with code: InternalError
1671715309 | ERROR | dart.sync: Connection failed with code: InternalError
1671715310 | ERROR | dart.sync: Connection failed with code: InternalError
1671715310 | ERROR | dart.sync: Connection failed with code: InternalError
1671715310 | ERROR | dart.sync: Connection failed with code: InternalError
1671715310 | ERROR | dart.sync: Connection failed with code: InternalError
1671715310 | ERROR | dart.sync: Connection failed with code: InternalError
1671715310 | ERROR | dart.sync: Connection failed with code: InternalError
1671715310 | ERROR | dart.sync: Connection failed with code: InternalError
1671715310 | ERROR | dart.sync: Connection failed with code: InternalError
1671715310 | ERROR | dart.sync: Connection failed with code: InternalError
1671715310 | ERROR | dart.sync: Connection failed with code: InternalError
1671715310 | ERROR | dart.sync: Connection failed with code: InternalError
1671715310 | ERROR | dart.sync: Connection failed with code: InternalError
1671715310 | ERROR | dart.sync: Connection failed with code: InternalError
1671715310 | ERROR | dart.sync: Connection failed with code: InternalError
1671715310 | ERROR | dart.sync: Connection failed with code: InternalError
1671715310 | ERROR | dart.sync: Connection failed with code: InternalError
1671715310 | ERROR | dart.sync: Connection failed with code: InternalError
1671715310 | ERROR | dart.sync: Connection failed with code: InternalError
1671715310 | ERROR | dart.sync: Connection failed with code: InternalError
1671715310 | ERROR | dart.sync: Connection failed with code: InternalError
1671715310 | ERROR | dart.sync: Connection failed with code: InternalError
1671715310 | ERROR | dart.sync: Connection failed with code: InternalError
1671715310 | ERROR | dart.sync: Connection failed with code: InternalError
1671715310 | ERROR | dart.sync: Connection failed with code: InternalError
1671715310 | ERROR | dart.sync: Connection failed with code: InternalError
1671715310 | ERROR | dart.sync: Connection failed with code: InternalError
1671715310 | ERROR | dart.sync: Connection failed with code: InternalError
1671715310 | ERROR | dart.sync: Connection failed with code: InternalError
1671715310 | ERROR | dart.sync: Connection failed with code: InternalError
1671715310 | ERROR | dart.sync: Connection failed with code: InternalError
1671715310 | ERROR | dart.sync: Connection failed with code: InternalError
1671715310 | ERROR | dart.sync: Connection failed with code: InternalError
1671715310 | ERROR | dart.sync: Connection failed with code: InternalError
1671715310 | ERROR | dart.sync: Connection failed with code: InternalError
1671715310 | ERROR | dart.sync: Connection failed with code: InternalError
1671715310 | ERROR | dart.sync: Connection failed with code: InternalError
1671715310 | ERROR | dart.sync: Connection failed with code: InternalError
1671715310 | ERROR | dart.sync: Connection failed with code: InternalError
1671715310 | ERROR | dart.sync: Connection failed with code: InternalError
1671715310 | ERROR | dart.sync: Connection failed with code: InternalError
1671715310 | ERROR | dart.sync: Connection failed with code: InternalError
1671715311 | ERROR | dart.sync: Connection failed with code: InternalError
1671715311 | ERROR | dart.sync: Connection failed with code: InternalError
1671715311 | ERROR | dart.sync: Connection failed with code: InternalError
1671715311 | ERROR | dart.sync: Connection failed with code: InternalError
1671715311 | ERROR | dart.sync: Connection failed with code: InternalError
1671715311 | ERROR | dart.sync: Connection failed with code: InternalError
1671715311 | ERROR | dart.sync: Connection failed with code: InternalError
1671715311 | ERROR | dart.sync: Connection failed with code: InternalError
1671715311 | ERROR | dart.sync: Connection failed with code: InternalError
1671715311 | ERROR | dart.sync: Connection failed with code: InternalError
1671715311 | ERROR | dart.sync: Connection failed with code: InternalError
1671715311 | ERROR | dart.sync: Connection failed with code: InternalError
Register: epoch-dump-task logger

Register: transcript logger

Register: collector logger

Register: local-tagionnet logger

Register: trans_server logger

Register: trans_response logger

1671715449 | WARN  | transcript: Epoch throwable:core.exception.AssertError@/home/lokalbruger/bin/ldc2-1.29.0-linux-x86_64/bin/../import/std/concurrency.d(680): Assertion failure
----------------
??:? _d_assert [0x5582e69f40e2]
home/lokalbruger/bin/ldc2-1.29.0-linux-x86_64/bin/../import/std/concurrency.d:680 void std.concurrency.send!(immutable(tagion.dart.Recorder.RecordFactory.Recorder), immutable(tagion.utils.Fingerprint.Fingerprint)).send(std.concurrency.Tid, immutable(tagion.dart.Recorder.RecordFactory.Recorder), immutable(tagion.utils.Fingerprint.Fingerprint)) [0x5582e5ccba2f]
home/lokalbruger/work/mono_regression/tagion/src/lib-services/tagion/services/TranscriptService.d:121 void tagion.services.TranscriptService.transcriptServiceTask(immutable(char)[], immutable(char)[], immutable(char)[], immutable(char)[]).dumpRecorderBlock(immutable(tagion.dart.Recorder.RecordFactory.Recorder), immutable(tagion.utils.Fingerprint.Fingerprint)) [0x5582e5cce26b]
home/lokalbruger/work/mono_regression/tagion/src/lib-services/tagion/services/TranscriptService.d:270 nothrow void tagion.services.TranscriptService.transcriptServiceTask(immutable(char)[], immutable(char)[], immutable(char)[], immutable(char)[]).receive_epoch(immutable(ubyte)[]) [0x5582e5ccf60e]
home/lokalbruger/bin/ldc2-1.29.0-linux-x86_64/bin/../import/std/concurrency.d:220 void std.concurrency.Message.map!(void delegate(immutable(ubyte)[]) nothrow).map(void delegate(immutable(ubyte)[]) nothrow) [0x5582e5d6ea75]
home/lokalbruger/bin/ldc2-1.29.0-linux-x86_64/bin/../import/std/concurrency.d:2159 bool std.concurrency.MessageBox.get!(void delegate(immutable(ubyte)[]) nothrow, void delegate(immutable(tagion.dart.Recorder.RecordFactory.Recorder)) pure nothrow @nogc @safe, void delegate(tagion.basic.Types.Control) nothrow @safe, void function(immutable(tagion.basic.TagionExceptions.TaskFailure)) nothrow @trusted*).get(scope void delegate(immutable(ubyte)[]) nothrow, scope void delegate(immutable(tagion.dart.Recorder.RecordFactory.Recorder)) pure nothrow @nogc @safe, scope void delegate(tagion.basic.Types.Control) nothrow @safe, scope void function(immutable(tagion.basic.TagionExceptions.TaskFailure)) nothrow @trusted*).onStandardMsg(ref std.concurrency.Message) [0x5582e5d6e962]
home/lokalbruger/bin/ldc2-1.29.0-linux-x86_64/bin/../import/std/concurrency.d:2243 bool std.concurrency.MessageBox.get!(void delegate(immutable(ubyte)[]) nothrow, void delegate(immutable(tagion.dart.Recorder.RecordFactory.Recorder)) pure nothrow @nogc @safe, void delegate(tagion.basic.Types.Control) nothrow @safe, void function(immutable(tagion.basic.TagionExceptions.TaskFailure)) nothrow @trusted*).get(scope void delegate(immutable(ubyte)[]) nothrow, scope void delegate(immutable(tagion.dart.Recorder.RecordFactory.Recorder)) pure nothrow @nogc @safe, scope void delegate(tagion.basic.Types.Control) nothrow @safe, scope void function(immutable(tagion.basic.TagionExceptions.TaskFailure)) nothrow @trusted*).scan(ref std.concurrency.List!(std.concurrency.Message).List) [0x5582e5d6f05f]
home/lokalbruger/bin/ldc2-1.29.0-linux-x86_64/bin/../import/std/concurrency.d:2320 bool std.concurrency.MessageBox.get!(void delegate(immutable(ubyte)[]) nothrow, void delegate(immutable(tagion.dart.Recorder.RecordFactory.Recorder)) pure nothrow @nogc @safe, void delegate(tagion.basic.Types.Control) nothrow @safe, void function(immutable(tagion.basic.TagionExceptions.TaskFailure)) nothrow @trusted*).get(scope void delegate(immutable(ubyte)[]) nothrow, scope void delegate(immutable(tagion.dart.Recorder.RecordFactory.Recorder)) pure nothrow @nogc @safe, scope void delegate(tagion.basic.Types.Control) nothrow @safe, scope void function(immutable(tagion.basic.TagionExceptions.TaskFailure)) nothrow @trusted*) [0x5582e5d6e7fd]
home/lokalbruger/bin/ldc2-1.29.0-linux-x86_64/bin/../import/std/concurrency.d:750 void std.concurrency.receive!(void delegate(immutable(ubyte)[]) nothrow, void delegate(immutable(tagion.dart.Recorder.RecordFactory.Recorder)) pure nothrow @nogc @safe, void delegate(tagion.basic.Types.Control) nothrow @safe, void function(immutable(tagion.basic.TagionExceptions.TaskFailure)) nothrow @trusted*).receive(void delegate(immutable(ubyte)[]) nothrow, void delegate(immutable(tagion.dart.Recorder.RecordFactory.Recorder)) pure nothrow @nogc @safe, void delegate(tagion.basic.Types.Control) nothrow @safe, void function(immutable(tagion.basic.TagionExceptions.TaskFailure)) nothrow @trusted*) [0x5582e5cd0510]
home/lokalbruger/work/mono_regression/tagion/src/lib-services/tagion/services/TranscriptService.d:297 nothrow void tagion.services.TranscriptService.transcriptServiceTask(immutable(char)[], immutable(char)[], immutable(char)[], immutable(char)[]) [0x5582e5ccd475]
home/lokalbruger/bin/ldc2-1.29.0-linux-x86_64/bin/../import/std/concurrency.d:612 nothrow void std.concurrency._spawn!(void function(immutable(char)[], immutable(char)[], immutable(char)[], immutable(char)[]) nothrow*, immutable(char)[], immutable(char)[], immutable(char)[], immutable(char)[])._spawn(bool, void function(immutable(char)[], immutable(char)[], immutable(char)[], immutable(char)[]) nothrow*, immutable(char)[], immutable(char)[], immutable(char)[], immutable(char)[]).exec() [0x5582e5d6962c]
??:? thread_entryPoint [0x5582e69f8a73]
??:? [0x7f3f42ec1608]
??:? clone [0x7f3f42c7c132] 
