Waiting for logger
Logger started
Register: tagionwave logger

Register: heartbeat logger

Register: local-tagion logger

Register: discovery logger

Register: discovery-internal logger

Register: dart.sync logger

Register: tagion.dart logger

Register: transcript logger

Register: collector logger

Register: trans_server logger

Register: local-tagionnet logger

Register: trans_response logger

1672250089 | WARN  | local-tagionnet: Error on sending to channel: p2p.go_helper.GoException@/home/asus/work/tagion_new/tagion/src/lib-p2pgowrapper/p2p/go_helper.d(31): InternalError
----------------
??:? [0x5568cff88f56]
??:? [0x5568cffb3046]
??:? [0x5568cff9280f]
??:? [0x5568cf46ca4b]
??:? [0x5568cf46d4cf]
??:? [0x5568cf46b877]
??:? [0x5568cf524124]
??:? [0x5568cf524620]
??:? [0x5568cf4963b0]
??:? [0x5568cf4961d2]
??:? [0x5568cf496b7f]
??:? [0x5568cf496064]
??:? [0x5568cf495d28]
??:? [0x5568cf523a33]
??:? [0x5568cf491ff3]
??:? [0x5568cff8ab53]
??:? [0x7f69971ce608]
??:? clone [0x7f6996f89132]
1672250089 | WARN  | local-tagionnet: Error on sending to channel: p2p.go_helper.GoException@/home/asus/work/tagion_new/tagion/src/lib-p2pgowrapper/p2p/go_helper.d(31): InternalError
----------------
??:? [0x5568cff88f56]
??:? [0x5568cffb3046]
??:? [0x5568cff9280f]
??:? [0x5568cf46ca4b]
??:? [0x5568cf46d4cf]
??:? [0x5568cf46b877]
??:? [0x5568cf524124]
??:? [0x5568cf524620]
??:? [0x5568cf4963b0]
??:? [0x5568cf4961d2]
??:? [0x5568cf496b7f]
??:? [0x5568cf496064]
??:? [0x5568cf495d28]
??:? [0x5568cf523a33]
??:? [0x5568cf491ff3]
??:? [0x5568cff8ab53]
??:? [0x7f69971ce608]
??:? clone [0x7f6996f89132]
1672250090 | WARN  | local-tagionnet: Error on sending to channel: p2p.go_helper.GoException@/home/asus/work/tagion_new/tagion/src/lib-p2pgowrapper/p2p/go_helper.d(31): InternalError
----------------
??:? [0x5568cff88f56]
??:? [0x5568cffb3046]
??:? [0x5568cff9280f]
??:? [0x5568cf46ca4b]
??:? [0x5568cf46d4cf]
??:? [0x5568cf46b877]
??:? [0x5568cf524124]
??:? [0x5568cf524620]
??:? [0x5568cf4963b0]
??:? [0x5568cf4961d2]
??:? [0x5568cf496b7f]
??:? [0x5568cf495f04]
??:? [0x5568cf495d28]
??:? [0x5568cf523a33]
??:? [0x5568cf491ff3]
??:? [0x5568cff8ab53]
??:? [0x7f69971ce608]
??:? clone [0x7f6996f89132]
1672250090 | WARN  | local-tagionnet: Error on sending to channel: p2p.go_helper.GoException@/home/asus/work/tagion_new/tagion/src/lib-p2pgowrapper/p2p/go_helper.d(31): InternalError
----------------
??:? [0x5568cff88f56]
??:? [0x5568cffb3046]
??:? [0x5568cff9280f]
??:? [0x5568cf46ca4b]
??:? [0x5568cf46d4cf]
??:? [0x5568cf46b877]
??:? [0x5568cf524124]
??:? [0x5568cf524620]
??:? [0x5568cf4963b0]
??:? [0x5568cf4961d2]
??:? [0x5568cf496b7f]
??:? [0x5568cf495f04]
??:? [0x5568cf495d28]
??:? [0x5568cf523a33]
??:? [0x5568cf491ff3]
??:? [0x5568cff8ab53]
??:? [0x7f69971ce608]
??:? clone [0x7f6996f89132]
1672250090 | WARN  | local-tagionnet: Error on sending to channel: p2p.go_helper.GoException@/home/asus/work/tagion_new/tagion/src/lib-p2pgowrapper/p2p/go_helper.d(31): InternalError
----------------
??:? [0x5568cff88f56]
??:? [0x5568cffb3046]
??:? [0x5568cff9280f]
??:? [0x5568cf46ca4b]
??:? [0x5568cf46d4cf]
??:? [0x5568cf46b877]
??:? [0x5568cf524124]
??:? [0x5568cf524620]
??:? [0x5568cf4963b0]
??:? [0x5568cf4961d2]
??:? [0x5568cf496b7f]
??:? [0x5568cf495f04]
??:? [0x5568cf495d28]
??:? [0x5568cf523a33]
??:? [0x5568cf491ff3]
??:? [0x5568cff8ab53]
??:? [0x7f69971ce608]
??:? clone [0x7f6996f89132]
1672250090 | WARN  | local-tagionnet: Error on sending to channel: p2p.go_helper.GoException@/home/asus/work/tagion_new/tagion/src/lib-p2pgowrapper/p2p/go_helper.d(31): InternalError
----------------
??:? [0x5568cff88f56]
??:? [0x5568cffb3046]
??:? [0x5568cff9280f]
??:? [0x5568cf46ca4b]
??:? [0x5568cf46d4cf]
??:? [0x5568cf46b877]
??:? [0x5568cf524124]
??:? [0x5568cf524620]
??:? [0x5568cf4963b0]
??:? [0x5568cf4961d2]
??:? [0x5568cf496b7f]
??:? [0x5568cf495f04]
??:? [0x5568cf495d28]
??:? [0x5568cf523a33]
??:? [0x5568cf491ff3]
??:? [0x5568cff8ab53]
??:? [0x7f69971ce608]
??:? clone [0x7f6996f89132]
1672250090 | WARN  | local-tagionnet: Error on sending to channel: p2p.go_helper.GoException@/home/asus/work/tagion_new/tagion/src/lib-p2pgowrapper/p2p/go_helper.d(31): InternalError
----------------
??:? [0x5568cff88f56]
??:? [0x5568cffb3046]
??:? [0x5568cff9280f]
??:? [0x5568cf46ca4b]
??:? [0x5568cf46d4cf]
??:? [0x5568cf46b877]
??:? [0x5568cf524124]
??:? [0x5568cf524620]
??:? [0x5568cf4963b0]
??:? [0x5568cf4961d2]
??:? [0x5568cf496b7f]
??:? [0x5568cf495f04]
??:? [0x5568cf495d28]
??:? [0x5568cf523a33]
??:? [0x5568cf491ff3]
??:? [0x5568cff8ab53]
??:? [0x7f69971ce608]
??:? clone [0x7f6996f89132]
1672250090 | WARN  | local-tagionnet: Error on sending to channel: p2p.go_helper.GoException@/home/asus/work/tagion_new/tagion/src/lib-p2pgowrapper/p2p/go_helper.d(31): InternalError
----------------
??:? [0x5568cff88f56]
??:? [0x5568cffb3046]
??:? [0x5568cff9280f]
??:? [0x5568cf46ca4b]
??:? [0x5568cf46d4cf]
??:? [0x5568cf46b877]
??:? [0x5568cf524124]
??:? [0x5568cf524620]
??:? [0x5568cf4963b0]
??:? [0x5568cf4961d2]
??:? [0x5568cf496b7f]
??:? [0x5568cf495f04]
??:? [0x5568cf495d28]
??:? [0x5568cf523a33]
??:? [0x5568cf491ff3]
??:? [0x5568cff8ab53]
??:? [0x7f69971ce608]
??:? clone [0x7f6996f89132]
1672250090 | WARN  | local-tagionnet: Error on sending to channel: p2p.go_helper.GoException@/home/asus/work/tagion_new/tagion/src/lib-p2pgowrapper/p2p/go_helper.d(31): InternalError
----------------
??:? [0x5568cff88f56]
??:? [0x5568cffb3046]
??:? [0x5568cff9280f]
??:? [0x5568cf46ca4b]
??:? [0x5568cf46d4cf]
??:? [0x5568cf46b877]
??:? [0x5568cf524124]
??:? [0x5568cf524620]
??:? [0x5568cf4963b0]
??:? [0x5568cf4961d2]
??:? [0x5568cf496b7f]
??:? [0x5568cf495f04]
??:? [0x5568cf495d28]
??:? [0x5568cf523a33]
??:? [0x5568cf491ff3]
??:? [0x5568cff8ab53]
??:? [0x7f69971ce608]
??:? clone [0x7f6996f89132]
1672250091 | WARN  | local-tagionnet: Error on sending to channel: p2p.go_helper.GoException@/home/asus/work/tagion_new/tagion/src/lib-p2pgowrapper/p2p/go_helper.d(31): InternalError
----------------
??:? [0x5568cff88f56]
??:? [0x5568cffb3046]
??:? [0x5568cff9280f]
??:? [0x5568cf46ca4b]
??:? [0x5568cf46d4cf]
??:? [0x5568cf46b877]
??:? [0x5568cf524124]
??:? [0x5568cf524620]
??:? [0x5568cf4963b0]
??:? [0x5568cf4961d2]
??:? [0x5568cf496b7f]
??:? [0x5568cf495f04]
??:? [0x5568cf495d28]
??:? [0x5568cf523a33]
??:? [0x5568cf491ff3]
??:? [0x5568cff8ab53]
??:? [0x7f69971ce608]
??:? clone [0x7f6996f89132]
1672250091 | WARN  | local-tagionnet: Error on sending to channel: p2p.go_helper.GoException@/home/asus/work/tagion_new/tagion/src/lib-p2pgowrapper/p2p/go_helper.d(31): InternalError
----------------
??:? [0x5568cff88f56]
??:? [0x5568cffb3046]
??:? [0x5568cff9280f]
??:? [0x5568cf46ca4b]
??:? [0x5568cf46d4cf]
??:? [0x5568cf46b877]
??:? [0x5568cf524124]
??:? [0x5568cf524620]
??:? [0x5568cf4963b0]
??:? [0x5568cf4961d2]
??:? [0x5568cf496b7f]
??:? [0x5568cf495f04]
??:? [0x5568cf495d28]
??:? [0x5568cf523a33]
??:? [0x5568cf491ff3]
??:? [0x5568cff8ab53]
??:? [0x7f69971ce608]
??:? clone [0x7f6996f89132]
1672250091 | WARN  | local-tagionnet: Error on sending to channel: p2p.go_helper.GoException@/home/asus/work/tagion_new/tagion/src/lib-p2pgowrapper/p2p/go_helper.d(31): InternalError
----------------
??:? [0x5568cff88f56]
??:? [0x5568cffb3046]
??:? [0x5568cff9280f]
??:? [0x5568cf46ca4b]
??:? [0x5568cf46d4cf]
??:? [0x5568cf46b877]
??:? [0x5568cf524124]
??:? [0x5568cf524620]
??:? [0x5568cf4963b0]
??:? [0x5568cf4961d2]
??:? [0x5568cf496b7f]
??:? [0x5568cf495f04]
??:? [0x5568cf495d28]
??:? [0x5568cf523a33]
??:? [0x5568cf491ff3]
??:? [0x5568cff8ab53]
??:? [0x7f69971ce608]
??:? clone [0x7f6996f89132]
1672250091 | WARN  | local-tagionnet: Error on sending to channel: p2p.go_helper.GoException@/home/asus/work/tagion_new/tagion/src/lib-p2pgowrapper/p2p/go_helper.d(31): InternalError
----------------
??:? [0x5568cff88f56]
??:? [0x5568cffb3046]
??:? [0x5568cff9280f]
??:? [0x5568cf46ca4b]
??:? [0x5568cf46d4cf]
??:? [0x5568cf46b877]
??:? [0x5568cf524124]
??:? [0x5568cf524620]
??:? [0x5568cf4963b0]
??:? [0x5568cf4961d2]
??:? [0x5568cf496b7f]
??:? [0x5568cf495f04]
??:? [0x5568cf495d28]
??:? [0x5568cf523a33]
??:? [0x5568cf491ff3]
??:? [0x5568cff8ab53]
??:? [0x7f69971ce608]
??:? clone [0x7f6996f89132]
1672250091 | WARN  | local-tagionnet: Error on sending to channel: p2p.go_helper.GoException@/home/asus/work/tagion_new/tagion/src/lib-p2pgowrapper/p2p/go_helper.d(31): InternalError
----------------
??:? [0x5568cff88f56]
??:? [0x5568cffb3046]
??:? [0x5568cff9280f]
??:? [0x5568cf46ca4b]
??:? [0x5568cf46d4cf]
??:? [0x5568cf46b877]
??:? [0x5568cf524124]
??:? [0x5568cf524620]
??:? [0x5568cf4963b0]
??:? [0x5568cf4961d2]
??:? [0x5568cf496b7f]
??:? [0x5568cf495f04]
??:? [0x5568cf495d28]
??:? [0x5568cf523a33]
??:? [0x5568cf491ff3]
??:? [0x5568cff8ab53]
??:? [0x7f69971ce608]
??:? clone [0x7f6996f89132]
1672250091 | WARN  | local-tagionnet: Error on sending to channel: p2p.go_helper.GoException@/home/asus/work/tagion_new/tagion/src/lib-p2pgowrapper/p2p/go_helper.d(31): InternalError
----------------
??:? [0x5568cff88f56]
??:? [0x5568cffb3046]
??:? [0x5568cff9280f]
??:? [0x5568cf46ca4b]
??:? [0x5568cf46d4cf]
??:? [0x5568cf46b877]
??:? [0x5568cf524124]
??:? [0x5568cf524620]
??:? [0x5568cf4963b0]
??:? [0x5568cf4961d2]
??:? [0x5568cf496b7f]
??:? [0x5568cf495f04]
??:? [0x5568cf495d28]
??:? [0x5568cf523a33]
??:? [0x5568cf491ff3]
??:? [0x5568cff8ab53]
??:? [0x7f69971ce608]
??:? clone [0x7f6996f89132]
1672250091 | WARN  | local-tagionnet: Error on sending to channel: p2p.go_helper.GoException@/home/asus/work/tagion_new/tagion/src/lib-p2pgowrapper/p2p/go_helper.d(31): InternalError
----------------
??:? [0x5568cff88f56]
??:? [0x5568cffb3046]
??:? [0x5568cff9280f]
??:? [0x5568cf46ca4b]
??:? [0x5568cf46d4cf]
??:? [0x5568cf46b877]
??:? [0x5568cf524124]
??:? [0x5568cf524620]
??:? [0x5568cf4963b0]
??:? [0x5568cf4961d2]
??:? [0x5568cf496b7f]
??:? [0x5568cf495f04]
??:? [0x5568cf495d28]
??:? [0x5568cf523a33]
??:? [0x5568cf491ff3]
??:? [0x5568cff8ab53]
??:? [0x7f69971ce608]
??:? clone [0x7f6996f89132]
1672250091 | WARN  | local-tagionnet: Error on sending to channel: p2p.go_helper.GoException@/home/asus/work/tagion_new/tagion/src/lib-p2pgowrapper/p2p/go_helper.d(31): InternalError
----------------
??:? [0x5568cff88f56]
??:? [0x5568cffb3046]
??:? [0x5568cff9280f]
??:? [0x5568cf46ca4b]
??:? [0x5568cf46d4cf]
??:? [0x5568cf46b877]
??:? [0x5568cf524124]
??:? [0x5568cf524620]
??:? [0x5568cf4963b0]
??:? [0x5568cf4961d2]
??:? [0x5568cf496b7f]
??:? [0x5568cf495f04]
??:? [0x5568cf495d28]
??:? [0x5568cf523a33]
??:? [0x5568cf491ff3]
??:? [0x5568cff8ab53]
??:? [0x7f69971ce608]
??:? clone [0x7f6996f89132]
