Waiting for logger
Logger started
Register: tagionwave logger

Register: heartbeat logger

Register: local-tagion logger

Register: discovery logger

Register: discovery-internal logger

Register: tagion.dart logger

Register: dart.sync logger

Register: epoch-dump-task logger

Register: transcript logger

Register: collector logger

Register: local-tagionnet logger

Register: trans_server logger

Register: trans_response logger

1671715169 | WARN  | local-tagionnet: Error on sending to channel: p2p.go_helper.GoException@/home/lokalbruger/work/mono_regression/tagion/src/lib-p2pgowrapper/p2p/go_helper.d(31): InternalError
----------------
home/lokalbruger/work/mono_regression/tagion/src/lib-p2pgowrapper/p2p/go_helper.d:31 void p2p.go_helper.cgocheck!(p2p.cgo.c_helper.ErrorCode).cgocheck(p2p.cgo.c_helper.ErrorCode) [0x561c8437348b]
home/lokalbruger/work/mono_regression/tagion/src/lib-p2pgowrapper/p2p/go_helper.d:38 p2p.cgo.libp2pgowrapper.handleApi_return p2p.go_helper.cgocheck!(p2p.cgo.libp2pgowrapper.handleApi_return).cgocheck(p2p.cgo.libp2pgowrapper.handleApi_return) [0x561c843741df]
home/lokalbruger/work/mono_regression/tagion/src/lib-p2pgowrapper/p2p/node.d:157 shared @trusted shared(p2p.interfaces.RequestStreamI) p2p.node.Node.connect(immutable(char)[], bool, immutable(char)[][]...) [0x561c84371f77]
home/lokalbruger/work/mono_regression/tagion/src/lib-gossip/tagion/gossip/P2pGossipNet.d:439 void tagion.gossip.P2pGossipNet.async_send(immutable(char)[], immutable(char)[], const(tagion.options.HostOptions.HostOptions), shared(p2p.interfaces.NodeI)).send_to_channel(immutable(std.typecons.Typedef!(immutable(ubyte)[], null, "PUBKEY").Typedef), tagion.hibon.Document.Document) [0x561c8446ce5e]
home/lokalbruger/work/mono_regression/tagion/src/lib-gossip/tagion/gossip/P2pGossipNet.d:478 [0x561c8446d2c0]
home/lokalbruger/bin/ldc2-1.29.0-linux-x86_64/bin/../import/std/concurrency.d:225 void std.concurrency.Message.map!(void delegate(const(std.typecons.Typedef!(immutable(ubyte)[], null, "PUBKEY").Typedef), const(tagion.hibon.Document.Document), uint)).map(void delegate(const(std.typecons.Typedef!(immutable(ubyte)[], null, "PUBKEY").Typedef), const(tagion.hibon.Document.Document), uint)) [0x561c843afad0]
home/lokalbruger/bin/ldc2-1.29.0-linux-x86_64/bin/../import/std/concurrency.d:2159 bool std.concurrency.MessageBox.get!(void delegate(const(std.typecons.Typedef!(immutable(ubyte)[], null, "PUBKEY").Typedef), const(tagion.hibon.Document.Document), uint), void delegate(std.typecons.Typedef!(immutable(ubyte)[], null, "PUBKEY").Typedef, uint) nothrow @safe, void delegate(shared(p2p.callback.Response!(1).Response)) @safe, void delegate(shared(p2p.callback.Response!(3).Response)), void delegate(shared(p2p.callback.Response!(2).Response)), void delegate(tagion.basic.Types.Control) pure nothrow @nogc @safe).get(scope void delegate(const(std.typecons.Typedef!(immutable(ubyte)[], null, "PUBKEY").Typedef), const(tagion.hibon.Document.Document), uint), scope void delegate(std.typecons.Typedef!(immutable(ubyte)[], null, "PUBKEY").Typedef, uint) nothrow @safe, scope void delegate(shared(p2p.callback.Response!(1).Response)) @safe, scope void delegate(shared(p2p.callback.Response!(3).Response)), scope void delegate(shared(p2p.callback.Response!(2).Response)), scope void delegate(tagion.basic.Types.Control) pure nothrow @nogc @safe).onStandardMsg(ref std.concurrency.Message) [0x561c843af8f2]
home/lokalbruger/bin/ldc2-1.29.0-linux-x86_64/bin/../import/std/concurrency.d:2243 bool std.concurrency.MessageBox.get!(void delegate(const(std.typecons.Typedef!(immutable(ubyte)[], null, "PUBKEY").Typedef), const(tagion.hibon.Document.Document), uint), void delegate(std.typecons.Typedef!(immutable(ubyte)[], null, "PUBKEY").Typedef, uint) nothrow @safe, void delegate(shared(p2p.callback.Response!(1).Response)) @safe, void delegate(shared(p2p.callback.Response!(3).Response)), void delegate(shared(p2p.callback.Response!(2).Response)), void delegate(tagion.basic.Types.Control) pure nothrow @nogc @safe).get(scope void delegate(const(std.typecons.Typedef!(immutable(ubyte)[], null, "PUBKEY").Typedef), const(tagion.hibon.Document.Document), uint), scope void delegate(std.typecons.Typedef!(immutable(ubyte)[], null, "PUBKEY").Typedef, uint) nothrow @safe, scope void delegate(shared(p2p.callback.Response!(1).Response)) @safe, scope void delegate(shared(p2p.callback.Response!(3).Response)), scope void delegate(shared(p2p.callback.Response!(2).Response)), scope void delegate(tagion.basic.Types.Control) pure nothrow @nogc @safe).scan(ref std.concurrency.List!(std.concurrency.Message).List) [0x561c843b029f]
home/lokalbruger/bin/ldc2-1.29.0-linux-x86_64/bin/../import/std/concurrency.d:2320 bool std.concurrency.MessageBox.get!(void delegate(const(std.typecons.Typedef!(immutable(ubyte)[], null, "PUBKEY").Typedef), const(tagion.hibon.Document.Document), uint), void delegate(std.typecons.Typedef!(immutable(ubyte)[], null, "PUBKEY").Typedef, uint) nothrow @safe, void delegate(shared(p2p.callback.Response!(1).Response)) @safe, void delegate(shared(p2p.callback.Response!(3).Response)), void delegate(shared(p2p.callback.Response!(2).Response)), void delegate(tagion.basic.Types.Control) pure nothrow @nogc @safe).get(scope void delegate(const(std.typecons.Typedef!(immutable(ubyte)[], null, "PUBKEY").Typedef), const(tagion.hibon.Document.Document), uint), scope void delegate(std.typecons.Typedef!(immutable(ubyte)[], null, "PUBKEY").Typedef, uint) nothrow @safe, scope void delegate(shared(p2p.callback.Response!(1).Response)) @safe, scope void delegate(shared(p2p.callback.Response!(3).Response)), scope void delegate(shared(p2p.callback.Response!(2).Response)), scope void delegate(tagion.basic.Types.Control) pure nothrow @nogc @safe) [0x561c843af782]
home/lokalbruger/bin/ldc2-1.29.0-linux-x86_64/bin/../import/std/concurrency.d:750 void std.concurrency.receive!(void delegate(const(std.typecons.Typedef!(immutable(ubyte)[], null, "PUBKEY").Typedef), const(tagion.hibon.Document.Document), uint), void delegate(std.typecons.Typedef!(immutable(ubyte)[], null, "PUBKEY").Typedef, uint) nothrow @safe, void delegate(shared(p2p.callback.Response!(1).Response)) @safe, void delegate(shared(p2p.callback.Response!(3).Response)), void delegate(shared(p2p.callback.Response!(2).Response)), void delegate(tagion.basic.Types.Control) pure nothrow @nogc @safe).receive(void delegate(const(std.typecons.Typedef!(immutable(ubyte)[], null, "PUBKEY").Typedef), const(tagion.hibon.Document.Document), uint), void delegate(std.typecons.Typedef!(immutable(ubyte)[], null, "PUBKEY").Typedef, uint) nothrow @safe, void delegate(shared(p2p.callback.Response!(1).Response)) @safe, void delegate(shared(p2p.callback.Response!(3).Response)), void delegate(shared(p2p.callback.Response!(2).Response)), void delegate(tagion.basic.Types.Control) pure nothrow @nogc @safe) [0x561c843af408]
home/lokalbruger/work/mono_regression/tagion/src/lib-gossip/tagion/gossip/P2pGossipNet.d:474 nothrow @trusted void tagion.gossip.P2pGossipNet.async_send(immutable(char)[], immutable(char)[], const(tagion.options.HostOptions.HostOptions), shared(p2p.interfaces.NodeI)) [0x561c8446c793]
home/lokalbruger/bin/ldc2-1.29.0-linux-x86_64/bin/../import/std/concurrency.d:612 nothrow void std.concurrency._spawn!(void function(immutable(char)[], immutable(char)[], const(tagion.options.HostOptions.HostOptions), shared(p2p.interfaces.NodeI)) nothrow @trusted*, immutable(char)[], immutable(char)[], const(tagion.options.HostOptions.HostOptions), shared(p2p.interfaces.NodeI))._spawn(bool, void function(immutable(char)[], immutable(char)[], const(tagion.options.HostOptions.HostOptions), shared(p2p.interfaces.NodeI)) nothrow @trusted*, immutable(char)[], immutable(char)[], const(tagion.options.HostOptions.HostOptions), shared(p2p.interfaces.NodeI)).exec() [0x561c843ab9e3]
??:? thread_entryPoint [0x561c85066a73]
??:? [0x7fa2234fb608]
??:? clone [0x7fa2232b6132]
1671715299 | WARN  | transcript: Epoch throwable:core.exception.AssertError@/home/lokalbruger/bin/ldc2-1.29.0-linux-x86_64/bin/../import/std/concurrency.d(680): Assertion failure
----------------
??:? _d_assert [0x561c850620e2]
home/lokalbruger/bin/ldc2-1.29.0-linux-x86_64/bin/../import/std/concurrency.d:680 void std.concurrency.send!(immutable(tagion.dart.Recorder.RecordFactory.Recorder), immutable(tagion.utils.Fingerprint.Fingerprint)).send(std.concurrency.Tid, immutable(tagion.dart.Recorder.RecordFactory.Recorder), immutable(tagion.utils.Fingerprint.Fingerprint)) [0x561c84339a2f]
home/lokalbruger/work/mono_regression/tagion/src/lib-services/tagion/services/TranscriptService.d:121 void tagion.services.TranscriptService.transcriptServiceTask(immutable(char)[], immutable(char)[], immutable(char)[], immutable(char)[]).dumpRecorderBlock(immutable(tagion.dart.Recorder.RecordFactory.Recorder), immutable(tagion.utils.Fingerprint.Fingerprint)) [0x561c8433c26b]
home/lokalbruger/work/mono_regression/tagion/src/lib-services/tagion/services/TranscriptService.d:270 nothrow void tagion.services.TranscriptService.transcriptServiceTask(immutable(char)[], immutable(char)[], immutable(char)[], immutable(char)[]).receive_epoch(immutable(ubyte)[]) [0x561c8433d60e]
home/lokalbruger/bin/ldc2-1.29.0-linux-x86_64/bin/../import/std/concurrency.d:220 void std.concurrency.Message.map!(void delegate(immutable(ubyte)[]) nothrow).map(void delegate(immutable(ubyte)[]) nothrow) [0x561c843dca75]
home/lokalbruger/bin/ldc2-1.29.0-linux-x86_64/bin/../import/std/concurrency.d:2159 bool std.concurrency.MessageBox.get!(void delegate(immutable(ubyte)[]) nothrow, void delegate(immutable(tagion.dart.Recorder.RecordFactory.Recorder)) pure nothrow @nogc @safe, void delegate(tagion.basic.Types.Control) nothrow @safe, void function(immutable(tagion.basic.TagionExceptions.TaskFailure)) nothrow @trusted*).get(scope void delegate(immutable(ubyte)[]) nothrow, scope void delegate(immutable(tagion.dart.Recorder.RecordFactory.Recorder)) pure nothrow @nogc @safe, scope void delegate(tagion.basic.Types.Control) nothrow @safe, scope void function(immutable(tagion.basic.TagionExceptions.TaskFailure)) nothrow @trusted*).onStandardMsg(ref std.concurrency.Message) [0x561c843dc962]
home/lokalbruger/bin/ldc2-1.29.0-linux-x86_64/bin/../import/std/concurrency.d:2243 bool std.concurrency.MessageBox.get!(void delegate(immutable(ubyte)[]) nothrow, void delegate(immutable(tagion.dart.Recorder.RecordFactory.Recorder)) pure nothrow @nogc @safe, void delegate(tagion.basic.Types.Control) nothrow @safe, void function(immutable(tagion.basic.TagionExceptions.TaskFailure)) nothrow @trusted*).get(scope void delegate(immutable(ubyte)[]) nothrow, scope void delegate(immutable(tagion.dart.Recorder.RecordFactory.Recorder)) pure nothrow @nogc @safe, scope void delegate(tagion.basic.Types.Control) nothrow @safe, scope void function(immutable(tagion.basic.TagionExceptions.TaskFailure)) nothrow @trusted*).scan(ref std.concurrency.List!(std.concurrency.Message).List) [0x561c843dd05f]
home/lokalbruger/bin/ldc2-1.29.0-linux-x86_64/bin/../import/std/concurrency.d:2320 bool std.concurrency.MessageBox.get!(void delegate(immutable(ubyte)[]) nothrow, void delegate(immutable(tagion.dart.Recorder.RecordFactory.Recorder)) pure nothrow @nogc @safe, void delegate(tagion.basic.Types.Control) nothrow @safe, void function(immutable(tagion.basic.TagionExceptions.TaskFailure)) nothrow @trusted*).get(scope void delegate(immutable(ubyte)[]) nothrow, scope void delegate(immutable(tagion.dart.Recorder.RecordFactory.Recorder)) pure nothrow @nogc @safe, scope void delegate(tagion.basic.Types.Control) nothrow @safe, scope void function(immutable(tagion.basic.TagionExceptions.TaskFailure)) nothrow @trusted*) [0x561c843dc7fd]
home/lokalbruger/bin/ldc2-1.29.0-linux-x86_64/bin/../import/std/concurrency.d:750 void std.concurrency.receive!(void delegate(immutable(ubyte)[]) nothrow, void delegate(immutable(tagion.dart.Recorder.RecordFactory.Recorder)) pure nothrow @nogc @safe, void delegate(tagion.basic.Types.Control) nothrow @safe, void function(immutable(tagion.basic.TagionExceptions.TaskFailure)) nothrow @trusted*).receive(void delegate(immutable(ubyte)[]) nothrow, void delegate(immutable(tagion.dart.Recorder.RecordFactory.Recorder)) pure nothrow @nogc @safe, void delegate(tagion.basic.Types.Control) nothrow @safe, void function(immutable(tagion.basic.TagionExceptions.TaskFailure)) nothrow @trusted*) [0x561c8433e510]
home/lokalbruger/work/mono_regression/tagion/src/lib-services/tagion/services/TranscriptService.d:297 nothrow void tagion.services.TranscriptService.transcriptServiceTask(immutable(char)[], immutable(char)[], immutable(char)[], immutable(char)[]) [0x561c8433b475]
home/lokalbruger/bin/ldc2-1.29.0-linux-x86_64/bin/../import/std/concurrency.d:612 nothrow void std.concurrency._spawn!(void function(immutable(char)[], immutable(char)[], immutable(char)[], immutable(char)[]) nothrow*, immutable(char)[], immutable(char)[], immutable(char)[], immutable(char)[])._spawn(bool, void function(immutable(char)[], immutable(char)[], immutable(char)[], immutable(char)[]) nothrow*, immutable(char)[], immutable(char)[], immutable(char)[], immutable(char)[]).exec() [0x561c843d762c]
??:? thread_entryPoint [0x561c85066a73]
??:? [0x7fa2234fb608]
??:? clone [0x7fa2232b6132] 
