Waiting for logger
Logger started
Register: tagionwave logger

Register: heartbeat logger

Register: local-tagion logger

Register: discovery logger

Register: discovery-internal logger

Register: tagion.dart logger

Register: dart.sync logger

1673362814 | ERROR | dart.sync: Connection failed with code: InternalError
1673362814 | ERROR | dart.sync: Connection failed with code: InternalError
1673362814 | ERROR | dart.sync: Connection failed with code: InternalError
1673362814 | ERROR | dart.sync: Connection failed with code: InternalError
1673362814 | ERROR | dart.sync: Connection failed with code: InternalError
1673362814 | ERROR | dart.sync: Connection failed with code: InternalError
1673362814 | ERROR | dart.sync: Connection failed with code: InternalError
1673362814 | ERROR | dart.sync: Connection failed with code: InternalError
1673362814 | ERROR | dart.sync: Connection failed with code: InternalError
1673362814 | ERROR | dart.sync: Connection failed with code: InternalError
1673362814 | ERROR | dart.sync: Connection failed with code: InternalError
1673362814 | ERROR | dart.sync: Connection failed with code: InternalError
1673362814 | ERROR | dart.sync: Connection failed with code: InternalError
1673362815 | ERROR | dart.sync: Connection failed with code: InternalError
1673362815 | ERROR | dart.sync: Connection failed with code: InternalError
1673362815 | ERROR | dart.sync: Connection failed with code: InternalError
1673362815 | ERROR | dart.sync: Connection failed with code: InternalError
1673362815 | ERROR | dart.sync: Connection failed with code: InternalError
1673362815 | ERROR | dart.sync: Connection failed with code: InternalError
1673362815 | ERROR | dart.sync: Connection failed with code: InternalError
1673362815 | ERROR | dart.sync: Connection failed with code: InternalError
1673362815 | ERROR | dart.sync: Connection failed with code: InternalError
1673362815 | ERROR | dart.sync: Connection failed with code: InternalError
1673362815 | ERROR | dart.sync: Connection failed with code: InternalError
1673362815 | ERROR | dart.sync: Connection failed with code: InternalError
1673362815 | ERROR | dart.sync: Connection failed with code: InternalError
1673362815 | ERROR | dart.sync: Connection failed with code: InternalError
1673362815 | ERROR | dart.sync: Connection failed with code: InternalError
1673362815 | ERROR | dart.sync: Connection failed with code: InternalError
1673362815 | ERROR | dart.sync: Connection failed with code: InternalError
1673362815 | ERROR | dart.sync: Connection failed with code: InternalError
1673362815 | ERROR | dart.sync: Connection failed with code: InternalError
1673362815 | ERROR | dart.sync: Connection failed with code: InternalError
1673362815 | ERROR | dart.sync: Connection failed with code: InternalError
1673362815 | ERROR | dart.sync: Connection failed with code: InternalError
1673362815 | ERROR | dart.sync: Connection failed with code: InternalError
1673362815 | ERROR | dart.sync: Connection failed with code: InternalError
1673362815 | ERROR | dart.sync: Connection failed with code: InternalError
1673362815 | ERROR | dart.sync: Connection failed with code: InternalError
1673362815 | ERROR | dart.sync: Connection failed with code: InternalError
1673362816 | ERROR | dart.sync: Connection failed with code: InternalError
1673362816 | ERROR | dart.sync: Connection failed with code: InternalError
1673362816 | ERROR | dart.sync: Connection failed with code: InternalError
1673362816 | ERROR | dart.sync: Connection failed with code: InternalError
1673362816 | ERROR | dart.sync: Connection failed with code: InternalError
1673362816 | ERROR | dart.sync: Connection failed with code: InternalError
1673362816 | ERROR | dart.sync: Connection failed with code: InternalError
1673362816 | ERROR | dart.sync: Connection failed with code: InternalError
1673362816 | ERROR | dart.sync: Connection failed with code: InternalError
1673362816 | ERROR | dart.sync: Connection failed with code: InternalError
1673362816 | ERROR | dart.sync: Connection failed with code: InternalError
1673362816 | ERROR | dart.sync: Connection failed with code: InternalError
1673362816 | ERROR | dart.sync: Connection failed with code: InternalError
1673362816 | ERROR | dart.sync: Connection failed with code: InternalError
1673362816 | ERROR | dart.sync: Connection failed with code: InternalError
1673362816 | ERROR | dart.sync: Connection failed with code: InternalError
1673362816 | ERROR | dart.sync: Connection failed with code: InternalError
1673362816 | ERROR | dart.sync: Connection failed with code: InternalError
1673362816 | ERROR | dart.sync: Connection failed with code: InternalError
1673362816 | ERROR | dart.sync: Connection failed with code: InternalError
1673362816 | ERROR | dart.sync: Connection failed with code: InternalError
1673362816 | ERROR | dart.sync: Connection failed with code: InternalError
1673362816 | ERROR | dart.sync: Connection failed with code: InternalError
1673362816 | ERROR | dart.sync: Connection failed with code: InternalError
1673362816 | ERROR | dart.sync: Connection failed with code: InternalError
1673362816 | ERROR | dart.sync: Connection failed with code: InternalError
1673362816 | ERROR | dart.sync: Connection failed with code: InternalError
1673362816 | ERROR | dart.sync: Connection failed with code: InternalError
1673362816 | ERROR | dart.sync: Connection failed with code: InternalError
1673362816 | ERROR | dart.sync: Connection failed with code: InternalError
1673362816 | ERROR | dart.sync: Connection failed with code: InternalError
1673362816 | ERROR | dart.sync: Connection failed with code: InternalError
1673362816 | ERROR | dart.sync: Connection failed with code: InternalError
1673362816 | ERROR | dart.sync: Connection failed with code: InternalError
1673362816 | ERROR | dart.sync: Connection failed with code: InternalError
1673362816 | ERROR | dart.sync: Connection failed with code: InternalError
1673362816 | ERROR | dart.sync: Connection failed with code: InternalError
1673362816 | ERROR | dart.sync: Connection failed with code: InternalError
1673362816 | ERROR | dart.sync: Connection failed with code: InternalError
1673362816 | ERROR | dart.sync: Connection failed with code: InternalError
1673362816 | ERROR | dart.sync: Connection failed with code: InternalError
1673362816 | ERROR | dart.sync: Connection failed with code: InternalError
1673362816 | ERROR | dart.sync: Connection failed with code: InternalError
1673362816 | ERROR | dart.sync: Connection failed with code: InternalError
1673362816 | ERROR | dart.sync: Connection failed with code: InternalError
1673362816 | ERROR | dart.sync: Connection failed with code: InternalError
1673362816 | ERROR | dart.sync: Connection failed with code: InternalError
1673362816 | ERROR | dart.sync: Connection failed with code: InternalError
1673362816 | ERROR | dart.sync: Connection failed with code: InternalError
1673362817 | ERROR | dart.sync: Connection failed with code: InternalError
1673362817 | ERROR | dart.sync: Connection failed with code: InternalError
1673362817 | ERROR | dart.sync: Connection failed with code: InternalError
1673362817 | ERROR | dart.sync: Connection failed with code: InternalError
1673362817 | ERROR | dart.sync: Connection failed with code: InternalError
1673362817 | ERROR | dart.sync: Connection failed with code: InternalError
1673362817 | ERROR | dart.sync: Connection failed with code: InternalError
1673362817 | ERROR | dart.sync: Connection failed with code: InternalError
1673362817 | ERROR | dart.sync: Connection failed with code: InternalError
1673362817 | ERROR | dart.sync: Connection failed with code: InternalError
1673362817 | ERROR | dart.sync: Connection failed with code: InternalError
1673362817 | ERROR | dart.sync: Connection failed with code: InternalError
1673362817 | ERROR | dart.sync: Connection failed with code: InternalError
1673362817 | ERROR | dart.sync: Connection failed with code: InternalError
1673362817 | ERROR | dart.sync: Connection failed with code: InternalError
1673362817 | ERROR | dart.sync: Connection failed with code: InternalError
1673362817 | ERROR | dart.sync: Connection failed with code: InternalError
1673362817 | ERROR | dart.sync: Connection failed with code: InternalError
1673362817 | ERROR | dart.sync: Connection failed with code: InternalError
1673362817 | ERROR | dart.sync: Connection failed with code: InternalError
1673362817 | ERROR | dart.sync: Connection failed with code: InternalError
1673362817 | ERROR | dart.sync: Connection failed with code: InternalError
1673362817 | ERROR | dart.sync: Connection failed with code: InternalError
1673362817 | ERROR | dart.sync: Connection failed with code: InternalError
1673362817 | ERROR | dart.sync: Connection failed with code: InternalError
1673362817 | ERROR | dart.sync: Connection failed with code: InternalError
1673362817 | ERROR | dart.sync: Connection failed with code: InternalError
1673362817 | ERROR | dart.sync: Connection failed with code: InternalError
1673362817 | ERROR | dart.sync: Connection failed with code: InternalError
1673362817 | ERROR | dart.sync: Connection failed with code: InternalError
1673362817 | ERROR | dart.sync: Connection failed with code: InternalError
1673362817 | ERROR | dart.sync: Connection failed with code: InternalError
1673362817 | ERROR | dart.sync: Connection failed with code: InternalError
1673362817 | ERROR | dart.sync: Connection failed with code: InternalError
1673362817 | ERROR | dart.sync: Connection failed with code: InternalError
1673362817 | ERROR | dart.sync: Connection failed with code: InternalError
1673362817 | ERROR | dart.sync: Connection failed with code: InternalError
1673362817 | ERROR | dart.sync: Connection failed with code: InternalError
1673362817 | ERROR | dart.sync: Connection failed with code: InternalError
1673362817 | ERROR | dart.sync: Connection failed with code: InternalError
1673362817 | ERROR | dart.sync: Connection failed with code: InternalError
1673362817 | ERROR | dart.sync: Connection failed with code: InternalError
1673362817 | ERROR | dart.sync: Connection failed with code: InternalError
1673362817 | ERROR | dart.sync: Connection failed with code: InternalError
1673362817 | ERROR | dart.sync: Connection failed with code: InternalError
1673362817 | ERROR | dart.sync: Connection failed with code: InternalError
1673362817 | ERROR | dart.sync: Connection failed with code: InternalError
1673362817 | ERROR | dart.sync: Connection failed with code: InternalError
1673362817 | ERROR | dart.sync: Connection failed with code: InternalError
1673362817 | ERROR | dart.sync: Connection failed with code: InternalError
1673362817 | ERROR | dart.sync: Connection failed with code: InternalError
1673362818 | ERROR | dart.sync: Connection failed with code: InternalError
1673362818 | ERROR | dart.sync: Connection failed with code: InternalError
1673362818 | ERROR | dart.sync: Connection failed with code: InternalError
1673362818 | ERROR | dart.sync: Connection failed with code: InternalError
1673362818 | ERROR | dart.sync: Connection failed with code: InternalError
1673362818 | ERROR | dart.sync: Connection failed with code: InternalError
1673362818 | ERROR | dart.sync: Connection failed with code: InternalError
1673362818 | ERROR | dart.sync: Connection failed with code: InternalError
1673362818 | ERROR | dart.sync: Connection failed with code: InternalError
1673362818 | ERROR | dart.sync: Connection failed with code: InternalError
1673362818 | ERROR | dart.sync: Connection failed with code: InternalError
1673362818 | ERROR | dart.sync: Connection failed with code: InternalError
1673362818 | ERROR | dart.sync: Connection failed with code: InternalError
1673362818 | ERROR | dart.sync: Connection failed with code: InternalError
1673362818 | ERROR | dart.sync: Connection failed with code: InternalError
1673362818 | ERROR | dart.sync: Connection failed with code: InternalError
1673362818 | ERROR | dart.sync: Connection failed with code: InternalError
1673362818 | ERROR | dart.sync: Connection failed with code: InternalError
1673362818 | ERROR | dart.sync: Connection failed with code: InternalError
1673362818 | ERROR | dart.sync: Connection failed with code: InternalError
1673362818 | ERROR | dart.sync: Connection failed with code: InternalError
1673362818 | ERROR | dart.sync: Connection failed with code: InternalError
1673362818 | ERROR | dart.sync: Connection failed with code: InternalError
1673362818 | ERROR | dart.sync: Connection failed with code: InternalError
1673362818 | ERROR | dart.sync: Connection failed with code: InternalError
1673362818 | ERROR | dart.sync: Connection failed with code: InternalError
1673362818 | ERROR | dart.sync: Connection failed with code: InternalError
1673362818 | ERROR | dart.sync: Connection failed with code: InternalError
1673362818 | ERROR | dart.sync: Connection failed with code: InternalError
1673362818 | ERROR | dart.sync: Connection failed with code: InternalError
1673362818 | ERROR | dart.sync: Connection failed with code: InternalError
1673362818 | ERROR | dart.sync: Connection failed with code: InternalError
1673362818 | ERROR | dart.sync: Connection failed with code: InternalError
1673362818 | ERROR | dart.sync: Connection failed with code: InternalError
1673362818 | ERROR | dart.sync: Connection failed with code: InternalError
1673362818 | ERROR | dart.sync: Connection failed with code: InternalError
1673362818 | ERROR | dart.sync: Connection failed with code: InternalError
1673362818 | ERROR | dart.sync: Connection failed with code: InternalError
1673362818 | ERROR | dart.sync: Connection failed with code: InternalError
1673362818 | ERROR | dart.sync: Connection failed with code: InternalError
1673362818 | ERROR | dart.sync: Connection failed with code: InternalError
1673362818 | ERROR | dart.sync: Connection failed with code: InternalError
1673362818 | ERROR | dart.sync: Connection failed with code: InternalError
1673362818 | ERROR | dart.sync: Connection failed with code: InternalError
1673362818 | ERROR | dart.sync: Connection failed with code: InternalError
1673362818 | ERROR | dart.sync: Connection failed with code: InternalError
1673362818 | ERROR | dart.sync: Connection failed with code: InternalError
1673362818 | ERROR | dart.sync: Connection failed with code: InternalError
1673362819 | ERROR | dart.sync: Connection failed with code: InternalError
1673362819 | ERROR | dart.sync: Connection failed with code: InternalError
1673362819 | ERROR | dart.sync: Connection failed with code: InternalError
1673362819 | ERROR | dart.sync: Connection failed with code: InternalError
1673362819 | ERROR | dart.sync: Connection failed with code: InternalError
1673362819 | ERROR | dart.sync: Connection failed with code: InternalError
1673362819 | ERROR | dart.sync: Connection failed with code: InternalError
1673362819 | ERROR | dart.sync: Connection failed with code: InternalError
1673362819 | ERROR | dart.sync: Connection failed with code: InternalError
1673362819 | ERROR | dart.sync: Connection failed with code: InternalError
1673362819 | ERROR | dart.sync: Connection failed with code: InternalError
1673362819 | ERROR | dart.sync: Connection failed with code: InternalError
1673362819 | ERROR | dart.sync: Connection failed with code: InternalError
1673362819 | ERROR | dart.sync: Connection failed with code: InternalError
1673362819 | ERROR | dart.sync: Connection failed with code: InternalError
1673362819 | ERROR | dart.sync: Connection failed with code: InternalError
1673362819 | ERROR | dart.sync: Connection failed with code: InternalError
1673362819 | ERROR | dart.sync: Connection failed with code: InternalError
1673362819 | ERROR | dart.sync: Connection failed with code: InternalError
1673362819 | ERROR | dart.sync: Connection failed with code: InternalError
1673362819 | ERROR | dart.sync: Connection failed with code: InternalError
1673362819 | ERROR | dart.sync: Connection failed with code: InternalError
1673362819 | ERROR | dart.sync: Connection failed with code: InternalError
1673362819 | ERROR | dart.sync: Connection failed with code: InternalError
1673362819 | ERROR | dart.sync: Connection failed with code: InternalError
1673362819 | ERROR | dart.sync: Connection failed with code: InternalError
1673362819 | ERROR | dart.sync: Connection failed with code: InternalError
1673362819 | ERROR | dart.sync: Connection failed with code: InternalError
1673362819 | ERROR | dart.sync: Connection failed with code: InternalError
1673362819 | ERROR | dart.sync: Connection failed with code: InternalError
1673362819 | ERROR | dart.sync: Connection failed with code: InternalError
1673362819 | ERROR | dart.sync: Connection failed with code: InternalError
1673362819 | ERROR | dart.sync: Connection failed with code: InternalError
1673362819 | ERROR | dart.sync: Connection failed with code: InternalError
1673362819 | ERROR | dart.sync: Connection failed with code: InternalError
1673362819 | ERROR | dart.sync: Connection failed with code: InternalError
1673362819 | ERROR | dart.sync: Connection failed with code: InternalError
1673362819 | ERROR | dart.sync: Connection failed with code: InternalError
1673362819 | ERROR | dart.sync: Connection failed with code: InternalError
1673362819 | ERROR | dart.sync: Connection failed with code: InternalError
1673362819 | ERROR | dart.sync: Connection failed with code: InternalError
Register: epoch-dump-task logger

Register: transcript logger

Register: collector logger

Register: trans_server logger

Register: trans_response logger

1673362822 | WARN  | local-tagion: Sender not found
1673362823 | WARN  | local-tagion: Sender not found
1673362824 | WARN  | local-tagion: Sender not found
1673362826 | WARN  | local-tagion: Sender not found
1673362828 | WARN  | local-tagion: Sender not found
1673362829 | WARN  | local-tagion: Sender not found
1673362830 | WARN  | local-tagion: Sender not found
1673362830 | WARN  | local-tagion: Sender not found
1673362831 | WARN  | local-tagion: Sender not found
1673362833 | WARN  | local-tagion: Sender not found
1673362834 | WARN  | local-tagion: Sender not found
1673362837 | WARN  | local-tagion: Sender not found
1673362842 | WARN  | local-tagion: Sender not found
1673362842 | WARN  | local-tagion: Sender not found
1673362846 | WARN  | local-tagion: Sender not found
1673362846 | WARN  | local-tagion: Sender not found
1673362847 | WARN  | local-tagion: Sender not found
1673362848 | WARN  | local-tagion: Sender not found
1673362850 | WARN  | local-tagion: Sender not found
1673362851 | WARN  | local-tagion: Sender not found
1673362856 | WARN  | local-tagion: Sender not found
1673362858 | WARN  | local-tagion: Sender not found
1673362859 | WARN  | local-tagion: Sender not found
1673362860 | WARN  | local-tagion: Sender not found
1673362861 | WARN  | local-tagion: Sender not found
1673362863 | WARN  | local-tagion: Sender not found
1673362866 | WARN  | local-tagion: Sender not found
1673362866 | WARN  | local-tagion: Sender not found
1673362867 | WARN  | local-tagion: Sender not found
1673362868 | WARN  | local-tagion: Sender not found
1673362871 | WARN  | local-tagion: Sender not found
1673362872 | WARN  | local-tagion: Sender not found
1673362874 | WARN  | local-tagion: Sender not found
1673362877 | WARN  | local-tagion: Sender not found
1673362879 | WARN  | local-tagion: Sender not found
1673362884 | WARN  | local-tagion: Sender not found
1673362886 | WARN  | local-tagion: Sender not found
1673362887 | WARN  | local-tagion: Sender not found
1673362890 | WARN  | local-tagion: Sender not found
1673362890 | WARN  | local-tagion: Sender not found
1673362891 | WARN  | local-tagion: Sender not found
1673362892 | WARN  | local-tagion: Sender not found
1673362893 | WARN  | local-tagion: Sender not found
1673362894 | WARN  | local-tagion: Sender not found
1673362895 | WARN  | local-tagion: Sender not found
1673362896 | WARN  | local-tagion: Sender not found
1673362897 | WARN  | local-tagion: Sender not found
1673362898 | WARN  | local-tagion: Sender not found
1673362899 | WARN  | local-tagion: Sender not found
1673362902 | WARN  | local-tagion: Sender not found
1673362904 | WARN  | local-tagion: Sender not found
1673362907 | WARN  | local-tagion: Sender not found
1673362909 | WARN  | local-tagion: Sender not found
1673362910 | WARN  | local-tagion: Sender not found
1673362912 | WARN  | local-tagion: Sender not found
1673362913 | WARN  | local-tagion: Sender not found
1673362914 | WARN  | local-tagion: Sender not found
1673362916 | WARN  | local-tagion: Sender not found
1673362922 | WARN  | local-tagion: Sender not found
1673362930 | WARN  | local-tagion: Sender not found
1673362930 | WARN  | local-tagion: Sender not found
1673362931 | WARN  | local-tagion: Sender not found
1673362932 | WARN  | local-tagion: Sender not found
1673362933 | WARN  | local-tagion: Sender not found
1673362934 | WARN  | local-tagion: Sender not found
1673362934 | WARN  | local-tagion: Sender not found
1673362935 | WARN  | local-tagion: Sender not found
1673362936 | WARN  | local-tagion: Sender not found
1673362937 | WARN  | local-tagion: Sender not found
1673362938 | WARN  | local-tagion: Sender not found
1673362938 | WARN  | local-tagion: Sender not found
1673362939 | WARN  | local-tagion: Sender not found
1673362940 | WARN  | local-tagion: Sender not found
1673362941 | WARN  | local-tagion: Sender not found
1673362942 | WARN  | local-tagion: Sender not found
1673362943 | WARN  | local-tagion: Sender not found
1673362944 | WARN  | local-tagion: Sender not found
1673362946 | WARN  | local-tagion: Sender not found
1673362946 | WARN  | local-tagion: Sender not found
1673362948 | WARN  | local-tagion: Sender not found
1673362949 | WARN  | local-tagion: Sender not found
1673362950 | WARN  | local-tagion: Sender not found
1673362950 | WARN  | local-tagion: Sender not found
1673362953 | WARN  | local-tagion: Sender not found
1673362954 | WARN  | local-tagion: Sender not found
1673362957 | WARN  | local-tagion: Sender not found
1673362958 | WARN  | local-tagion: Sender not found
1673362958 | WARN  | local-tagion: Sender not found
1673362960 | WARN  | local-tagion: Sender not found
1673362962 | WARN  | local-tagion: Sender not found
1673362962 | WARN  | local-tagion: Sender not found
1673362963 | WARN  | local-tagion: Sender not found
1673362964 | WARN  | local-tagion: Sender not found
1673362965 | WARN  | local-tagion: Sender not found
1673362966 | WARN  | local-tagion: Sender not found
1673362967 | WARN  | local-tagion: Sender not found
1673362969 | WARN  | local-tagion: Sender not found
1673362970 | WARN  | local-tagion: Sender not found
1673362971 | WARN  | local-tagion: Sender not found
1673362972 | WARN  | local-tagion: Sender not found
1673362974 | WARN  | local-tagion: Sender not found
1673362975 | WARN  | local-tagion: Sender not found
1673362976 | WARN  | local-tagion: Sender not found
1673362979 | WARN  | local-tagion: Sender not found
1673362980 | WARN  | local-tagion: Sender not found
1673362983 | WARN  | local-tagion: Sender not found
1673362983 | WARN  | local-tagion: Sender not found
1673362987 | WARN  | local-tagion: Sender not found
1673362988 | WARN  | local-tagion: Sender not found
1673362989 | WARN  | local-tagion: Sender not found
1673362990 | WARN  | local-tagion: Sender not found
1673362992 | WARN  | local-tagion: Sender not found
1673362993 | WARN  | local-tagion: Sender not found
1673362994 | WARN  | local-tagion: Sender not found
1673362995 | WARN  | local-tagion: Sender not found
1673362996 | WARN  | local-tagion: Sender not found
1673362997 | WARN  | local-tagion: Sender not found
1673362999 | WARN  | local-tagion: Sender not found
1673362999 | WARN  | local-tagion: Sender not found
1673363002 | WARN  | local-tagion: Sender not found
1673363007 | WARN  | local-tagion: Sender not found
1673363008 | WARN  | local-tagion: Sender not found
1673363009 | WARN  | local-tagion: Sender not found
1673363010 | WARN  | local-tagion: Sender not found
1673363011 | WARN  | local-tagion: Sender not found
1673363012 | WARN  | local-tagion: Sender not found
1673363015 | WARN  | local-tagion: Sender not found
1673363016 | WARN  | local-tagion: Sender not found
1673363017 | WARN  | local-tagion: Sender not found
1673363020 | WARN  | local-tagion: Sender not found
1673363022 | WARN  | local-tagion: Sender not found
1673363023 | WARN  | local-tagion: Sender not found
1673363023 | WARN  | local-tagion: Sender not found
1673363024 | WARN  | local-tagion: Sender not found
1673363025 | WARN  | local-tagion: Sender not found
1673363028 | WARN  | local-tagion: Sender not found
1673363029 | WARN  | local-tagion: Sender not found
1673363036 | WARN  | local-tagion: Sender not found
1673363039 | WARN  | local-tagion: Sender not found
1673363040 | WARN  | local-tagion: Sender not found
1673363042 | WARN  | local-tagion: Sender not found
1673363044 | WARN  | local-tagion: Sender not found
1673363046 | WARN  | local-tagion: Sender not found
1673363047 | WARN  | local-tagion: Sender not found
1673363049 | WARN  | local-tagion: Sender not found
1673363050 | WARN  | local-tagion: Sender not found
1673363051 | WARN  | local-tagion: Sender not found
1673363052 | WARN  | local-tagion: Sender not found
1673363054 | WARN  | local-tagion: Sender not found
1673363055 | WARN  | local-tagion: Sender not found
1673363063 | WARN  | local-tagion: Sender not found
1673363066 | WARN  | local-tagion: Sender not found
1673363067 | WARN  | local-tagion: Sender not found
1673363068 | WARN  | local-tagion: Sender not found
1673363071 | WARN  | local-tagion: Sender not found
1673363072 | WARN  | local-tagion: Sender not found
1673363073 | WARN  | local-tagion: Sender not found
1673363075 | WARN  | local-tagion: Sender not found
1673363075 | WARN  | local-tagion: Sender not found
1673363076 | WARN  | local-tagion: Sender not found
1673363078 | WARN  | local-tagion: Sender not found
1673363080 | WARN  | local-tagion: Sender not found
1673363081 | WARN  | local-tagion: Sender not found
1673363082 | WARN  | local-tagion: Sender not found
1673363083 | WARN  | local-tagion: Sender not found
1673363087 | WARN  | local-tagion: Sender not found
1673363088 | WARN  | local-tagion: Sender not found
1673363090 | WARN  | local-tagion: Sender not found
1673363092 | WARN  | local-tagion: Sender not found
1673363093 | WARN  | local-tagion: Sender not found
1673363097 | WARN  | local-tagion: Sender not found
1673363099 | WARN  | local-tagion: Sender not found
1673363099 | WARN  | local-tagion: Sender not found
1673363102 | WARN  | local-tagion: Sender not found
1673363105 | WARN  | local-tagion: Sender not found
1673363106 | WARN  | local-tagion: Sender not found
1673363110 | WARN  | local-tagion: Sender not found
1673363111 | WARN  | local-tagion: Sender not found
1673363115 | WARN  | local-tagion: Sender not found
1673363117 | WARN  | local-tagion: Sender not found
1673363118 | WARN  | local-tagion: Sender not found
1673363119 | WARN  | local-tagion: Sender not found
1673363121 | WARN  | local-tagion: Sender not found
1673363123 | WARN  | local-tagion: Sender not found
1673363125 | WARN  | local-tagion: Sender not found
1673363127 | WARN  | local-tagion: Sender not found
1673363130 | WARN  | local-tagion: Sender not found
1673363131 | WARN  | local-tagion: Sender not found
1673363134 | WARN  | local-tagion: Sender not found
1673363135 | WARN  | local-tagion: Sender not found
1673363139 | WARN  | local-tagion: Sender not found
1673363140 | WARN  | local-tagion: Sender not found
1673363143 | WARN  | local-tagion: Sender not found
1673363144 | WARN  | local-tagion: Sender not found
1673363145 | WARN  | local-tagion: Sender not found
1673363147 | WARN  | local-tagion: Sender not found
1673363148 | WARN  | local-tagion: Sender not found
1673363149 | WARN  | local-tagion: Sender not found
1673363151 | WARN  | local-tagion: Sender not found
1673363151 | WARN  | local-tagion: Sender not found
1673363154 | WARN  | local-tagion: Sender not found
1673363155 | WARN  | local-tagion: Sender not found
1673363155 | WARN  | local-tagion: Sender not found
1673363159 | WARN  | local-tagion: Sender not found
1673363159 | WARN  | local-tagion: Sender not found
