Waiting for logger
Logger started
Register: tagionwave logger

Register: heartbeat logger

Register: local-tagion logger

Register: discovery logger

Register: discovery-internal logger

Register: tagion.dart logger

Register: dart.sync logger

1673362813 | ERROR | dart.sync: Connection failed with code: InternalError
1673362813 | ERROR | dart.sync: Connection failed with code: InternalError
1673362813 | ERROR | dart.sync: Connection failed with code: InternalError
1673362813 | ERROR | dart.sync: Connection failed with code: InternalError
1673362813 | ERROR | dart.sync: Connection failed with code: InternalError
1673362813 | ERROR | dart.sync: Connection failed with code: InternalError
1673362813 | ERROR | dart.sync: Connection failed with code: InternalError
1673362813 | ERROR | dart.sync: Connection failed with code: InternalError
1673362814 | ERROR | dart.sync: Connection failed with code: InternalError
1673362814 | ERROR | dart.sync: Connection failed with code: InternalError
1673362814 | ERROR | dart.sync: Connection failed with code: InternalError
1673362814 | ERROR | dart.sync: Connection failed with code: InternalError
1673362814 | ERROR | dart.sync: Connection failed with code: InternalError
1673362814 | ERROR | dart.sync: Connection failed with code: InternalError
1673362814 | ERROR | dart.sync: Connection failed with code: InternalError
1673362814 | ERROR | dart.sync: Connection failed with code: InternalError
1673362814 | ERROR | dart.sync: Connection failed with code: InternalError
1673362814 | ERROR | dart.sync: Connection failed with code: InternalError
1673362814 | ERROR | dart.sync: Connection failed with code: InternalError
1673362814 | ERROR | dart.sync: Connection failed with code: InternalError
1673362814 | ERROR | dart.sync: Connection failed with code: InternalError
1673362814 | ERROR | dart.sync: Connection failed with code: InternalError
1673362814 | ERROR | dart.sync: Connection failed with code: InternalError
1673362814 | ERROR | dart.sync: Connection failed with code: InternalError
1673362814 | ERROR | dart.sync: Connection failed with code: InternalError
1673362814 | ERROR | dart.sync: Connection failed with code: InternalError
1673362814 | ERROR | dart.sync: Connection failed with code: InternalError
1673362814 | ERROR | dart.sync: Connection failed with code: InternalError
1673362814 | ERROR | dart.sync: Connection failed with code: InternalError
1673362814 | ERROR | dart.sync: Connection failed with code: InternalError
1673362814 | ERROR | dart.sync: Connection failed with code: InternalError
1673362815 | ERROR | dart.sync: Connection failed with code: InternalError
1673362815 | ERROR | dart.sync: Connection failed with code: InternalError
1673362815 | ERROR | dart.sync: Connection failed with code: InternalError
1673362815 | ERROR | dart.sync: Connection failed with code: InternalError
1673362815 | ERROR | dart.sync: Connection failed with code: InternalError
1673362815 | ERROR | dart.sync: Connection failed with code: InternalError
1673362815 | ERROR | dart.sync: Connection failed with code: InternalError
1673362815 | ERROR | dart.sync: Connection failed with code: InternalError
1673362815 | ERROR | dart.sync: Connection failed with code: InternalError
1673362815 | ERROR | dart.sync: Connection failed with code: InternalError
1673362815 | ERROR | dart.sync: Connection failed with code: InternalError
1673362815 | ERROR | dart.sync: Connection failed with code: InternalError
1673362815 | ERROR | dart.sync: Connection failed with code: InternalError
1673362815 | ERROR | dart.sync: Connection failed with code: InternalError
1673362815 | ERROR | dart.sync: Connection failed with code: InternalError
1673362815 | ERROR | dart.sync: Connection failed with code: InternalError
1673362815 | ERROR | dart.sync: Connection failed with code: InternalError
1673362815 | ERROR | dart.sync: Connection failed with code: InternalError
1673362815 | ERROR | dart.sync: Connection failed with code: InternalError
1673362815 | ERROR | dart.sync: Connection failed with code: InternalError
1673362815 | ERROR | dart.sync: Connection failed with code: InternalError
1673362815 | ERROR | dart.sync: Connection failed with code: InternalError
1673362815 | ERROR | dart.sync: Connection failed with code: InternalError
1673362815 | ERROR | dart.sync: Connection failed with code: InternalError
1673362815 | ERROR | dart.sync: Connection failed with code: InternalError
1673362815 | ERROR | dart.sync: Connection failed with code: InternalError
1673362815 | ERROR | dart.sync: Connection failed with code: InternalError
1673362815 | ERROR | dart.sync: Connection failed with code: InternalError
1673362815 | ERROR | dart.sync: Connection failed with code: InternalError
1673362815 | ERROR | dart.sync: Connection failed with code: InternalError
1673362815 | ERROR | dart.sync: Connection failed with code: InternalError
1673362815 | ERROR | dart.sync: Connection failed with code: InternalError
1673362815 | ERROR | dart.sync: Connection failed with code: InternalError
1673362815 | ERROR | dart.sync: Connection failed with code: InternalError
1673362815 | ERROR | dart.sync: Connection failed with code: InternalError
1673362815 | ERROR | dart.sync: Connection failed with code: InternalError
1673362815 | ERROR | dart.sync: Connection failed with code: InternalError
1673362815 | ERROR | dart.sync: Connection failed with code: InternalError
1673362816 | ERROR | dart.sync: Connection failed with code: InternalError
1673362816 | ERROR | dart.sync: Connection failed with code: InternalError
1673362816 | ERROR | dart.sync: Connection failed with code: InternalError
1673362816 | ERROR | dart.sync: Connection failed with code: InternalError
1673362816 | ERROR | dart.sync: Connection failed with code: InternalError
1673362816 | ERROR | dart.sync: Connection failed with code: InternalError
1673362816 | ERROR | dart.sync: Connection failed with code: InternalError
1673362816 | ERROR | dart.sync: Connection failed with code: InternalError
1673362816 | ERROR | dart.sync: Connection failed with code: InternalError
1673362816 | ERROR | dart.sync: Connection failed with code: InternalError
1673362816 | ERROR | dart.sync: Connection failed with code: InternalError
1673362816 | ERROR | dart.sync: Connection failed with code: InternalError
1673362816 | ERROR | dart.sync: Connection failed with code: InternalError
1673362816 | ERROR | dart.sync: Connection failed with code: InternalError
1673362816 | ERROR | dart.sync: Connection failed with code: InternalError
1673362816 | ERROR | dart.sync: Connection failed with code: InternalError
1673362816 | ERROR | dart.sync: Connection failed with code: InternalError
1673362816 | ERROR | dart.sync: Connection failed with code: InternalError
1673362816 | ERROR | dart.sync: Connection failed with code: InternalError
1673362816 | ERROR | dart.sync: Connection failed with code: InternalError
1673362816 | ERROR | dart.sync: Connection failed with code: InternalError
1673362816 | ERROR | dart.sync: Connection failed with code: InternalError
1673362816 | ERROR | dart.sync: Connection failed with code: InternalError
1673362816 | ERROR | dart.sync: Connection failed with code: InternalError
1673362816 | ERROR | dart.sync: Connection failed with code: InternalError
1673362816 | ERROR | dart.sync: Connection failed with code: InternalError
1673362816 | ERROR | dart.sync: Connection failed with code: InternalError
1673362816 | ERROR | dart.sync: Connection failed with code: InternalError
1673362816 | ERROR | dart.sync: Connection failed with code: InternalError
1673362816 | ERROR | dart.sync: Connection failed with code: InternalError
1673362816 | ERROR | dart.sync: Connection failed with code: InternalError
1673362816 | ERROR | dart.sync: Connection failed with code: InternalError
1673362817 | ERROR | dart.sync: Connection failed with code: InternalError
1673362817 | ERROR | dart.sync: Connection failed with code: InternalError
1673362817 | ERROR | dart.sync: Connection failed with code: InternalError
1673362817 | ERROR | dart.sync: Connection failed with code: InternalError
1673362817 | ERROR | dart.sync: Connection failed with code: InternalError
1673362817 | ERROR | dart.sync: Connection failed with code: InternalError
1673362817 | ERROR | dart.sync: Connection failed with code: InternalError
1673362817 | ERROR | dart.sync: Connection failed with code: InternalError
1673362817 | ERROR | dart.sync: Connection failed with code: InternalError
1673362817 | ERROR | dart.sync: Connection failed with code: InternalError
1673362817 | ERROR | dart.sync: Connection failed with code: InternalError
1673362817 | ERROR | dart.sync: Connection failed with code: InternalError
1673362817 | ERROR | dart.sync: Connection failed with code: InternalError
1673362817 | ERROR | dart.sync: Connection failed with code: InternalError
1673362817 | ERROR | dart.sync: Connection failed with code: InternalError
1673362817 | ERROR | dart.sync: Connection failed with code: InternalError
1673362817 | ERROR | dart.sync: Connection failed with code: InternalError
1673362817 | ERROR | dart.sync: Connection failed with code: InternalError
1673362817 | ERROR | dart.sync: Connection failed with code: InternalError
1673362817 | ERROR | dart.sync: Connection failed with code: InternalError
1673362817 | ERROR | dart.sync: Connection failed with code: InternalError
1673362817 | ERROR | dart.sync: Connection failed with code: InternalError
1673362817 | ERROR | dart.sync: Connection failed with code: InternalError
1673362817 | ERROR | dart.sync: Connection failed with code: InternalError
1673362817 | ERROR | dart.sync: Connection failed with code: InternalError
1673362817 | ERROR | dart.sync: Connection failed with code: InternalError
1673362817 | ERROR | dart.sync: Connection failed with code: InternalError
1673362817 | ERROR | dart.sync: Connection failed with code: InternalError
1673362817 | ERROR | dart.sync: Connection failed with code: InternalError
1673362817 | ERROR | dart.sync: Connection failed with code: InternalError
1673362817 | ERROR | dart.sync: Connection failed with code: InternalError
1673362817 | ERROR | dart.sync: Connection failed with code: InternalError
1673362817 | ERROR | dart.sync: Connection failed with code: InternalError
1673362817 | ERROR | dart.sync: Connection failed with code: InternalError
1673362817 | ERROR | dart.sync: Connection failed with code: InternalError
1673362817 | ERROR | dart.sync: Connection failed with code: InternalError
1673362817 | ERROR | dart.sync: Connection failed with code: InternalError
1673362817 | ERROR | dart.sync: Connection failed with code: InternalError
1673362817 | ERROR | dart.sync: Connection failed with code: InternalError
1673362817 | ERROR | dart.sync: Connection failed with code: InternalError
1673362817 | ERROR | dart.sync: Connection failed with code: InternalError
1673362817 | ERROR | dart.sync: Connection failed with code: InternalError
1673362817 | ERROR | dart.sync: Connection failed with code: InternalError
1673362817 | ERROR | dart.sync: Connection failed with code: InternalError
1673362817 | ERROR | dart.sync: Connection failed with code: InternalError
1673362817 | ERROR | dart.sync: Connection failed with code: InternalError
Register: epoch-dump-task logger

Register: transcript logger

Register: collector logger

Register: trans_server logger

Register: trans_response logger

1673362820 | WARN  | local-tagion: Sender not found
1673362822 | WARN  | local-tagion: Sender not found
1673362822 | WARN  | local-tagion: Sender not found
1673362824 | WARN  | local-tagion: Sender not found
1673362826 | WARN  | local-tagion: Sender not found
1673362827 | WARN  | local-tagion: Sender not found
1673362828 | WARN  | local-tagion: Sender not found
1673362829 | WARN  | local-tagion: Sender not found
1673362830 | WARN  | local-tagion: Sender not found
1673362831 | WARN  | local-tagion: Sender not found
1673362833 | WARN  | local-tagion: Sender not found
1673362835 | WARN  | local-tagion: Sender not found
1673362840 | WARN  | local-tagion: Sender not found
1673362841 | WARN  | local-tagion: Sender not found
1673362844 | WARN  | local-tagion: Sender not found
1673362845 | WARN  | local-tagion: Sender not found
1673362846 | WARN  | local-tagion: Sender not found
1673362846 | WARN  | local-tagion: Sender not found
1673362849 | WARN  | local-tagion: Sender not found
1673362850 | WARN  | local-tagion: Sender not found
1673362854 | WARN  | local-tagion: Sender not found
1673362857 | WARN  | local-tagion: Sender not found
1673362858 | WARN  | local-tagion: Sender not found
1673362858 | WARN  | local-tagion: Sender not found
1673362859 | WARN  | local-tagion: Sender not found
1673362862 | WARN  | local-tagion: Sender not found
1673362864 | WARN  | local-tagion: Sender not found
1673362865 | WARN  | local-tagion: Sender not found
1673362866 | WARN  | local-tagion: Sender not found
1673362866 | WARN  | local-tagion: Sender not found
1673362870 | WARN  | local-tagion: Sender not found
1673362870 | WARN  | local-tagion: Sender not found
1673362873 | WARN  | local-tagion: Sender not found
1673362875 | WARN  | local-tagion: Sender not found
1673362878 | WARN  | local-tagion: Sender not found
1673362883 | WARN  | local-tagion: Sender not found
1673362885 | WARN  | local-tagion: Sender not found
1673362886 | WARN  | local-tagion: Sender not found
1673362888 | WARN  | local-tagion: Sender not found
1673362889 | WARN  | local-tagion: Sender not found
1673362890 | WARN  | local-tagion: Sender not found
1673362890 | WARN  | local-tagion: Sender not found
1673362891 | WARN  | local-tagion: Sender not found
1673362893 | WARN  | local-tagion: Sender not found
1673362894 | WARN  | local-tagion: Sender not found
1673362894 | WARN  | local-tagion: Sender not found
1673362895 | WARN  | local-tagion: Sender not found
1673362896 | WARN  | local-tagion: Sender not found
1673362898 | WARN  | local-tagion: Sender not found
1673362900 | WARN  | local-tagion: Sender not found
1673362903 | WARN  | local-tagion: Sender not found
1673362906 | WARN  | local-tagion: Sender not found
1673362907 | WARN  | local-tagion: Sender not found
1673362908 | WARN  | local-tagion: Sender not found
1673362911 | WARN  | local-tagion: Sender not found
1673362911 | WARN  | local-tagion: Sender not found
1673362913 | WARN  | local-tagion: Sender not found
1673362915 | WARN  | local-tagion: Sender not found
1673362921 | WARN  | local-tagion: Sender not found
1673362928 | WARN  | local-tagion: Sender not found
1673362929 | WARN  | local-tagion: Sender not found
1673362930 | WARN  | local-tagion: Sender not found
1673362931 | WARN  | local-tagion: Sender not found
1673362931 | WARN  | local-tagion: Sender not found
1673362932 | WARN  | local-tagion: Sender not found
1673362933 | WARN  | local-tagion: Sender not found
1673362934 | WARN  | local-tagion: Sender not found
1673362935 | WARN  | local-tagion: Sender not found
1673362935 | WARN  | local-tagion: Sender not found
1673362936 | WARN  | local-tagion: Sender not found
1673362937 | WARN  | local-tagion: Sender not found
1673362938 | WARN  | local-tagion: Sender not found
1673362939 | WARN  | local-tagion: Sender not found
1673362939 | WARN  | local-tagion: Sender not found
1673362940 | WARN  | local-tagion: Sender not found
1673362942 | WARN  | local-tagion: Sender not found
1673362943 | WARN  | local-tagion: Sender not found
1673362944 | WARN  | local-tagion: Sender not found
1673362945 | WARN  | local-tagion: Sender not found
1673362947 | WARN  | local-tagion: Sender not found
1673362947 | WARN  | local-tagion: Sender not found
1673362948 | WARN  | local-tagion: Sender not found
1673362949 | WARN  | local-tagion: Sender not found
1673362951 | WARN  | local-tagion: Sender not found
1673362952 | WARN  | local-tagion: Sender not found
1673362955 | WARN  | local-tagion: Sender not found
1673362956 | WARN  | local-tagion: Sender not found
1673362957 | WARN  | local-tagion: Sender not found
1673362959 | WARN  | local-tagion: Sender not found
1673362960 | WARN  | local-tagion: Sender not found
1673362961 | WARN  | local-tagion: Sender not found
1673362962 | WARN  | local-tagion: Sender not found
1673362963 | WARN  | local-tagion: Sender not found
1673362963 | WARN  | local-tagion: Sender not found
1673362964 | WARN  | local-tagion: Sender not found
1673362966 | WARN  | local-tagion: Sender not found
1673362967 | WARN  | local-tagion: Sender not found
1673362969 | WARN  | local-tagion: Sender not found
1673362970 | WARN  | local-tagion: Sender not found
1673362971 | WARN  | local-tagion: Sender not found
1673362972 | WARN  | local-tagion: Sender not found
1673362974 | WARN  | local-tagion: Sender not found
1673362975 | WARN  | local-tagion: Sender not found
1673362978 | WARN  | local-tagion: Sender not found
1673362979 | WARN  | local-tagion: Sender not found
1673362981 | WARN  | local-tagion: Sender not found
1673362982 | WARN  | local-tagion: Sender not found
1673362986 | WARN  | local-tagion: Sender not found
1673362987 | WARN  | local-tagion: Sender not found
1673362987 | WARN  | local-tagion: Sender not found
1673362988 | WARN  | local-tagion: Sender not found
1673362991 | WARN  | local-tagion: Sender not found
1673362991 | WARN  | local-tagion: Sender not found
1673362992 | WARN  | local-tagion: Sender not found
1673362993 | WARN  | local-tagion: Sender not found
1673362995 | WARN  | local-tagion: Sender not found
1673362995 | WARN  | local-tagion: Sender not found
1673362997 | WARN  | local-tagion: Sender not found
1673362998 | WARN  | local-tagion: Sender not found
1673363000 | WARN  | local-tagion: Sender not found
1673363006 | WARN  | local-tagion: Sender not found
1673363007 | WARN  | local-tagion: Sender not found
1673363007 | WARN  | local-tagion: Sender not found
1673363008 | WARN  | local-tagion: Sender not found
1673363009 | WARN  | local-tagion: Sender not found
1673363011 | WARN  | local-tagion: Sender not found
1673363013 | WARN  | local-tagion: Sender not found
1673363015 | WARN  | local-tagion: Sender not found
1673363015 | WARN  | local-tagion: Sender not found
1673363019 | WARN  | local-tagion: Sender not found
1673363020 | WARN  | local-tagion: Sender not found
1673363021 | WARN  | local-tagion: Sender not found
1673363022 | WARN  | local-tagion: Sender not found
1673363023 | WARN  | local-tagion: Sender not found
1673363023 | WARN  | local-tagion: Sender not found
1673363027 | WARN  | local-tagion: Sender not found
1673363027 | WARN  | local-tagion: Sender not found
1673363035 | WARN  | local-tagion: Sender not found
1673363037 | WARN  | local-tagion: Sender not found
1673363039 | WARN  | local-tagion: Sender not found
1673363040 | WARN  | local-tagion: Sender not found
1673363043 | WARN  | local-tagion: Sender not found
1673363044 | WARN  | local-tagion: Sender not found
1673363046 | WARN  | local-tagion: Sender not found
1673363047 | WARN  | local-tagion: Sender not found
1673363048 | WARN  | local-tagion: Sender not found
1673363049 | WARN  | local-tagion: Sender not found
1673363051 | WARN  | local-tagion: Sender not found
1673363052 | WARN  | local-tagion: Sender not found
1673363054 | WARN  | local-tagion: Sender not found
1673363062 | WARN  | local-tagion: Sender not found
1673363064 | WARN  | local-tagion: Sender not found
1673363066 | WARN  | local-tagion: Sender not found
1673363067 | WARN  | local-tagion: Sender not found
1673363070 | WARN  | local-tagion: Sender not found
1673363071 | WARN  | local-tagion: Sender not found
1673363071 | WARN  | local-tagion: Sender not found
1673363073 | WARN  | local-tagion: Sender not found
1673363074 | WARN  | local-tagion: Sender not found
1673363075 | WARN  | local-tagion: Sender not found
1673363076 | WARN  | local-tagion: Sender not found
1673363079 | WARN  | local-tagion: Sender not found
1673363079 | WARN  | local-tagion: Sender not found
1673363080 | WARN  | local-tagion: Sender not found
1673363082 | WARN  | local-tagion: Sender not found
1673363085 | WARN  | local-tagion: Sender not found
1673363087 | WARN  | local-tagion: Sender not found
1673363088 | WARN  | local-tagion: Sender not found
1673363091 | WARN  | local-tagion: Sender not found
1673363091 | WARN  | local-tagion: Sender not found
1673363095 | WARN  | local-tagion: Sender not found
1673363097 | WARN  | local-tagion: Sender not found
1673363098 | WARN  | local-tagion: Sender not found
1673363100 | WARN  | local-tagion: Sender not found
1673363103 | WARN  | local-tagion: Sender not found
1673363104 | WARN  | local-tagion: Sender not found
1673363108 | WARN  | local-tagion: Sender not found
1673363110 | WARN  | local-tagion: Sender not found
1673363114 | WARN  | local-tagion: Sender not found
1673363115 | WARN  | local-tagion: Sender not found
1673363116 | WARN  | local-tagion: Sender not found
1673363118 | WARN  | local-tagion: Sender not found
1673363119 | WARN  | local-tagion: Sender not found
1673363121 | WARN  | local-tagion: Sender not found
1673363123 | WARN  | local-tagion: Sender not found
1673363126 | WARN  | local-tagion: Sender not found
1673363128 | WARN  | local-tagion: Sender not found
1673363129 | WARN  | local-tagion: Sender not found
1673363132 | WARN  | local-tagion: Sender not found
1673363134 | WARN  | local-tagion: Sender not found
1673363138 | WARN  | local-tagion: Sender not found
1673363139 | WARN  | local-tagion: Sender not found
1673363141 | WARN  | local-tagion: Sender not found
1673363143 | WARN  | local-tagion: Sender not found
1673363143 | WARN  | local-tagion: Sender not found
1673363146 | WARN  | local-tagion: Sender not found
1673363147 | WARN  | local-tagion: Sender not found
1673363147 | WARN  | local-tagion: Sender not found
1673363149 | WARN  | local-tagion: Sender not found
1673363150 | WARN  | local-tagion: Sender not found
1673363152 | WARN  | local-tagion: Sender not found
1673363153 | WARN  | local-tagion: Sender not found
1673363154 | WARN  | local-tagion: Sender not found
1673363157 | WARN  | local-tagion: Sender not found
1673363158 | WARN  | local-tagion: Sender not found
1673363159 | WARN  | local-tagion: Sender not found
1673363160 | WARN  | local-tagion: Sender not found
1673363162 | WARN  | local-tagion: Sender not found
1673363163 | WARN  | local-tagion: Sender not found
