Waiting for logger
Logger started
Register: tagionwave logger

Register: heartbeat logger

Register: local-tagion logger

Register: discovery logger

Register: discovery-internal logger

Register: tagion.dart logger

Register: dart.sync logger

1673362813 | ERROR | dart.sync: Connection failed with code: InternalError
1673362813 | ERROR | dart.sync: Connection failed with code: InternalError
1673362813 | ERROR | dart.sync: Connection failed with code: InternalError
1673362813 | ERROR | dart.sync: Connection failed with code: InternalError
1673362814 | ERROR | dart.sync: Connection failed with code: InternalError
1673362814 | ERROR | dart.sync: Connection failed with code: InternalError
1673362814 | ERROR | dart.sync: Connection failed with code: InternalError
1673362814 | ERROR | dart.sync: Connection failed with code: InternalError
1673362814 | ERROR | dart.sync: Connection failed with code: InternalError
1673362814 | ERROR | dart.sync: Connection failed with code: InternalError
1673362814 | ERROR | dart.sync: Connection failed with code: InternalError
1673362814 | ERROR | dart.sync: Connection failed with code: InternalError
1673362814 | ERROR | dart.sync: Connection failed with code: InternalError
1673362814 | ERROR | dart.sync: Connection failed with code: InternalError
1673362814 | ERROR | dart.sync: Connection failed with code: InternalError
1673362814 | ERROR | dart.sync: Connection failed with code: InternalError
1673362814 | ERROR | dart.sync: Connection failed with code: InternalError
1673362814 | ERROR | dart.sync: Connection failed with code: InternalError
1673362814 | ERROR | dart.sync: Connection failed with code: InternalError
1673362814 | ERROR | dart.sync: Connection failed with code: InternalError
1673362814 | ERROR | dart.sync: Connection failed with code: InternalError
1673362814 | ERROR | dart.sync: Connection failed with code: InternalError
1673362814 | ERROR | dart.sync: Connection failed with code: InternalError
1673362814 | ERROR | dart.sync: Connection failed with code: InternalError
1673362814 | ERROR | dart.sync: Connection failed with code: InternalError
1673362814 | ERROR | dart.sync: Connection failed with code: InternalError
1673362814 | ERROR | dart.sync: Connection failed with code: InternalError
1673362814 | ERROR | dart.sync: Connection failed with code: InternalError
1673362814 | ERROR | dart.sync: Connection failed with code: InternalError
1673362814 | ERROR | dart.sync: Connection failed with code: InternalError
1673362814 | ERROR | dart.sync: Connection failed with code: InternalError
1673362814 | ERROR | dart.sync: Connection failed with code: InternalError
1673362814 | ERROR | dart.sync: Connection failed with code: InternalError
1673362814 | ERROR | dart.sync: Connection failed with code: InternalError
1673362814 | ERROR | dart.sync: Connection failed with code: InternalError
1673362814 | ERROR | dart.sync: Connection failed with code: InternalError
1673362814 | ERROR | dart.sync: Connection failed with code: InternalError
1673362814 | ERROR | dart.sync: Connection failed with code: InternalError
1673362814 | ERROR | dart.sync: Connection failed with code: InternalError
1673362815 | ERROR | dart.sync: Connection failed with code: InternalError
1673362815 | ERROR | dart.sync: Connection failed with code: InternalError
1673362815 | ERROR | dart.sync: Connection failed with code: InternalError
1673362815 | ERROR | dart.sync: Connection failed with code: InternalError
1673362815 | ERROR | dart.sync: Connection failed with code: InternalError
1673362815 | ERROR | dart.sync: Connection failed with code: InternalError
1673362815 | ERROR | dart.sync: Connection failed with code: InternalError
1673362815 | ERROR | dart.sync: Connection failed with code: InternalError
1673362815 | ERROR | dart.sync: Connection failed with code: InternalError
1673362815 | ERROR | dart.sync: Connection failed with code: InternalError
1673362815 | ERROR | dart.sync: Connection failed with code: InternalError
1673362815 | ERROR | dart.sync: Connection failed with code: InternalError
1673362815 | ERROR | dart.sync: Connection failed with code: InternalError
1673362815 | ERROR | dart.sync: Connection failed with code: InternalError
1673362815 | ERROR | dart.sync: Connection failed with code: InternalError
1673362815 | ERROR | dart.sync: Connection failed with code: InternalError
1673362815 | ERROR | dart.sync: Connection failed with code: InternalError
1673362815 | ERROR | dart.sync: Connection failed with code: InternalError
1673362815 | ERROR | dart.sync: Connection failed with code: InternalError
1673362815 | ERROR | dart.sync: Connection failed with code: InternalError
1673362815 | ERROR | dart.sync: Connection failed with code: InternalError
1673362815 | ERROR | dart.sync: Connection failed with code: InternalError
1673362815 | ERROR | dart.sync: Connection failed with code: InternalError
1673362815 | ERROR | dart.sync: Connection failed with code: InternalError
1673362815 | ERROR | dart.sync: Connection failed with code: InternalError
1673362815 | ERROR | dart.sync: Connection failed with code: InternalError
1673362815 | ERROR | dart.sync: Connection failed with code: InternalError
1673362815 | ERROR | dart.sync: Connection failed with code: InternalError
1673362815 | ERROR | dart.sync: Connection failed with code: InternalError
1673362815 | ERROR | dart.sync: Connection failed with code: InternalError
1673362815 | ERROR | dart.sync: Connection failed with code: InternalError
1673362815 | ERROR | dart.sync: Connection failed with code: InternalError
1673362815 | ERROR | dart.sync: Connection failed with code: InternalError
1673362815 | ERROR | dart.sync: Connection failed with code: InternalError
1673362815 | ERROR | dart.sync: Connection failed with code: InternalError
1673362815 | ERROR | dart.sync: Connection failed with code: InternalError
1673362815 | ERROR | dart.sync: Connection failed with code: InternalError
1673362815 | ERROR | dart.sync: Connection failed with code: InternalError
1673362815 | ERROR | dart.sync: Connection failed with code: InternalError
1673362815 | ERROR | dart.sync: Connection failed with code: InternalError
1673362815 | ERROR | dart.sync: Connection failed with code: InternalError
1673362816 | ERROR | dart.sync: Connection failed with code: InternalError
1673362816 | ERROR | dart.sync: Connection failed with code: InternalError
1673362816 | ERROR | dart.sync: Connection failed with code: InternalError
1673362816 | ERROR | dart.sync: Connection failed with code: InternalError
1673362816 | ERROR | dart.sync: Connection failed with code: InternalError
1673362816 | ERROR | dart.sync: Connection failed with code: InternalError
1673362816 | ERROR | dart.sync: Connection failed with code: InternalError
1673362816 | ERROR | dart.sync: Connection failed with code: InternalError
1673362816 | ERROR | dart.sync: Connection failed with code: InternalError
1673362816 | ERROR | dart.sync: Connection failed with code: InternalError
1673362816 | ERROR | dart.sync: Connection failed with code: InternalError
Register: epoch-dump-task logger

Register: transcript logger

Register: collector logger

Register: trans_server logger

Register: trans_response logger

1673362818 | WARN  | local-tagion: Sender not found
1673362820 | WARN  | local-tagion: Sender not found
1673362821 | WARN  | local-tagion: Sender not found
1673362822 | WARN  | local-tagion: Sender not found
1673362825 | WARN  | local-tagion: Sender not found
1673362826 | WARN  | local-tagion: Sender not found
1673362826 | WARN  | local-tagion: Sender not found
1673362827 | WARN  | local-tagion: Sender not found
1673362828 | WARN  | local-tagion: Sender not found
1673362830 | WARN  | local-tagion: Sender not found
1673362831 | WARN  | local-tagion: Sender not found
1673362834 | WARN  | local-tagion: Sender not found
1673362838 | WARN  | local-tagion: Sender not found
1673362839 | WARN  | local-tagion: Sender not found
1673362842 | WARN  | local-tagion: Sender not found
1673362843 | WARN  | local-tagion: Sender not found
1673362844 | WARN  | local-tagion: Sender not found
1673362845 | WARN  | local-tagion: Sender not found
1673362847 | WARN  | local-tagion: Sender not found
1673362848 | WARN  | local-tagion: Sender not found
1673362853 | WARN  | local-tagion: Sender not found
1673362855 | WARN  | local-tagion: Sender not found
1673362856 | WARN  | local-tagion: Sender not found
1673362857 | WARN  | local-tagion: Sender not found
1673362858 | WARN  | local-tagion: Sender not found
1673362860 | WARN  | local-tagion: Sender not found
1673362862 | WARN  | local-tagion: Sender not found
1673362863 | WARN  | local-tagion: Sender not found
1673362864 | WARN  | local-tagion: Sender not found
1673362865 | WARN  | local-tagion: Sender not found
1673362868 | WARN  | local-tagion: Sender not found
1673362869 | WARN  | local-tagion: Sender not found
1673362871 | WARN  | local-tagion: Sender not found
1673362874 | WARN  | local-tagion: Sender not found
1673362876 | WARN  | local-tagion: Sender not found
1673362881 | WARN  | local-tagion: Sender not found
1673362883 | WARN  | local-tagion: Sender not found
1673362884 | WARN  | local-tagion: Sender not found
1673362886 | WARN  | local-tagion: Sender not found
1673362887 | WARN  | local-tagion: Sender not found
1673362888 | WARN  | local-tagion: Sender not found
1673362889 | WARN  | local-tagion: Sender not found
1673362890 | WARN  | local-tagion: Sender not found
1673362891 | WARN  | local-tagion: Sender not found
1673362892 | WARN  | local-tagion: Sender not found
1673362893 | WARN  | local-tagion: Sender not found
1673362894 | WARN  | local-tagion: Sender not found
1673362894 | WARN  | local-tagion: Sender not found
1673362896 | WARN  | local-tagion: Sender not found
1673362898 | WARN  | local-tagion: Sender not found
1673362901 | WARN  | local-tagion: Sender not found
1673362904 | WARN  | local-tagion: Sender not found
1673362906 | WARN  | local-tagion: Sender not found
1673362906 | WARN  | local-tagion: Sender not found
1673362909 | WARN  | local-tagion: Sender not found
1673362910 | WARN  | local-tagion: Sender not found
1673362911 | WARN  | local-tagion: Sender not found
1673362913 | WARN  | local-tagion: Sender not found
1673362919 | WARN  | local-tagion: Sender not found
1673362926 | WARN  | local-tagion: Sender not found
1673362927 | WARN  | local-tagion: Sender not found
1673362928 | WARN  | local-tagion: Sender not found
1673362929 | WARN  | local-tagion: Sender not found
1673362930 | WARN  | local-tagion: Sender not found
1673362930 | WARN  | local-tagion: Sender not found
1673362931 | WARN  | local-tagion: Sender not found
1673362932 | WARN  | local-tagion: Sender not found
1673362933 | WARN  | local-tagion: Sender not found
1673362934 | WARN  | local-tagion: Sender not found
1673362934 | WARN  | local-tagion: Sender not found
1673362935 | WARN  | local-tagion: Sender not found
1673362936 | WARN  | local-tagion: Sender not found
1673362937 | WARN  | local-tagion: Sender not found
1673362938 | WARN  | local-tagion: Sender not found
1673362938 | WARN  | local-tagion: Sender not found
1673362940 | WARN  | local-tagion: Sender not found
1673362941 | WARN  | local-tagion: Sender not found
1673362942 | WARN  | local-tagion: Sender not found
1673362943 | WARN  | local-tagion: Sender not found
1673362945 | WARN  | local-tagion: Sender not found
1673362946 | WARN  | local-tagion: Sender not found
1673362946 | WARN  | local-tagion: Sender not found
1673362947 | WARN  | local-tagion: Sender not found
1673362950 | WARN  | local-tagion: Sender not found
1673362950 | WARN  | local-tagion: Sender not found
1673362954 | WARN  | local-tagion: Sender not found
1673362954 | WARN  | local-tagion: Sender not found
1673362955 | WARN  | local-tagion: Sender not found
1673362957 | WARN  | local-tagion: Sender not found
1673362958 | WARN  | local-tagion: Sender not found
1673362959 | WARN  | local-tagion: Sender not found
1673362960 | WARN  | local-tagion: Sender not found
1673362961 | WARN  | local-tagion: Sender not found
1673362962 | WARN  | local-tagion: Sender not found
1673362962 | WARN  | local-tagion: Sender not found
1673362964 | WARN  | local-tagion: Sender not found
1673362966 | WARN  | local-tagion: Sender not found
1673362967 | WARN  | local-tagion: Sender not found
1673362968 | WARN  | local-tagion: Sender not found
1673362969 | WARN  | local-tagion: Sender not found
1673362970 | WARN  | local-tagion: Sender not found
1673362972 | WARN  | local-tagion: Sender not found
1673362973 | WARN  | local-tagion: Sender not found
1673362976 | WARN  | local-tagion: Sender not found
1673362977 | WARN  | local-tagion: Sender not found
1673362979 | WARN  | local-tagion: Sender not found
1673362980 | WARN  | local-tagion: Sender not found
1673362984 | WARN  | local-tagion: Sender not found
1673362985 | WARN  | local-tagion: Sender not found
1673362986 | WARN  | local-tagion: Sender not found
1673362986 | WARN  | local-tagion: Sender not found
1673362989 | WARN  | local-tagion: Sender not found
1673362990 | WARN  | local-tagion: Sender not found
1673362990 | WARN  | local-tagion: Sender not found
1673362991 | WARN  | local-tagion: Sender not found
1673362993 | WARN  | local-tagion: Sender not found
1673362994 | WARN  | local-tagion: Sender not found
1673362995 | WARN  | local-tagion: Sender not found
1673362996 | WARN  | local-tagion: Sender not found
1673362998 | WARN  | local-tagion: Sender not found
1673363004 | WARN  | local-tagion: Sender not found
1673363005 | WARN  | local-tagion: Sender not found
1673363006 | WARN  | local-tagion: Sender not found
1673363006 | WARN  | local-tagion: Sender not found
1673363007 | WARN  | local-tagion: Sender not found
1673363009 | WARN  | local-tagion: Sender not found
1673363011 | WARN  | local-tagion: Sender not found
1673363013 | WARN  | local-tagion: Sender not found
1673363014 | WARN  | local-tagion: Sender not found
1673363017 | WARN  | local-tagion: Sender not found
1673363018 | WARN  | local-tagion: Sender not found
1673363019 | WARN  | local-tagion: Sender not found
1673363020 | WARN  | local-tagion: Sender not found
1673363021 | WARN  | local-tagion: Sender not found
1673363022 | WARN  | local-tagion: Sender not found
1673363025 | WARN  | local-tagion: Sender not found
1673363026 | WARN  | local-tagion: Sender not found
1673363033 | WARN  | local-tagion: Sender not found
1673363035 | WARN  | local-tagion: Sender not found
1673363037 | WARN  | local-tagion: Sender not found
1673363038 | WARN  | local-tagion: Sender not found
1673363041 | WARN  | local-tagion: Sender not found
1673363042 | WARN  | local-tagion: Sender not found
1673363044 | WARN  | local-tagion: Sender not found
1673363046 | WARN  | local-tagion: Sender not found
1673363046 | WARN  | local-tagion: Sender not found
1673363047 | WARN  | local-tagion: Sender not found
1673363049 | WARN  | local-tagion: Sender not found
1673363050 | WARN  | local-tagion: Sender not found
1673363052 | WARN  | local-tagion: Sender not found
1673363060 | WARN  | local-tagion: Sender not found
1673363062 | WARN  | local-tagion: Sender not found
1673363064 | WARN  | local-tagion: Sender not found
1673363065 | WARN  | local-tagion: Sender not found
1673363068 | WARN  | local-tagion: Sender not found
1673363069 | WARN  | local-tagion: Sender not found
1673363070 | WARN  | local-tagion: Sender not found
1673363071 | WARN  | local-tagion: Sender not found
1673363072 | WARN  | local-tagion: Sender not found
1673363073 | WARN  | local-tagion: Sender not found
1673363074 | WARN  | local-tagion: Sender not found
1673363077 | WARN  | local-tagion: Sender not found
1673363078 | WARN  | local-tagion: Sender not found
1673363078 | WARN  | local-tagion: Sender not found
1673363080 | WARN  | local-tagion: Sender not found
1673363083 | WARN  | local-tagion: Sender not found
1673363085 | WARN  | local-tagion: Sender not found
1673363086 | WARN  | local-tagion: Sender not found
1673363089 | WARN  | local-tagion: Sender not found
1673363090 | WARN  | local-tagion: Sender not found
1673363094 | WARN  | local-tagion: Sender not found
1673363095 | WARN  | local-tagion: Sender not found
1673363096 | WARN  | local-tagion: Sender not found
1673363098 | WARN  | local-tagion: Sender not found
1673363102 | WARN  | local-tagion: Sender not found
1673363102 | WARN  | local-tagion: Sender not found
1673363106 | WARN  | local-tagion: Sender not found
1673363108 | WARN  | local-tagion: Sender not found
1673363112 | WARN  | local-tagion: Sender not found
1673363114 | WARN  | local-tagion: Sender not found
1673363115 | WARN  | local-tagion: Sender not found
1673363116 | WARN  | local-tagion: Sender not found
1673363118 | WARN  | local-tagion: Sender not found
1673363119 | WARN  | local-tagion: Sender not found
1673363122 | WARN  | local-tagion: Sender not found
1673363124 | WARN  | local-tagion: Sender not found
1673363127 | WARN  | local-tagion: Sender not found
1673363127 | WARN  | local-tagion: Sender not found
1673363131 | WARN  | local-tagion: Sender not found
1673363132 | WARN  | local-tagion: Sender not found
1673363136 | WARN  | local-tagion: Sender not found
1673363137 | WARN  | local-tagion: Sender not found
1673363139 | WARN  | local-tagion: Sender not found
1673363141 | WARN  | local-tagion: Sender not found
1673363142 | WARN  | local-tagion: Sender not found
1673363144 | WARN  | local-tagion: Sender not found
1673363145 | WARN  | local-tagion: Sender not found
1673363146 | WARN  | local-tagion: Sender not found
1673363147 | WARN  | local-tagion: Sender not found
1673363148 | WARN  | local-tagion: Sender not found
1673363151 | WARN  | local-tagion: Sender not found
1673363151 | WARN  | local-tagion: Sender not found
1673363152 | WARN  | local-tagion: Sender not found
1673363155 | WARN  | local-tagion: Sender not found
1673363156 | WARN  | local-tagion: Sender not found
1673363157 | WARN  | local-tagion: Sender not found
1673363159 | WARN  | local-tagion: Sender not found
1673363160 | WARN  | local-tagion: Sender not found
1673363161 | WARN  | local-tagion: Sender not found
1673363163 | WARN  | local-tagion: Sender not found
1673363165 | WARN  | local-tagion: Sender not found
1673363167 | WARN  | local-tagion: Sender not found
1673363168 | WARN  | local-tagion: Sender not found
1673363171 | WARN  | local-tagion: Sender not found
1673363171 | WARN  | local-tagion: Sender not found
1673363173 | WARN  | local-tagion: Sender not found
1673363175 | WARN  | local-tagion: Sender not found
1673363175 | WARN  | local-tagion: Sender not found
1673363176 | WARN  | local-tagion: Sender not found
1673363178 | WARN  | local-tagion: Sender not found
1673363182 | WARN  | local-tagion: Sender not found
1673363184 | WARN  | local-tagion: Sender not found
1673363185 | WARN  | local-tagion: Sender not found
1673363186 | WARN  | local-tagion: Sender not found
1673363189 | WARN  | local-tagion: Sender not found
1673363190 | WARN  | local-tagion: Sender not found
1673363191 | WARN  | local-tagion: Sender not found
1673363191 | WARN  | local-tagion: Sender not found
1673363193 | WARN  | local-tagion: Sender not found
1673363197 | WARN  | local-tagion: Sender not found
1673363200 | WARN  | local-tagion: Sender not found
1673363203 | WARN  | local-tagion: Sender not found
1673363203 | WARN  | local-tagion: Sender not found
1673363211 | WARN  | local-tagion: Sender not found
1673363212 | WARN  | local-tagion: Sender not found
1673363213 | WARN  | local-tagion: Sender not found
1673363215 | WARN  | local-tagion: Sender not found
1673363215 | WARN  | local-tagion: Sender not found
1673363216 | WARN  | local-tagion: Sender not found
1673363217 | WARN  | local-tagion: Sender not found
1673363218 | WARN  | local-tagion: Sender not found
1673363219 | WARN  | local-tagion: Sender not found
1673363220 | WARN  | local-tagion: Sender not found
1673363221 | WARN  | local-tagion: Sender not found
1673363224 | WARN  | local-tagion: Sender not found
1673363232 | WARN  | local-tagion: Sender not found
1673363233 | WARN  | local-tagion: Sender not found
1673363234 | WARN  | local-tagion: Sender not found
1673363236 | WARN  | local-tagion: Sender not found
1673363238 | WARN  | local-tagion: Sender not found
1673363251 | WARN  | local-tagion: Sender not found
1673363251 | WARN  | local-tagion: Sender not found
1673363252 | WARN  | local-tagion: Sender not found
1673363255 | WARN  | local-tagion: Sender not found
1673363256 | WARN  | local-tagion: Sender not found
1673363257 | WARN  | local-tagion: Sender not found
1673363260 | WARN  | local-tagion: Sender not found
1673363263 | WARN  | local-tagion: Sender not found
1673363264 | WARN  | local-tagion: Sender not found
1673363265 | WARN  | local-tagion: Sender not found
1673363267 | WARN  | local-tagion: Sender not found
1673363267 | WARN  | local-tagion: Sender not found
1673363268 | WARN  | local-tagion: Sender not found
1673363269 | WARN  | local-tagion: Sender not found
1673363270 | WARN  | local-tagion: Sender not found
1673363274 | WARN  | local-tagion: Sender not found
1673363275 | WARN  | local-tagion: Sender not found
1673363276 | WARN  | local-tagion: Sender not found
1673363277 | WARN  | local-tagion: Sender not found
1673363278 | WARN  | local-tagion: Sender not found
1673363283 | WARN  | local-tagion: Sender not found
1673363284 | WARN  | local-tagion: Sender not found
1673363287 | WARN  | local-tagion: Sender not found
1673363287 | WARN  | local-tagion: Sender not found
1673363288 | WARN  | local-tagion: Sender not found
1673363289 | WARN  | local-tagion: Sender not found
1673363291 | WARN  | local-tagion: Sender not found
1673363291 | WARN  | local-tagion: Sender not found
1673363293 | WARN  | local-tagion: Sender not found
1673363294 | WARN  | local-tagion: Sender not found
1673363295 | WARN  | local-tagion: Sender not found
1673363295 | WARN  | local-tagion: Sender not found
1673363299 | WARN  | local-tagion: Sender not found
1673363300 | WARN  | local-tagion: Sender not found
1673363302 | WARN  | local-tagion: Sender not found
1673363303 | WARN  | local-tagion: Sender not found
1673363304 | WARN  | local-tagion: Sender not found
1673363307 | WARN  | local-tagion: Sender not found
1673363309 | WARN  | local-tagion: Sender not found
1673363310 | WARN  | local-tagion: Sender not found
1673363311 | WARN  | local-tagion: Sender not found
1673363313 | WARN  | local-tagion: Sender not found
1673363315 | WARN  | local-tagion: Sender not found
1673363315 | WARN  | local-tagion: Sender not found
1673363316 | WARN  | local-tagion: Sender not found
1673363318 | WARN  | local-tagion: Sender not found
1673363319 | WARN  | local-tagion: Sender not found
1673363320 | WARN  | local-tagion: Sender not found
1673363321 | WARN  | local-tagion: Sender not found
1673363322 | WARN  | local-tagion: Sender not found
1673363323 | WARN  | local-tagion: Sender not found
1673363325 | WARN  | local-tagion: Sender not found
1673363327 | WARN  | local-tagion: Sender not found
1673363333 | WARN  | local-tagion: Sender not found
1673363334 | WARN  | local-tagion: Sender not found
1673363335 | WARN  | local-tagion: Sender not found
1673363339 | WARN  | local-tagion: Sender not found
1673363340 | WARN  | local-tagion: Sender not found
1673363343 | WARN  | local-tagion: Sender not found
1673363343 | WARN  | local-tagion: Sender not found
1673363346 | WARN  | local-tagion: Sender not found
1673363347 | WARN  | local-tagion: Sender not found
1673363348 | WARN  | local-tagion: Sender not found
1673363350 | WARN  | local-tagion: Sender not found
1673363351 | WARN  | local-tagion: Sender not found
1673363352 | WARN  | local-tagion: Sender not found
1673363355 | WARN  | local-tagion: Sender not found
1673363356 | WARN  | local-tagion: Sender not found
1673363358 | WARN  | local-tagion: Sender not found
1673363359 | WARN  | local-tagion: Sender not found
1673363360 | WARN  | local-tagion: Sender not found
1673363363 | WARN  | local-tagion: Sender not found
1673363366 | WARN  | local-tagion: Sender not found
1673363367 | WARN  | local-tagion: Sender not found
1673363369 | WARN  | local-tagion: Sender not found
1673363371 | WARN  | local-tagion: Sender not found
1673363372 | WARN  | local-tagion: Sender not found
1673363374 | WARN  | local-tagion: Sender not found
1673363378 | WARN  | local-tagion: Sender not found
1673363379 | WARN  | local-tagion: Sender not found
1673363380 | WARN  | local-tagion: Sender not found
1673363383 | WARN  | local-tagion: Sender not found
1673363384 | WARN  | local-tagion: Sender not found
1673363386 | WARN  | local-tagion: Sender not found
1673363387 | WARN  | local-tagion: Sender not found
1673363391 | WARN  | local-tagion: Sender not found
1673363392 | WARN  | local-tagion: Sender not found
1673363393 | WARN  | local-tagion: Sender not found
1673363394 | WARN  | local-tagion: Sender not found
1673363395 | WARN  | local-tagion: Sender not found
1673363395 | WARN  | local-tagion: Sender not found
1673363398 | WARN  | local-tagion: Sender not found
1673363403 | WARN  | local-tagion: Sender not found
1673363405 | WARN  | local-tagion: Sender not found
1673363407 | WARN  | local-tagion: Sender not found
1673363407 | WARN  | local-tagion: Sender not found
1673363410 | WARN  | local-tagion: Sender not found
1673363411 | WARN  | local-tagion: Sender not found
1673363415 | WARN  | local-tagion: Sender not found
1673363416 | WARN  | local-tagion: Sender not found
1673363417 | WARN  | local-tagion: Sender not found
1673363418 | WARN  | local-tagion: Sender not found
1673363419 | WARN  | local-tagion: Sender not found
1673363422 | WARN  | local-tagion: Sender not found
1673363424 | WARN  | local-tagion: Sender not found
1673363428 | WARN  | local-tagion: Sender not found
1673363429 | WARN  | local-tagion: Sender not found
1673363431 | WARN  | local-tagion: Sender not found
1673363431 | WARN  | local-tagion: Sender not found
1673363434 | WARN  | local-tagion: Sender not found
1673363435 | WARN  | local-tagion: Sender not found
1673363436 | WARN  | local-tagion: Sender not found
1673363438 | WARN  | local-tagion: Sender not found
1673363441 | WARN  | local-tagion: Sender not found
1673363443 | WARN  | local-tagion: Sender not found
1673363443 | WARN  | local-tagion: Sender not found
1673363446 | WARN  | local-tagion: Sender not found
1673363450 | WARN  | local-tagion: Sender not found
1673363451 | WARN  | local-tagion: Sender not found
1673363451 | WARN  | local-tagion: Sender not found
1673363452 | WARN  | local-tagion: Sender not found
1673363453 | WARN  | local-tagion: Sender not found
1673363454 | WARN  | local-tagion: Sender not found
1673363455 | WARN  | local-tagion: Sender not found
1673363457 | WARN  | local-tagion: Sender not found
1673363458 | WARN  | local-tagion: Sender not found
1673363459 | WARN  | local-tagion: Sender not found
1673363459 | WARN  | local-tagion: Sender not found
1673363461 | WARN  | local-tagion: Sender not found
1673363462 | WARN  | local-tagion: Sender not found
1673363466 | WARN  | local-tagion: Sender not found
1673363467 | WARN  | local-tagion: Sender not found
1673363469 | WARN  | local-tagion: Sender not found
