Waiting for logger
Logger started
Register: tagionwave logger

Register: heartbeat logger

Register: local-tagion logger

Register: discovery logger

Register: discovery-internal logger

Register: tagion.dart logger

Register: dart.sync logger

1673362821 | ERROR | dart.sync: Connection failed with code: InternalError
1673362821 | ERROR | dart.sync: Connection failed with code: InternalError
1673362821 | ERROR | dart.sync: Connection failed with code: InternalError
1673362821 | ERROR | dart.sync: Connection failed with code: InternalError
1673362821 | ERROR | dart.sync: Connection failed with code: InternalError
1673362821 | ERROR | dart.sync: Connection failed with code: InternalError
1673362821 | ERROR | dart.sync: Connection failed with code: InternalError
1673362822 | ERROR | dart.sync: Connection failed with code: InternalError
1673362822 | ERROR | dart.sync: Connection failed with code: InternalError
1673362822 | ERROR | dart.sync: Connection failed with code: InternalError
1673362822 | ERROR | dart.sync: Connection failed with code: InternalError
1673362822 | ERROR | dart.sync: Connection failed with code: InternalError
1673362822 | ERROR | dart.sync: Connection failed with code: InternalError
1673362822 | ERROR | dart.sync: Connection failed with code: InternalError
1673362822 | ERROR | dart.sync: Connection failed with code: InternalError
1673362822 | ERROR | dart.sync: Connection failed with code: InternalError
1673362822 | ERROR | dart.sync: Connection failed with code: InternalError
1673362822 | ERROR | dart.sync: Connection failed with code: InternalError
1673362822 | ERROR | dart.sync: Connection failed with code: InternalError
1673362822 | ERROR | dart.sync: Connection failed with code: InternalError
1673362822 | ERROR | dart.sync: Connection failed with code: InternalError
1673362822 | ERROR | dart.sync: Connection failed with code: InternalError
1673362822 | ERROR | dart.sync: Connection failed with code: InternalError
1673362822 | ERROR | dart.sync: Connection failed with code: InternalError
1673362822 | ERROR | dart.sync: Connection failed with code: InternalError
1673362822 | ERROR | dart.sync: Connection failed with code: InternalError
1673362822 | ERROR | dart.sync: Connection failed with code: InternalError
1673362822 | ERROR | dart.sync: Connection failed with code: InternalError
1673362822 | ERROR | dart.sync: Connection failed with code: InternalError
1673362822 | ERROR | dart.sync: Connection failed with code: InternalError
1673362822 | ERROR | dart.sync: Connection failed with code: InternalError
1673362822 | ERROR | dart.sync: Connection failed with code: InternalError
1673362822 | ERROR | dart.sync: Connection failed with code: InternalError
1673362822 | ERROR | dart.sync: Connection failed with code: InternalError
1673362822 | ERROR | dart.sync: Connection failed with code: InternalError
1673362822 | ERROR | dart.sync: Connection failed with code: InternalError
1673362822 | ERROR | dart.sync: Connection failed with code: InternalError
1673362822 | ERROR | dart.sync: Connection failed with code: InternalError
1673362822 | ERROR | dart.sync: Connection failed with code: InternalError
1673362822 | ERROR | dart.sync: Connection failed with code: InternalError
1673362822 | ERROR | dart.sync: Connection failed with code: InternalError
1673362822 | ERROR | dart.sync: Connection failed with code: InternalError
1673362822 | ERROR | dart.sync: Connection failed with code: InternalError
1673362822 | ERROR | dart.sync: Connection failed with code: InternalError
1673362822 | ERROR | dart.sync: Connection failed with code: InternalError
1673362822 | ERROR | dart.sync: Connection failed with code: InternalError
1673362822 | ERROR | dart.sync: Connection failed with code: InternalError
1673362822 | ERROR | dart.sync: Connection failed with code: InternalError
1673362822 | ERROR | dart.sync: Connection failed with code: InternalError
1673362822 | ERROR | dart.sync: Connection failed with code: InternalError
1673362822 | ERROR | dart.sync: Connection failed with code: InternalError
1673362823 | ERROR | dart.sync: Connection failed with code: InternalError
1673362823 | ERROR | dart.sync: Connection failed with code: InternalError
1673362823 | ERROR | dart.sync: Connection failed with code: InternalError
1673362823 | ERROR | dart.sync: Connection failed with code: InternalError
1673362823 | ERROR | dart.sync: Connection failed with code: InternalError
1673362823 | ERROR | dart.sync: Connection failed with code: InternalError
1673362823 | ERROR | dart.sync: Connection failed with code: InternalError
1673362823 | ERROR | dart.sync: Connection failed with code: InternalError
1673362823 | ERROR | dart.sync: Connection failed with code: InternalError
1673362823 | ERROR | dart.sync: Connection failed with code: InternalError
1673362823 | ERROR | dart.sync: Connection failed with code: InternalError
1673362823 | ERROR | dart.sync: Connection failed with code: InternalError
1673362823 | ERROR | dart.sync: Connection failed with code: InternalError
1673362823 | ERROR | dart.sync: Connection failed with code: InternalError
1673362823 | ERROR | dart.sync: Connection failed with code: InternalError
1673362823 | ERROR | dart.sync: Connection failed with code: InternalError
1673362823 | ERROR | dart.sync: Connection failed with code: InternalError
1673362823 | ERROR | dart.sync: Connection failed with code: InternalError
1673362823 | ERROR | dart.sync: Connection failed with code: InternalError
1673362823 | ERROR | dart.sync: Connection failed with code: InternalError
1673362823 | ERROR | dart.sync: Connection failed with code: InternalError
1673362823 | ERROR | dart.sync: Connection failed with code: InternalError
1673362823 | ERROR | dart.sync: Connection failed with code: InternalError
1673362823 | ERROR | dart.sync: Connection failed with code: InternalError
1673362823 | ERROR | dart.sync: Connection failed with code: InternalError
1673362823 | ERROR | dart.sync: Connection failed with code: InternalError
1673362823 | ERROR | dart.sync: Connection failed with code: InternalError
1673362823 | ERROR | dart.sync: Connection failed with code: InternalError
1673362823 | ERROR | dart.sync: Connection failed with code: InternalError
1673362823 | ERROR | dart.sync: Connection failed with code: InternalError
1673362823 | ERROR | dart.sync: Connection failed with code: InternalError
1673362823 | ERROR | dart.sync: Connection failed with code: InternalError
1673362823 | ERROR | dart.sync: Connection failed with code: InternalError
1673362823 | ERROR | dart.sync: Connection failed with code: InternalError
1673362823 | ERROR | dart.sync: Connection failed with code: InternalError
1673362823 | ERROR | dart.sync: Connection failed with code: InternalError
1673362823 | ERROR | dart.sync: Connection failed with code: InternalError
1673362823 | ERROR | dart.sync: Connection failed with code: InternalError
1673362823 | ERROR | dart.sync: Connection failed with code: InternalError
1673362823 | ERROR | dart.sync: Connection failed with code: InternalError
1673362823 | ERROR | dart.sync: Connection failed with code: InternalError
1673362823 | ERROR | dart.sync: Connection failed with code: InternalError
1673362823 | ERROR | dart.sync: Connection failed with code: InternalError
1673362823 | ERROR | dart.sync: Connection failed with code: InternalError
1673362823 | ERROR | dart.sync: Connection failed with code: InternalError
1673362823 | ERROR | dart.sync: Connection failed with code: InternalError
1673362823 | ERROR | dart.sync: Connection failed with code: InternalError
1673362823 | ERROR | dart.sync: Connection failed with code: InternalError
1673362823 | ERROR | dart.sync: Connection failed with code: InternalError
1673362823 | ERROR | dart.sync: Connection failed with code: InternalError
Register: epoch-dump-task logger

Register: transcript logger

Register: collector logger

Register: trans_server logger

Register: trans_response logger

1673362826 | WARN  | local-tagion: Sender not found
1673362828 | WARN  | local-tagion: Sender not found
1673362828 | WARN  | local-tagion: Sender not found
1673362830 | WARN  | local-tagion: Sender not found
1673362832 | WARN  | local-tagion: Sender not found
1673362833 | WARN  | local-tagion: Sender not found
1673362834 | WARN  | local-tagion: Sender not found
1673362835 | WARN  | local-tagion: Sender not found
1673362836 | WARN  | local-tagion: Sender not found
1673362837 | WARN  | local-tagion: Sender not found
1673362839 | WARN  | local-tagion: Sender not found
1673362841 | WARN  | local-tagion: Sender not found
1673362846 | WARN  | local-tagion: Sender not found
1673362847 | WARN  | local-tagion: Sender not found
1673362850 | WARN  | local-tagion: Sender not found
1673362851 | WARN  | local-tagion: Sender not found
1673362852 | WARN  | local-tagion: Sender not found
1673362852 | WARN  | local-tagion: Sender not found
1673362855 | WARN  | local-tagion: Sender not found
1673362856 | WARN  | local-tagion: Sender not found
1673362860 | WARN  | local-tagion: Sender not found
1673362863 | WARN  | local-tagion: Sender not found
1673362864 | WARN  | local-tagion: Sender not found
1673362864 | WARN  | local-tagion: Sender not found
1673362865 | WARN  | local-tagion: Sender not found
1673362868 | WARN  | local-tagion: Sender not found
1673362870 | WARN  | local-tagion: Sender not found
1673362871 | WARN  | local-tagion: Sender not found
1673362872 | WARN  | local-tagion: Sender not found
1673362872 | WARN  | local-tagion: Sender not found
1673362876 | WARN  | local-tagion: Sender not found
1673362876 | WARN  | local-tagion: Sender not found
1673362879 | WARN  | local-tagion: Sender not found
1673362881 | WARN  | local-tagion: Sender not found
1673362884 | WARN  | local-tagion: Sender not found
1673362888 | WARN  | local-tagion: Sender not found
1673362891 | WARN  | local-tagion: Sender not found
1673362892 | WARN  | local-tagion: Sender not found
1673362894 | WARN  | local-tagion: Sender not found
1673362895 | WARN  | local-tagion: Sender not found
1673362896 | WARN  | local-tagion: Sender not found
1673362896 | WARN  | local-tagion: Sender not found
1673362897 | WARN  | local-tagion: Sender not found
1673362899 | WARN  | local-tagion: Sender not found
1673362900 | WARN  | local-tagion: Sender not found
1673362900 | WARN  | local-tagion: Sender not found
1673362901 | WARN  | local-tagion: Sender not found
1673362902 | WARN  | local-tagion: Sender not found
1673362904 | WARN  | local-tagion: Sender not found
1673362906 | WARN  | local-tagion: Sender not found
1673362908 | WARN  | local-tagion: Sender not found
1673362912 | WARN  | local-tagion: Sender not found
1673362913 | WARN  | local-tagion: Sender not found
1673362914 | WARN  | local-tagion: Sender not found
1673362916 | WARN  | local-tagion: Sender not found
1673362917 | WARN  | local-tagion: Sender not found
1673362919 | WARN  | local-tagion: Sender not found
1673362920 | WARN  | local-tagion: Sender not found
1673362927 | WARN  | local-tagion: Sender not found
1673362934 | WARN  | local-tagion: Sender not found
1673362935 | WARN  | local-tagion: Sender not found
1673362936 | WARN  | local-tagion: Sender not found
1673362936 | WARN  | local-tagion: Sender not found
1673362937 | WARN  | local-tagion: Sender not found
1673362938 | WARN  | local-tagion: Sender not found
1673362939 | WARN  | local-tagion: Sender not found
1673362940 | WARN  | local-tagion: Sender not found
1673362940 | WARN  | local-tagion: Sender not found
1673362941 | WARN  | local-tagion: Sender not found
1673362942 | WARN  | local-tagion: Sender not found
1673362943 | WARN  | local-tagion: Sender not found
1673362944 | WARN  | local-tagion: Sender not found
1673362944 | WARN  | local-tagion: Sender not found
1673362945 | WARN  | local-tagion: Sender not found
1673362946 | WARN  | local-tagion: Sender not found
1673362948 | WARN  | local-tagion: Sender not found
1673362948 | WARN  | local-tagion: Sender not found
1673362950 | WARN  | local-tagion: Sender not found
1673362951 | WARN  | local-tagion: Sender not found
1673362952 | WARN  | local-tagion: Sender not found
1673362953 | WARN  | local-tagion: Sender not found
1673362954 | WARN  | local-tagion: Sender not found
1673362955 | WARN  | local-tagion: Sender not found
1673362957 | WARN  | local-tagion: Sender not found
1673362958 | WARN  | local-tagion: Sender not found
1673362961 | WARN  | local-tagion: Sender not found
1673362962 | WARN  | local-tagion: Sender not found
1673362963 | WARN  | local-tagion: Sender not found
1673362964 | WARN  | local-tagion: Sender not found
1673362966 | WARN  | local-tagion: Sender not found
1673362967 | WARN  | local-tagion: Sender not found
1673362968 | WARN  | local-tagion: Sender not found
1673362968 | WARN  | local-tagion: Sender not found
1673362969 | WARN  | local-tagion: Sender not found
1673362970 | WARN  | local-tagion: Sender not found
1673362972 | WARN  | local-tagion: Sender not found
1673362973 | WARN  | local-tagion: Sender not found
1673362975 | WARN  | local-tagion: Sender not found
1673362976 | WARN  | local-tagion: Sender not found
1673362976 | WARN  | local-tagion: Sender not found
1673362978 | WARN  | local-tagion: Sender not found
1673362980 | WARN  | local-tagion: Sender not found
1673362980 | WARN  | local-tagion: Sender not found
1673362984 | WARN  | local-tagion: Sender not found
1673362984 | WARN  | local-tagion: Sender not found
1673362987 | WARN  | local-tagion: Sender not found
1673362988 | WARN  | local-tagion: Sender not found
1673362992 | WARN  | local-tagion: Sender not found
1673362992 | WARN  | local-tagion: Sender not found
1673362993 | WARN  | local-tagion: Sender not found
1673362994 | WARN  | local-tagion: Sender not found
1673362996 | WARN  | local-tagion: Sender not found
1673362997 | WARN  | local-tagion: Sender not found
1673362998 | WARN  | local-tagion: Sender not found
1673362999 | WARN  | local-tagion: Sender not found
1673363000 | WARN  | local-tagion: Sender not found
1673363001 | WARN  | local-tagion: Sender not found
1673363003 | WARN  | local-tagion: Sender not found
1673363004 | WARN  | local-tagion: Sender not found
1673363006 | WARN  | local-tagion: Sender not found
1673363012 | WARN  | local-tagion: Sender not found
1673363012 | WARN  | local-tagion: Sender not found
1673363013 | WARN  | local-tagion: Sender not found
1673363014 | WARN  | local-tagion: Sender not found
1673363015 | WARN  | local-tagion: Sender not found
1673363016 | WARN  | local-tagion: Sender not found
1673363019 | WARN  | local-tagion: Sender not found
1673363020 | WARN  | local-tagion: Sender not found
1673363021 | WARN  | local-tagion: Sender not found
1673363024 | WARN  | local-tagion: Sender not found
1673363026 | WARN  | local-tagion: Sender not found
1673363027 | WARN  | local-tagion: Sender not found
1673363028 | WARN  | local-tagion: Sender not found
1673363028 | WARN  | local-tagion: Sender not found
1673363029 | WARN  | local-tagion: Sender not found
1673363032 | WARN  | local-tagion: Sender not found
1673363033 | WARN  | local-tagion: Sender not found
1673363040 | WARN  | local-tagion: Sender not found
1673363043 | WARN  | local-tagion: Sender not found
1673363044 | WARN  | local-tagion: Sender not found
1673363046 | WARN  | local-tagion: Sender not found
1673363048 | WARN  | local-tagion: Sender not found
1673363050 | WARN  | local-tagion: Sender not found
1673363052 | WARN  | local-tagion: Sender not found
1673363053 | WARN  | local-tagion: Sender not found
1673363054 | WARN  | local-tagion: Sender not found
1673363055 | WARN  | local-tagion: Sender not found
1673363056 | WARN  | local-tagion: Sender not found
1673363058 | WARN  | local-tagion: Sender not found
1673363060 | WARN  | local-tagion: Sender not found
1673363068 | WARN  | local-tagion: Sender not found
1673363070 | WARN  | local-tagion: Sender not found
1673363072 | WARN  | local-tagion: Sender not found
1673363072 | WARN  | local-tagion: Sender not found
1673363076 | WARN  | local-tagion: Sender not found
1673363076 | WARN  | local-tagion: Sender not found
1673363077 | WARN  | local-tagion: Sender not found
1673363079 | WARN  | local-tagion: Sender not found
1673363080 | WARN  | local-tagion: Sender not found
1673363080 | WARN  | local-tagion: Sender not found
1673363082 | WARN  | local-tagion: Sender not found
1673363084 | WARN  | local-tagion: Sender not found
1673363085 | WARN  | local-tagion: Sender not found
1673363086 | WARN  | local-tagion: Sender not found
1673363088 | WARN  | local-tagion: Sender not found
1673363091 | WARN  | local-tagion: Sender not found
1673363092 | WARN  | local-tagion: Sender not found
1673363094 | WARN  | local-tagion: Sender not found
1673363096 | WARN  | local-tagion: Sender not found
1673363097 | WARN  | local-tagion: Sender not found
1673363101 | WARN  | local-tagion: Sender not found
1673363103 | WARN  | local-tagion: Sender not found
1673363104 | WARN  | local-tagion: Sender not found
1673363106 | WARN  | local-tagion: Sender not found
1673363109 | WARN  | local-tagion: Sender not found
1673363110 | WARN  | local-tagion: Sender not found
1673363114 | WARN  | local-tagion: Sender not found
1673363116 | WARN  | local-tagion: Sender not found
1673363120 | WARN  | local-tagion: Sender not found
1673363121 | WARN  | local-tagion: Sender not found
1673363122 | WARN  | local-tagion: Sender not found
1673363124 | WARN  | local-tagion: Sender not found
1673363125 | WARN  | local-tagion: Sender not found
1673363127 | WARN  | local-tagion: Sender not found
1673363129 | WARN  | local-tagion: Sender not found
1673363132 | WARN  | local-tagion: Sender not found
1673363134 | WARN  | local-tagion: Sender not found
1673363135 | WARN  | local-tagion: Sender not found
1673363138 | WARN  | local-tagion: Sender not found
1673363140 | WARN  | local-tagion: Sender not found
1673363144 | WARN  | local-tagion: Sender not found
1673363144 | WARN  | local-tagion: Sender not found
1673363147 | WARN  | local-tagion: Sender not found
1673363148 | WARN  | local-tagion: Sender not found
1673363149 | WARN  | local-tagion: Sender not found
1673363152 | WARN  | local-tagion: Sender not found
1673363152 | WARN  | local-tagion: Sender not found
1673363153 | WARN  | local-tagion: Sender not found
1673363155 | WARN  | local-tagion: Sender not found
1673363156 | WARN  | local-tagion: Sender not found
1673363158 | WARN  | local-tagion: Sender not found
1673363159 | WARN  | local-tagion: Sender not found
1673363160 | WARN  | local-tagion: Sender not found
1673363163 | WARN  | local-tagion: Sender not found
1673363164 | WARN  | local-tagion: Sender not found
1673363164 | WARN  | local-tagion: Sender not found
1673363166 | WARN  | local-tagion: Sender not found
1673363168 | WARN  | local-tagion: Sender not found
1673363168 | WARN  | local-tagion: Sender not found
1673363171 | WARN  | local-tagion: Sender not found
1673363172 | WARN  | local-tagion: Sender not found
1673363175 | WARN  | local-tagion: Sender not found
1673363176 | WARN  | local-tagion: Sender not found
1673363178 | WARN  | local-tagion: Sender not found
1673363179 | WARN  | local-tagion: Sender not found
1673363180 | WARN  | local-tagion: Sender not found
1673363182 | WARN  | local-tagion: Sender not found
1673363183 | WARN  | local-tagion: Sender not found
1673363184 | WARN  | local-tagion: Sender not found
1673363185 | WARN  | local-tagion: Sender not found
1673363189 | WARN  | local-tagion: Sender not found
1673363192 | WARN  | local-tagion: Sender not found
1673363192 | WARN  | local-tagion: Sender not found
1673363193 | WARN  | local-tagion: Sender not found
1673363196 | WARN  | local-tagion: Sender not found
1673363197 | WARN  | local-tagion: Sender not found
1673363198 | WARN  | local-tagion: Sender not found
1673363199 | WARN  | local-tagion: Sender not found
1673363200 | WARN  | local-tagion: Sender not found
1673363204 | WARN  | local-tagion: Sender not found
1673363208 | WARN  | local-tagion: Sender not found
1673363210 | WARN  | local-tagion: Sender not found
1673363211 | WARN  | local-tagion: Sender not found
1673363218 | WARN  | local-tagion: Sender not found
1673363220 | WARN  | local-tagion: Sender not found
1673363220 | WARN  | local-tagion: Sender not found
1673363222 | WARN  | local-tagion: Sender not found
1673363223 | WARN  | local-tagion: Sender not found
1673363224 | WARN  | local-tagion: Sender not found
1673363224 | WARN  | local-tagion: Sender not found
1673363225 | WARN  | local-tagion: Sender not found
1673363227 | WARN  | local-tagion: Sender not found
1673363228 | WARN  | local-tagion: Sender not found
1673363228 | WARN  | local-tagion: Sender not found
1673363232 | WARN  | local-tagion: Sender not found
1673363240 | WARN  | local-tagion: Sender not found
1673363240 | WARN  | local-tagion: Sender not found
1673363241 | WARN  | local-tagion: Sender not found
1673363244 | WARN  | local-tagion: Sender not found
1673363245 | WARN  | local-tagion: Sender not found
1673363258 | WARN  | local-tagion: Sender not found
1673363259 | WARN  | local-tagion: Sender not found
1673363260 | WARN  | local-tagion: Sender not found
1673363262 | WARN  | local-tagion: Sender not found
1673363264 | WARN  | local-tagion: Sender not found
1673363264 | WARN  | local-tagion: Sender not found
1673363268 | WARN  | local-tagion: Sender not found
1673363270 | WARN  | local-tagion: Sender not found
1673363272 | WARN  | local-tagion: Sender not found
1673363272 | WARN  | local-tagion: Sender not found
1673363274 | WARN  | local-tagion: Sender not found
1673363275 | WARN  | local-tagion: Sender not found
1673363276 | WARN  | local-tagion: Sender not found
1673363276 | WARN  | local-tagion: Sender not found
1673363277 | WARN  | local-tagion: Sender not found
1673363281 | WARN  | local-tagion: Sender not found
1673363282 | WARN  | local-tagion: Sender not found
1673363284 | WARN  | local-tagion: Sender not found
1673363284 | WARN  | local-tagion: Sender not found
1673363285 | WARN  | local-tagion: Sender not found
1673363290 | WARN  | local-tagion: Sender not found
1673363292 | WARN  | local-tagion: Sender not found
1673363294 | WARN  | local-tagion: Sender not found
1673363295 | WARN  | local-tagion: Sender not found
1673363296 | WARN  | local-tagion: Sender not found
1673363296 | WARN  | local-tagion: Sender not found
1673363298 | WARN  | local-tagion: Sender not found
1673363299 | WARN  | local-tagion: Sender not found
1673363300 | WARN  | local-tagion: Sender not found
1673363301 | WARN  | local-tagion: Sender not found
1673363302 | WARN  | local-tagion: Sender not found
1673363303 | WARN  | local-tagion: Sender not found
1673363307 | WARN  | local-tagion: Sender not found
1673363308 | WARN  | local-tagion: Sender not found
1673363309 | WARN  | local-tagion: Sender not found
1673363311 | WARN  | local-tagion: Sender not found
1673363312 | WARN  | local-tagion: Sender not found
1673363314 | WARN  | local-tagion: Sender not found
1673363316 | WARN  | local-tagion: Sender not found
1673363317 | WARN  | local-tagion: Sender not found
1673363318 | WARN  | local-tagion: Sender not found
1673363320 | WARN  | local-tagion: Sender not found
1673363322 | WARN  | local-tagion: Sender not found
1673363323 | WARN  | local-tagion: Sender not found
1673363324 | WARN  | local-tagion: Sender not found
1673363325 | WARN  | local-tagion: Sender not found
1673363327 | WARN  | local-tagion: Sender not found
1673363328 | WARN  | local-tagion: Sender not found
1673363328 | WARN  | local-tagion: Sender not found
1673363329 | WARN  | local-tagion: Sender not found
1673363331 | WARN  | local-tagion: Sender not found
1673363332 | WARN  | local-tagion: Sender not found
1673363334 | WARN  | local-tagion: Sender not found
1673363340 | WARN  | local-tagion: Sender not found
1673363341 | WARN  | local-tagion: Sender not found
1673363343 | WARN  | local-tagion: Sender not found
1673363346 | WARN  | local-tagion: Sender not found
1673363348 | WARN  | local-tagion: Sender not found
1673363350 | WARN  | local-tagion: Sender not found
1673363351 | WARN  | local-tagion: Sender not found
1673363353 | WARN  | local-tagion: Sender not found
1673363355 | WARN  | local-tagion: Sender not found
1673363356 | WARN  | local-tagion: Sender not found
1673363357 | WARN  | local-tagion: Sender not found
1673363358 | WARN  | local-tagion: Sender not found
1673363360 | WARN  | local-tagion: Sender not found
1673363362 | WARN  | local-tagion: Sender not found
1673363364 | WARN  | local-tagion: Sender not found
1673363365 | WARN  | local-tagion: Sender not found
1673363366 | WARN  | local-tagion: Sender not found
1673363368 | WARN  | local-tagion: Sender not found
1673363371 | WARN  | local-tagion: Sender not found
1673363373 | WARN  | local-tagion: Sender not found
1673363375 | WARN  | local-tagion: Sender not found
1673363376 | WARN  | local-tagion: Sender not found
1673363379 | WARN  | local-tagion: Sender not found
1673363380 | WARN  | local-tagion: Sender not found
1673363381 | WARN  | local-tagion: Sender not found
1673363385 | WARN  | local-tagion: Sender not found
1673363387 | WARN  | local-tagion: Sender not found
1673363388 | WARN  | local-tagion: Sender not found
1673363391 | WARN  | local-tagion: Sender not found
1673363392 | WARN  | local-tagion: Sender not found
1673363393 | WARN  | local-tagion: Sender not found
1673363394 | WARN  | local-tagion: Sender not found
1673363399 | WARN  | local-tagion: Sender not found
1673363400 | WARN  | local-tagion: Sender not found
1673363400 | WARN  | local-tagion: Sender not found
1673363401 | WARN  | local-tagion: Sender not found
1673363402 | WARN  | local-tagion: Sender not found
1673363403 | WARN  | local-tagion: Sender not found
1673363405 | WARN  | local-tagion: Sender not found
1673363411 | WARN  | local-tagion: Sender not found
1673363412 | WARN  | local-tagion: Sender not found
1673363414 | WARN  | local-tagion: Sender not found
1673363415 | WARN  | local-tagion: Sender not found
1673363417 | WARN  | local-tagion: Sender not found
1673363419 | WARN  | local-tagion: Sender not found
1673363423 | WARN  | local-tagion: Sender not found
1673363424 | WARN  | local-tagion: Sender not found
1673363425 | WARN  | local-tagion: Sender not found
1673363425 | WARN  | local-tagion: Sender not found
1673363426 | WARN  | local-tagion: Sender not found
1673363429 | WARN  | local-tagion: Sender not found
1673363432 | WARN  | local-tagion: Sender not found
1673363436 | WARN  | local-tagion: Sender not found
1673363437 | WARN  | local-tagion: Sender not found
1673363438 | WARN  | local-tagion: Sender not found
1673363439 | WARN  | local-tagion: Sender not found
1673363441 | WARN  | local-tagion: Sender not found
1673363442 | WARN  | local-tagion: Sender not found
1673363444 | WARN  | local-tagion: Sender not found
1673363445 | WARN  | local-tagion: Sender not found
1673363449 | WARN  | local-tagion: Sender not found
1673363450 | WARN  | local-tagion: Sender not found
1673363451 | WARN  | local-tagion: Sender not found
1673363453 | WARN  | local-tagion: Sender not found
1673363457 | WARN  | local-tagion: Sender not found
1673363458 | WARN  | local-tagion: Sender not found
1673363459 | WARN  | local-tagion: Sender not found
1673363460 | WARN  | local-tagion: Sender not found
1673363461 | WARN  | local-tagion: Sender not found
1673363461 | WARN  | local-tagion: Sender not found
1673363462 | WARN  | local-tagion: Sender not found
1673363465 | WARN  | local-tagion: Sender not found
1673363465 | WARN  | local-tagion: Sender not found
1673363466 | WARN  | local-tagion: Sender not found
1673363467 | WARN  | local-tagion: Sender not found
1673363469 | WARN  | local-tagion: Sender not found
1673363469 | WARN  | local-tagion: Sender not found
1673363473 | WARN  | local-tagion: Sender not found
