Waiting for logger
Logger started
Register: tagionwave logger

Register: heartbeat logger

Register: local-tagion logger

Register: discovery logger

Register: discovery-internal logger

Register: dart.sync logger

Register: tagion.dart logger

1673362826 | ERROR | dart.sync: Connection failed with code: InternalError
1673362826 | ERROR | dart.sync: Connection failed with code: InternalError
1673362826 | ERROR | dart.sync: Connection failed with code: InternalError
1673362826 | ERROR | dart.sync: Connection failed with code: InternalError
1673362826 | ERROR | dart.sync: Connection failed with code: InternalError
1673362826 | ERROR | dart.sync: Connection failed with code: InternalError
1673362826 | ERROR | dart.sync: Connection failed with code: InternalError
1673362826 | ERROR | dart.sync: Connection failed with code: InternalError
Register: epoch-dump-task logger

Register: transcript logger

Register: collector logger

Register: trans_server logger

Register: trans_response logger

1673362828 | WARN  | local-tagion: Sender not found
1673362830 | WARN  | local-tagion: Sender not found
1673362830 | WARN  | local-tagion: Sender not found
1673362832 | WARN  | local-tagion: Sender not found
1673362834 | WARN  | local-tagion: Sender not found
1673362835 | WARN  | local-tagion: Sender not found
1673362836 | WARN  | local-tagion: Sender not found
1673362837 | WARN  | local-tagion: Sender not found
1673362838 | WARN  | local-tagion: Sender not found
1673362839 | WARN  | local-tagion: Sender not found
1673362841 | WARN  | local-tagion: Sender not found
1673362843 | WARN  | local-tagion: Sender not found
1673362848 | WARN  | local-tagion: Sender not found
1673362849 | WARN  | local-tagion: Sender not found
1673362852 | WARN  | local-tagion: Sender not found
1673362853 | WARN  | local-tagion: Sender not found
1673362854 | WARN  | local-tagion: Sender not found
1673362854 | WARN  | local-tagion: Sender not found
1673362857 | WARN  | local-tagion: Sender not found
1673362858 | WARN  | local-tagion: Sender not found
1673362862 | WARN  | local-tagion: Sender not found
1673362865 | WARN  | local-tagion: Sender not found
1673362866 | WARN  | local-tagion: Sender not found
1673362866 | WARN  | local-tagion: Sender not found
1673362867 | WARN  | local-tagion: Sender not found
1673362870 | WARN  | local-tagion: Sender not found
1673362872 | WARN  | local-tagion: Sender not found
1673362873 | WARN  | local-tagion: Sender not found
1673362874 | WARN  | local-tagion: Sender not found
1673362874 | WARN  | local-tagion: Sender not found
1673362878 | WARN  | local-tagion: Sender not found
1673362878 | WARN  | local-tagion: Sender not found
1673362881 | WARN  | local-tagion: Sender not found
1673362883 | WARN  | local-tagion: Sender not found
1673362886 | WARN  | local-tagion: Sender not found
1673362890 | WARN  | local-tagion: Sender not found
1673362893 | WARN  | local-tagion: Sender not found
1673362894 | WARN  | local-tagion: Sender not found
1673362896 | WARN  | local-tagion: Sender not found
1673362897 | WARN  | local-tagion: Sender not found
1673362898 | WARN  | local-tagion: Sender not found
1673362898 | WARN  | local-tagion: Sender not found
1673362899 | WARN  | local-tagion: Sender not found
1673362901 | WARN  | local-tagion: Sender not found
1673362902 | WARN  | local-tagion: Sender not found
1673362902 | WARN  | local-tagion: Sender not found
1673362903 | WARN  | local-tagion: Sender not found
1673362904 | WARN  | local-tagion: Sender not found
1673362906 | WARN  | local-tagion: Sender not found
1673362908 | WARN  | local-tagion: Sender not found
1673362910 | WARN  | local-tagion: Sender not found
1673362914 | WARN  | local-tagion: Sender not found
1673362915 | WARN  | local-tagion: Sender not found
1673362916 | WARN  | local-tagion: Sender not found
1673362918 | WARN  | local-tagion: Sender not found
1673362919 | WARN  | local-tagion: Sender not found
1673362921 | WARN  | local-tagion: Sender not found
1673362922 | WARN  | local-tagion: Sender not found
1673362929 | WARN  | local-tagion: Sender not found
1673362936 | WARN  | local-tagion: Sender not found
1673362937 | WARN  | local-tagion: Sender not found
1673362938 | WARN  | local-tagion: Sender not found
1673362938 | WARN  | local-tagion: Sender not found
1673362939 | WARN  | local-tagion: Sender not found
1673362940 | WARN  | local-tagion: Sender not found
1673362941 | WARN  | local-tagion: Sender not found
1673362942 | WARN  | local-tagion: Sender not found
1673362942 | WARN  | local-tagion: Sender not found
1673362943 | WARN  | local-tagion: Sender not found
1673362944 | WARN  | local-tagion: Sender not found
1673362945 | WARN  | local-tagion: Sender not found
1673362946 | WARN  | local-tagion: Sender not found
1673362946 | WARN  | local-tagion: Sender not found
1673362947 | WARN  | local-tagion: Sender not found
1673362948 | WARN  | local-tagion: Sender not found
1673362950 | WARN  | local-tagion: Sender not found
1673362950 | WARN  | local-tagion: Sender not found
1673362952 | WARN  | local-tagion: Sender not found
1673362953 | WARN  | local-tagion: Sender not found
1673362954 | WARN  | local-tagion: Sender not found
1673362955 | WARN  | local-tagion: Sender not found
1673362956 | WARN  | local-tagion: Sender not found
1673362957 | WARN  | local-tagion: Sender not found
1673362959 | WARN  | local-tagion: Sender not found
1673362960 | WARN  | local-tagion: Sender not found
1673362963 | WARN  | local-tagion: Sender not found
1673362964 | WARN  | local-tagion: Sender not found
1673362965 | WARN  | local-tagion: Sender not found
1673362966 | WARN  | local-tagion: Sender not found
1673362968 | WARN  | local-tagion: Sender not found
1673362969 | WARN  | local-tagion: Sender not found
1673362970 | WARN  | local-tagion: Sender not found
1673362970 | WARN  | local-tagion: Sender not found
1673362971 | WARN  | local-tagion: Sender not found
1673362972 | WARN  | local-tagion: Sender not found
1673362974 | WARN  | local-tagion: Sender not found
1673362975 | WARN  | local-tagion: Sender not found
1673362977 | WARN  | local-tagion: Sender not found
1673362978 | WARN  | local-tagion: Sender not found
1673362978 | WARN  | local-tagion: Sender not found
1673362980 | WARN  | local-tagion: Sender not found
1673362982 | WARN  | local-tagion: Sender not found
1673362982 | WARN  | local-tagion: Sender not found
1673362986 | WARN  | local-tagion: Sender not found
1673362986 | WARN  | local-tagion: Sender not found
1673362989 | WARN  | local-tagion: Sender not found
1673362990 | WARN  | local-tagion: Sender not found
1673362994 | WARN  | local-tagion: Sender not found
1673362994 | WARN  | local-tagion: Sender not found
1673362995 | WARN  | local-tagion: Sender not found
1673362996 | WARN  | local-tagion: Sender not found
1673362998 | WARN  | local-tagion: Sender not found
1673362999 | WARN  | local-tagion: Sender not found
1673363000 | WARN  | local-tagion: Sender not found
1673363001 | WARN  | local-tagion: Sender not found
1673363002 | WARN  | local-tagion: Sender not found
1673363003 | WARN  | local-tagion: Sender not found
1673363005 | WARN  | local-tagion: Sender not found
1673363006 | WARN  | local-tagion: Sender not found
1673363008 | WARN  | local-tagion: Sender not found
1673363014 | WARN  | local-tagion: Sender not found
1673363014 | WARN  | local-tagion: Sender not found
1673363015 | WARN  | local-tagion: Sender not found
1673363016 | WARN  | local-tagion: Sender not found
1673363017 | WARN  | local-tagion: Sender not found
1673363018 | WARN  | local-tagion: Sender not found
1673363021 | WARN  | local-tagion: Sender not found
1673363022 | WARN  | local-tagion: Sender not found
1673363023 | WARN  | local-tagion: Sender not found
1673363026 | WARN  | local-tagion: Sender not found
1673363028 | WARN  | local-tagion: Sender not found
1673363029 | WARN  | local-tagion: Sender not found
1673363030 | WARN  | local-tagion: Sender not found
1673363031 | WARN  | local-tagion: Sender not found
1673363031 | WARN  | local-tagion: Sender not found
1673363035 | WARN  | local-tagion: Sender not found
1673363035 | WARN  | local-tagion: Sender not found
1673363043 | WARN  | local-tagion: Sender not found
1673363045 | WARN  | local-tagion: Sender not found
1673363047 | WARN  | local-tagion: Sender not found
1673363048 | WARN  | local-tagion: Sender not found
1673363051 | WARN  | local-tagion: Sender not found
1673363052 | WARN  | local-tagion: Sender not found
1673363054 | WARN  | local-tagion: Sender not found
1673363055 | WARN  | local-tagion: Sender not found
1673363056 | WARN  | local-tagion: Sender not found
1673363057 | WARN  | local-tagion: Sender not found
1673363059 | WARN  | local-tagion: Sender not found
1673363060 | WARN  | local-tagion: Sender not found
1673363062 | WARN  | local-tagion: Sender not found
1673363070 | WARN  | local-tagion: Sender not found
1673363072 | WARN  | local-tagion: Sender not found
1673363074 | WARN  | local-tagion: Sender not found
1673363075 | WARN  | local-tagion: Sender not found
1673363078 | WARN  | local-tagion: Sender not found
1673363079 | WARN  | local-tagion: Sender not found
1673363079 | WARN  | local-tagion: Sender not found
1673363081 | WARN  | local-tagion: Sender not found
1673363082 | WARN  | local-tagion: Sender not found
1673363083 | WARN  | local-tagion: Sender not found
1673363084 | WARN  | local-tagion: Sender not found
1673363087 | WARN  | local-tagion: Sender not found
1673363087 | WARN  | local-tagion: Sender not found
1673363088 | WARN  | local-tagion: Sender not found
1673363090 | WARN  | local-tagion: Sender not found
1673363093 | WARN  | local-tagion: Sender not found
1673363095 | WARN  | local-tagion: Sender not found
1673363096 | WARN  | local-tagion: Sender not found
1673363099 | WARN  | local-tagion: Sender not found
1673363099 | WARN  | local-tagion: Sender not found
1673363103 | WARN  | local-tagion: Sender not found
1673363105 | WARN  | local-tagion: Sender not found
1673363106 | WARN  | local-tagion: Sender not found
1673363108 | WARN  | local-tagion: Sender not found
1673363111 | WARN  | local-tagion: Sender not found
1673363112 | WARN  | local-tagion: Sender not found
1673363116 | WARN  | local-tagion: Sender not found
1673363118 | WARN  | local-tagion: Sender not found
1673363122 | WARN  | local-tagion: Sender not found
1673363123 | WARN  | local-tagion: Sender not found
1673363124 | WARN  | local-tagion: Sender not found
1673363126 | WARN  | local-tagion: Sender not found
1673363127 | WARN  | local-tagion: Sender not found
1673363129 | WARN  | local-tagion: Sender not found
1673363131 | WARN  | local-tagion: Sender not found
1673363134 | WARN  | local-tagion: Sender not found
1673363136 | WARN  | local-tagion: Sender not found
1673363137 | WARN  | local-tagion: Sender not found
1673363140 | WARN  | local-tagion: Sender not found
1673363142 | WARN  | local-tagion: Sender not found
1673363146 | WARN  | local-tagion: Sender not found
1673363147 | WARN  | local-tagion: Sender not found
1673363149 | WARN  | local-tagion: Sender not found
1673363151 | WARN  | local-tagion: Sender not found
1673363151 | WARN  | local-tagion: Sender not found
1673363154 | WARN  | local-tagion: Sender not found
1673363155 | WARN  | local-tagion: Sender not found
1673363155 | WARN  | local-tagion: Sender not found
1673363157 | WARN  | local-tagion: Sender not found
1673363158 | WARN  | local-tagion: Sender not found
1673363160 | WARN  | local-tagion: Sender not found
1673363161 | WARN  | local-tagion: Sender not found
1673363162 | WARN  | local-tagion: Sender not found
1673363165 | WARN  | local-tagion: Sender not found
1673363166 | WARN  | local-tagion: Sender not found
1673363167 | WARN  | local-tagion: Sender not found
1673363168 | WARN  | local-tagion: Sender not found
1673363170 | WARN  | local-tagion: Sender not found
1673363171 | WARN  | local-tagion: Sender not found
1673363173 | WARN  | local-tagion: Sender not found
1673363175 | WARN  | local-tagion: Sender not found
1673363177 | WARN  | local-tagion: Sender not found
1673363178 | WARN  | local-tagion: Sender not found
1673363180 | WARN  | local-tagion: Sender not found
1673363181 | WARN  | local-tagion: Sender not found
1673363183 | WARN  | local-tagion: Sender not found
1673363184 | WARN  | local-tagion: Sender not found
1673363185 | WARN  | local-tagion: Sender not found
1673363186 | WARN  | local-tagion: Sender not found
1673363187 | WARN  | local-tagion: Sender not found
1673363191 | WARN  | local-tagion: Sender not found
1673363194 | WARN  | local-tagion: Sender not found
1673363195 | WARN  | local-tagion: Sender not found
1673363195 | WARN  | local-tagion: Sender not found
1673363199 | WARN  | local-tagion: Sender not found
1673363199 | WARN  | local-tagion: Sender not found
1673363200 | WARN  | local-tagion: Sender not found
1673363201 | WARN  | local-tagion: Sender not found
1673363203 | WARN  | local-tagion: Sender not found
1673363207 | WARN  | local-tagion: Sender not found
1673363210 | WARN  | local-tagion: Sender not found
1673363212 | WARN  | local-tagion: Sender not found
1673363213 | WARN  | local-tagion: Sender not found
1673363220 | WARN  | local-tagion: Sender not found
1673363222 | WARN  | local-tagion: Sender not found
1673363223 | WARN  | local-tagion: Sender not found
1673363224 | WARN  | local-tagion: Sender not found
1673363225 | WARN  | local-tagion: Sender not found
1673363226 | WARN  | local-tagion: Sender not found
1673363227 | WARN  | local-tagion: Sender not found
1673363227 | WARN  | local-tagion: Sender not found
1673363229 | WARN  | local-tagion: Sender not found
1673363230 | WARN  | local-tagion: Sender not found
1673363231 | WARN  | local-tagion: Sender not found
1673363234 | WARN  | local-tagion: Sender not found
1673363242 | WARN  | local-tagion: Sender not found
1673363243 | WARN  | local-tagion: Sender not found
1673363243 | WARN  | local-tagion: Sender not found
1673363246 | WARN  | local-tagion: Sender not found
1673363247 | WARN  | local-tagion: Sender not found
1673363260 | WARN  | local-tagion: Sender not found
1673363261 | WARN  | local-tagion: Sender not found
1673363262 | WARN  | local-tagion: Sender not found
1673363264 | WARN  | local-tagion: Sender not found
1673363266 | WARN  | local-tagion: Sender not found
1673363267 | WARN  | local-tagion: Sender not found
1673363270 | WARN  | local-tagion: Sender not found
1673363272 | WARN  | local-tagion: Sender not found
1673363274 | WARN  | local-tagion: Sender not found
1673363275 | WARN  | local-tagion: Sender not found
1673363276 | WARN  | local-tagion: Sender not found
1673363277 | WARN  | local-tagion: Sender not found
1673363278 | WARN  | local-tagion: Sender not found
1673363279 | WARN  | local-tagion: Sender not found
1673363279 | WARN  | local-tagion: Sender not found
1673363283 | WARN  | local-tagion: Sender not found
1673363284 | WARN  | local-tagion: Sender not found
1673363286 | WARN  | local-tagion: Sender not found
1673363287 | WARN  | local-tagion: Sender not found
1673363287 | WARN  | local-tagion: Sender not found
1673363292 | WARN  | local-tagion: Sender not found
1673363294 | WARN  | local-tagion: Sender not found
1673363296 | WARN  | local-tagion: Sender not found
1673363297 | WARN  | local-tagion: Sender not found
1673363298 | WARN  | local-tagion: Sender not found
1673363299 | WARN  | local-tagion: Sender not found
1673363300 | WARN  | local-tagion: Sender not found
1673363301 | WARN  | local-tagion: Sender not found
1673363303 | WARN  | local-tagion: Sender not found
1673363303 | WARN  | local-tagion: Sender not found
1673363304 | WARN  | local-tagion: Sender not found
1673363305 | WARN  | local-tagion: Sender not found
1673363309 | WARN  | local-tagion: Sender not found
1673363310 | WARN  | local-tagion: Sender not found
1673363311 | WARN  | local-tagion: Sender not found
1673363313 | WARN  | local-tagion: Sender not found
1673363314 | WARN  | local-tagion: Sender not found
1673363316 | WARN  | local-tagion: Sender not found
1673363319 | WARN  | local-tagion: Sender not found
1673363319 | WARN  | local-tagion: Sender not found
1673363320 | WARN  | local-tagion: Sender not found
1673363323 | WARN  | local-tagion: Sender not found
1673363324 | WARN  | local-tagion: Sender not found
1673363325 | WARN  | local-tagion: Sender not found
1673363326 | WARN  | local-tagion: Sender not found
1673363327 | WARN  | local-tagion: Sender not found
1673363329 | WARN  | local-tagion: Sender not found
1673363330 | WARN  | local-tagion: Sender not found
1673363331 | WARN  | local-tagion: Sender not found
1673363331 | WARN  | local-tagion: Sender not found
1673363333 | WARN  | local-tagion: Sender not found
1673363335 | WARN  | local-tagion: Sender not found
1673363336 | WARN  | local-tagion: Sender not found
1673363343 | WARN  | local-tagion: Sender not found
1673363343 | WARN  | local-tagion: Sender not found
1673363345 | WARN  | local-tagion: Sender not found
1673363348 | WARN  | local-tagion: Sender not found
1673363350 | WARN  | local-tagion: Sender not found
1673363352 | WARN  | local-tagion: Sender not found
1673363353 | WARN  | local-tagion: Sender not found
1673363355 | WARN  | local-tagion: Sender not found
1673363357 | WARN  | local-tagion: Sender not found
1673363358 | WARN  | local-tagion: Sender not found
1673363359 | WARN  | local-tagion: Sender not found
1673363360 | WARN  | local-tagion: Sender not found
1673363362 | WARN  | local-tagion: Sender not found
1673363364 | WARN  | local-tagion: Sender not found
1673363366 | WARN  | local-tagion: Sender not found
1673363367 | WARN  | local-tagion: Sender not found
1673363368 | WARN  | local-tagion: Sender not found
1673363370 | WARN  | local-tagion: Sender not found
1673363373 | WARN  | local-tagion: Sender not found
1673363375 | WARN  | local-tagion: Sender not found
1673363377 | WARN  | local-tagion: Sender not found
1673363379 | WARN  | local-tagion: Sender not found
1673363381 | WARN  | local-tagion: Sender not found
1673363382 | WARN  | local-tagion: Sender not found
1673363383 | WARN  | local-tagion: Sender not found
1673363387 | WARN  | local-tagion: Sender not found
1673363389 | WARN  | local-tagion: Sender not found
1673363390 | WARN  | local-tagion: Sender not found
1673363393 | WARN  | local-tagion: Sender not found
1673363394 | WARN  | local-tagion: Sender not found
1673363395 | WARN  | local-tagion: Sender not found
1673363396 | WARN  | local-tagion: Sender not found
1673363401 | WARN  | local-tagion: Sender not found
1673363402 | WARN  | local-tagion: Sender not found
1673363403 | WARN  | local-tagion: Sender not found
1673363403 | WARN  | local-tagion: Sender not found
1673363404 | WARN  | local-tagion: Sender not found
1673363405 | WARN  | local-tagion: Sender not found
1673363407 | WARN  | local-tagion: Sender not found
1673363413 | WARN  | local-tagion: Sender not found
1673363415 | WARN  | local-tagion: Sender not found
1673363416 | WARN  | local-tagion: Sender not found
1673363417 | WARN  | local-tagion: Sender not found
1673363419 | WARN  | local-tagion: Sender not found
1673363421 | WARN  | local-tagion: Sender not found
1673363425 | WARN  | local-tagion: Sender not found
1673363426 | WARN  | local-tagion: Sender not found
1673363427 | WARN  | local-tagion: Sender not found
1673363427 | WARN  | local-tagion: Sender not found
1673363428 | WARN  | local-tagion: Sender not found
1673363431 | WARN  | local-tagion: Sender not found
1673363434 | WARN  | local-tagion: Sender not found
1673363438 | WARN  | local-tagion: Sender not found
1673363439 | WARN  | local-tagion: Sender not found
1673363440 | WARN  | local-tagion: Sender not found
1673363441 | WARN  | local-tagion: Sender not found
1673363443 | WARN  | local-tagion: Sender not found
1673363444 | WARN  | local-tagion: Sender not found
1673363446 | WARN  | local-tagion: Sender not found
1673363447 | WARN  | local-tagion: Sender not found
1673363451 | WARN  | local-tagion: Sender not found
1673363452 | WARN  | local-tagion: Sender not found
1673363453 | WARN  | local-tagion: Sender not found
1673363455 | WARN  | local-tagion: Sender not found
